CPU USED: 
model name	: Intel(R) Xeon(R) CPU E5-2699 v4 @ 2.20GHz
Thu Feb 17 11:22:51 EST 2022
Found following tiles (24):
[1884, 1899, 2045, 2064, 2070, 2071, 2072, 2077, 2180, 2183, 2187, 2190, 2191, 2193, 2311, 2320, 2330, 2337, 2383, 2389, 2447, 2474, 2475, 2476]
-- Working on SEGUE-1 / 1884
... Reading in data
... Building SEGUE SkyCoords
... Finiding which mcats are needed
... Need 1 mcat files
... Read in /n/holystore01/LABS/conroy_lab/Lab/gaia/edr3/gall2/catalogs/gall2_EDR3_b-20.0_-15.0.fits.gz
... Generate SkyCoords
... Do search
... writing acat file: /n/holystore01/LABS/conroy_lab/Lab/SEGUE//SEGUE-1/1884/acat.fits
 -- Finished SEGUE-1 / 1884 : Time = 0:05:41.140215
-- Working on SEGUE-1 / 1899
... Reading in data
... Building SEGUE SkyCoords
... Finiding which mcats are needed
... Need 1 mcat files
... Read in /n/holystore01/LABS/conroy_lab/Lab/gaia/edr3/gall2/catalogs/gall2_EDR3_b-90.0_-45.0.fits.gz
... Generate SkyCoords
... Do search
... writing acat file: /n/holystore01/LABS/conroy_lab/Lab/SEGUE//SEGUE-1/1899/acat.fits
 -- Finished SEGUE-1 / 1899 : Time = 0:02:24.020552
-- Working on SEGUE-1 / 2045
... Reading in data
... Building SEGUE SkyCoords
... Finiding which mcats are needed
... Need 1 mcat files
... Read in /n/holystore01/LABS/conroy_lab/Lab/gaia/edr3/gall2/catalogs/gall2_EDR3_b-90.0_-45.0.fits.gz
... Generate SkyCoords
... Do search
... writing acat file: /n/holystore01/LABS/conroy_lab/Lab/SEGUE//SEGUE-1/2045/acat.fits
 -- Finished SEGUE-1 / 2045 : Time = 0:02:19.887759
-- Working on SEGUE-1 / 2064
... Reading in data
... Building SEGUE SkyCoords
... Finiding which mcats are needed
... Need 1 mcat files
... Read in /n/holystore01/LABS/conroy_lab/Lab/gaia/edr3/gall2/catalogs/gall2_EDR3_b-45.0_-35.0.fits.gz
... Generate SkyCoords
... Do search
... writing acat file: /n/holystore01/LABS/conroy_lab/Lab/SEGUE//SEGUE-1/2064/acat.fits
 -- Finished SEGUE-1 / 2064 : Time = 0:02:28.775933
-- Working on SEGUE-1 / 2070
... Reading in data
... Building SEGUE SkyCoords
... Finiding which mcats are needed
... Need 2 mcat files
... Read in /n/holystore01/LABS/conroy_lab/Lab/gaia/edr3/gall2/catalogs/gall2_EDR3_b-90.0_-45.0.fits.gz
... Generate SkyCoords
... Do search
... Read in /n/holystore01/LABS/conroy_lab/Lab/gaia/edr3/gall2/catalogs/gall2_EDR3_b-45.0_-35.0.fits.gz
... Generate SkyCoords
... Do search
... writing acat file: /n/holystore01/LABS/conroy_lab/Lab/SEGUE//SEGUE-1/2070/acat.fits
 -- Finished SEGUE-1 / 2070 : Time = 0:04:44.391247
-- Working on SEGUE-1 / 2071
... Reading in data
... Building SEGUE SkyCoords
... Finiding which mcats are needed
... Need 1 mcat files
... Read in /n/holystore01/LABS/conroy_lab/Lab/gaia/edr3/gall2/catalogs/gall2_EDR3_b-45.0_-35.0.fits.gz
... Generate SkyCoords
... Do search
... writing acat file: /n/holystore01/LABS/conroy_lab/Lab/SEGUE//SEGUE-1/2071/acat.fits
 -- Finished SEGUE-1 / 2071 : Time = 0:02:25.156186
-- Working on SEGUE-1 / 2072
... Reading in data
... Building SEGUE SkyCoords
... Finiding which mcats are needed
... Need 1 mcat files
... Read in /n/holystore01/LABS/conroy_lab/Lab/gaia/edr3/gall2/catalogs/gall2_EDR3_b-20.0_-15.0.fits.gz
... Generate SkyCoords
... Do search
... writing acat file: /n/holystore01/LABS/conroy_lab/Lab/SEGUE//SEGUE-1/2072/acat.fits
 -- Finished SEGUE-1 / 2072 : Time = 0:05:38.886742
-- Working on SEGUE-1 / 2077
... Reading in data
... Building SEGUE SkyCoords
... Finiding which mcats are needed
... Need 2 mcat files
... Read in /n/holystore01/LABS/conroy_lab/Lab/gaia/edr3/gall2/catalogs/gall2_EDR3_b+15.0_+20.0.fits.gz
... Generate SkyCoords
... Do search
... Read in /n/holystore01/LABS/conroy_lab/Lab/gaia/edr3/gall2/catalogs/gall2_EDR3_b+20.0_+25.0.fits.gz
... Generate SkyCoords
... Do search
... writing acat file: /n/holystore01/LABS/conroy_lab/Lab/SEGUE//SEGUE-1/2077/acat.fits
 -- Finished SEGUE-1 / 2077 : Time = 0:07:37.243903
-- Working on SEGUE-1 / 2180
... Reading in data
... Building SEGUE SkyCoords
... Finiding which mcats are needed
... Need 2 mcat files
... Read in /n/holystore01/LABS/conroy_lab/Lab/gaia/edr3/gall2/catalogs/gall2_EDR3_b+25.0_+35.0.fits.gz
... Generate SkyCoords
... Do search
... Read in /n/holystore01/LABS/conroy_lab/Lab/gaia/edr3/gall2/catalogs/gall2_EDR3_b+35.0_+45.0.fits.gz
... Generate SkyCoords
... Do search
... writing acat file: /n/holystore01/LABS/conroy_lab/Lab/SEGUE//SEGUE-1/2180/acat.fits
 -- Finished SEGUE-1 / 2180 : Time = 0:05:00.448166
-- Working on SEGUE-1 / 2183
... Reading in data
... Building SEGUE SkyCoords
... Finiding which mcats are needed
... Need 2 mcat files
... Read in /n/holystore01/LABS/conroy_lab/Lab/gaia/edr3/gall2/catalogs/gall2_EDR3_b+20.0_+25.0.fits.gz
... Generate SkyCoords
... Do search
... Read in /n/holystore01/LABS/conroy_lab/Lab/gaia/edr3/gall2/catalogs/gall2_EDR3_b+25.0_+35.0.fits.gz
... Generate SkyCoords
... Do search
... writing acat file: /n/holystore01/LABS/conroy_lab/Lab/SEGUE//SEGUE-1/2183/acat.fits
 -- Finished SEGUE-1 / 2183 : Time = 0:06:02.514641
-- Working on SEGUE-1 / 2187
... Reading in data
... Building SEGUE SkyCoords
... Finiding which mcats are needed
... Need 2 mcat files
... Read in /n/holystore01/LABS/conroy_lab/Lab/gaia/edr3/gall2/catalogs/gall2_EDR3_b+35.0_+45.0.fits.gz
... Generate SkyCoords
... Do search
... Read in /n/holystore01/LABS/conroy_lab/Lab/gaia/edr3/gall2/catalogs/gall2_EDR3_b+45.0_+90.0.fits.gz
... Generate SkyCoords
... Do search
... writing acat file: /n/holystore01/LABS/conroy_lab/Lab/SEGUE//SEGUE-1/2187/acat.fits
 -- Finished SEGUE-1 / 2187 : Time = 0:04:01.397905
-- Working on SEGUE-1 / 2190
... Reading in data
... Building SEGUE SkyCoords
... Finiding which mcats are needed
... Need 2 mcat files
... Read in /n/holystore01/LABS/conroy_lab/Lab/gaia/edr3/gall2/catalogs/gall2_EDR3_b+15.0_+20.0.fits.gz
... Generate SkyCoords
... Do search
... Read in /n/holystore01/LABS/conroy_lab/Lab/gaia/edr3/gall2/catalogs/gall2_EDR3_b+20.0_+25.0.fits.gz
... Generate SkyCoords
... Do search
... writing acat file: /n/holystore01/LABS/conroy_lab/Lab/SEGUE//SEGUE-1/2190/acat.fits
 -- Finished SEGUE-1 / 2190 : Time = 0:07:32.543702
-- Working on SEGUE-1 / 2191
... Reading in data
... Building SEGUE SkyCoords
... Finiding which mcats are needed
... Need 2 mcat files
... Read in /n/holystore01/LABS/conroy_lab/Lab/gaia/edr3/gall2/catalogs/gall2_EDR3_b+25.0_+35.0.fits.gz
... Generate SkyCoords
... Do search
... Read in /n/holystore01/LABS/conroy_lab/Lab/gaia/edr3/gall2/catalogs/gall2_EDR3_b+35.0_+45.0.fits.gz
... Generate SkyCoords
... Do search
... writing acat file: /n/holystore01/LABS/conroy_lab/Lab/SEGUE//SEGUE-1/2191/acat.fits
 -- Finished SEGUE-1 / 2191 : Time = 0:04:56.280181
-- Working on SEGUE-1 / 2193
... Reading in data
... Building SEGUE SkyCoords
... Finiding which mcats are needed
... Need 1 mcat files
... Read in /n/holystore01/LABS/conroy_lab/Lab/gaia/edr3/gall2/catalogs/gall2_EDR3_b+25.0_+35.0.fits.gz
... Generate SkyCoords
... Do search
... writing acat file: /n/holystore01/LABS/conroy_lab/Lab/SEGUE//SEGUE-1/2193/acat.fits
 -- Finished SEGUE-1 / 2193 : Time = 0:03:14.953795
-- Working on SEGUE-1 / 2311
... Reading in data
... Building SEGUE SkyCoords
... Finiding which mcats are needed
... Need 1 mcat files
... Read in /n/holystore01/LABS/conroy_lab/Lab/gaia/edr3/gall2/catalogs/gall2_EDR3_b-90.0_-45.0.fits.gz
... Generate SkyCoords
... Do search
... writing acat file: /n/holystore01/LABS/conroy_lab/Lab/SEGUE//SEGUE-1/2311/acat.fits
 -- Finished SEGUE-1 / 2311 : Time = 0:02:21.562211
-- Working on SEGUE-1 / 2320
... Reading in data
... Building SEGUE SkyCoords
... Finiding which mcats are needed
... Need 1 mcat files
... Read in /n/holystore01/LABS/conroy_lab/Lab/gaia/edr3/gall2/catalogs/gall2_EDR3_b-45.0_-35.0.fits.gz
... Generate SkyCoords
... Do search
... writing acat file: /n/holystore01/LABS/conroy_lab/Lab/SEGUE//SEGUE-1/2320/acat.fits
 -- Finished SEGUE-1 / 2320 : Time = 0:02:29.042191
-- Working on SEGUE-1 / 2330
... Reading in data
... Building SEGUE SkyCoords
... Finiding which mcats are needed
... Need 1 mcat files
... Read in /n/holystore01/LABS/conroy_lab/Lab/gaia/edr3/gall2/catalogs/gall2_EDR3_b+25.0_+35.0.fits.gz
... Generate SkyCoords
... Do search
... writing acat file: /n/holystore01/LABS/conroy_lab/Lab/SEGUE//SEGUE-1/2330/acat.fits
 -- Finished SEGUE-1 / 2330 : Time = 0:03:14.045081
-- Working on SEGUE-1 / 2337
... Reading in data
... Building SEGUE SkyCoords
... Finiding which mcats are needed
... Need 2 mcat files
... Read in /n/holystore01/LABS/conroy_lab/Lab/gaia/edr3/gall2/catalogs/gall2_EDR3_b+20.0_+25.0.fits.gz
... Generate SkyCoords
... Do search
... Read in /n/holystore01/LABS/conroy_lab/Lab/gaia/edr3/gall2/catalogs/gall2_EDR3_b+25.0_+35.0.fits.gz
... Generate SkyCoords
... Do search
... writing acat file: /n/holystore01/LABS/conroy_lab/Lab/SEGUE//SEGUE-1/2337/acat.fits
 -- Finished SEGUE-1 / 2337 : Time = 0:06:06.958619
-- Working on SEGUE-1 / 2383
... Reading in data
... Building SEGUE SkyCoords
... Finiding which mcats are needed
... Need 2 mcat files
... Read in /n/holystore01/LABS/conroy_lab/Lab/gaia/edr3/gall2/catalogs/gall2_EDR3_b+35.0_+45.0.fits.gz
... Generate SkyCoords
... Do search
... Read in /n/holystore01/LABS/conroy_lab/Lab/gaia/edr3/gall2/catalogs/gall2_EDR3_b+45.0_+90.0.fits.gz
... Generate SkyCoords
... Do search
... writing acat file: /n/holystore01/LABS/conroy_lab/Lab/SEGUE//SEGUE-1/2383/acat.fits
 -- Finished SEGUE-1 / 2383 : Time = 0:04:01.846167
-- Working on SEGUE-1 / 2389
... Reading in data
... Building SEGUE SkyCoords
... Finiding which mcats are needed
... Need 1 mcat files
... Read in /n/holystore01/LABS/conroy_lab/Lab/gaia/edr3/gall2/catalogs/gall2_EDR3_b+45.0_+90.0.fits.gz
... Generate SkyCoords
... Do search
... writing acat file: /n/holystore01/LABS/conroy_lab/Lab/SEGUE//SEGUE-1/2389/acat.fits
 -- Finished SEGUE-1 / 2389 : Time = 0:02:17.439202
-- Working on SEGUE-1 / 2447
... Reading in data
... Building SEGUE SkyCoords
... Finiding which mcats are needed
... Need 1 mcat files
... Read in /n/holystore01/LABS/conroy_lab/Lab/gaia/edr3/gall2/catalogs/gall2_EDR3_b+45.0_+90.0.fits.gz
... Generate SkyCoords
... Do search
... writing acat file: /n/holystore01/LABS/conroy_lab/Lab/SEGUE//SEGUE-1/2447/acat.fits
 -- Finished SEGUE-1 / 2447 : Time = 0:02:17.679256
-- Working on SEGUE-1 / 2474
... Reading in data
... Building SEGUE SkyCoords
... Finiding which mcats are needed
... Need 1 mcat files
... Read in /n/holystore01/LABS/conroy_lab/Lab/gaia/edr3/gall2/catalogs/gall2_EDR3_b+45.0_+90.0.fits.gz
... Generate SkyCoords
... Do search
... writing acat file: /n/holystore01/LABS/conroy_lab/Lab/SEGUE//SEGUE-1/2474/acat.fits
 -- Finished SEGUE-1 / 2474 : Time = 0:02:17.440413
-- Working on SEGUE-1 / 2475
... Reading in data
... Building SEGUE SkyCoords
... Finiding which mcats are needed
... Need 1 mcat files
... Read in /n/holystore01/LABS/conroy_lab/Lab/gaia/edr3/gall2/catalogs/gall2_EDR3_b+45.0_+90.0.fits.gz
... Generate SkyCoords
... Do search
... writing acat file: /n/holystore01/LABS/conroy_lab/Lab/SEGUE//SEGUE-1/2475/acat.fits
 -- Finished SEGUE-1 / 2475 : Time = 0:02:17.438870
-- Working on SEGUE-1 / 2476
... Reading in data
... Building SEGUE SkyCoords
... Finiding which mcats are needed
... Need 1 mcat files
... Read in /n/holystore01/LABS/conroy_lab/Lab/gaia/edr3/gall2/catalogs/gall2_EDR3_b+45.0_+90.0.fits.gz
... Generate SkyCoords
... Do search
... writing acat file: /n/holystore01/LABS/conroy_lab/Lab/SEGUE//SEGUE-1/2476/acat.fits
 -- Finished SEGUE-1 / 2476 : Time = 0:02:17.397186
