CPU USED: 
model name	: Intel(R) Xeon(R) CPU E5-2699 v4 @ 2.20GHz
Thu Feb 17 11:21:52 EST 2022
Found following tiles (24):
[2714, 2716, 2728, 2796, 2807, 2829, 2857, 2858, 2869, 2876, 2877, 2892, 2894, 2898, 2899, 2901, 2903, 2905, 2907, 2909, 2927, 2940, 2944, 2964]
-- Working on SEGUE-1 / 2714
... Reading in data
... Building SEGUE SkyCoords
... Finiding which mcats are needed
... Need 1 mcat files
... Read in /n/holystore01/LABS/conroy_lab/Lab/gaia/edr3/gall2/catalogs/gall2_EDR3_b+20.0_+25.0.fits.gz
... Generate SkyCoords
... Do search
... writing acat file: /n/holystore01/LABS/conroy_lab/Lab/SEGUE//SEGUE-1/2714/acat.fits
 -- Finished SEGUE-1 / 2714 : Time = 0:02:51.213477
-- Working on SEGUE-1 / 2716
... Reading in data
... Building SEGUE SkyCoords
... Finiding which mcats are needed
... Need 1 mcat files
... Read in /n/holystore01/LABS/conroy_lab/Lab/gaia/edr3/gall2/catalogs/gall2_EDR3_b+45.0_+90.0.fits.gz
... Generate SkyCoords
... Do search
... writing acat file: /n/holystore01/LABS/conroy_lab/Lab/SEGUE//SEGUE-1/2716/acat.fits
 -- Finished SEGUE-1 / 2716 : Time = 0:02:16.764028
-- Working on SEGUE-1 / 2728
... Reading in data
... Building SEGUE SkyCoords
... Finiding which mcats are needed
... Need 2 mcat files
... Read in /n/holystore01/LABS/conroy_lab/Lab/gaia/edr3/gall2/catalogs/gall2_EDR3_b+12.0_+15.0.fits.gz
... Generate SkyCoords
... Do search
... Read in /n/holystore01/LABS/conroy_lab/Lab/gaia/edr3/gall2/catalogs/gall2_EDR3_b+15.0_+20.0.fits.gz
... Generate SkyCoords
... Do search
... writing acat file: /n/holystore01/LABS/conroy_lab/Lab/SEGUE//SEGUE-1/2728/acat.fits
 -- Finished SEGUE-1 / 2728 : Time = 0:09:19.982312
-- Working on SEGUE-1 / 2796
... Reading in data
... Building SEGUE SkyCoords
... Finiding which mcats are needed
... Need 1 mcat files
... Read in /n/holystore01/LABS/conroy_lab/Lab/gaia/edr3/gall2/catalogs/gall2_EDR3_b+25.0_+35.0.fits.gz
... Generate SkyCoords
... Do search
... writing acat file: /n/holystore01/LABS/conroy_lab/Lab/SEGUE//SEGUE-1/2796/acat.fits
 -- Finished SEGUE-1 / 2796 : Time = 0:03:10.234622
-- Working on SEGUE-1 / 2807
... Reading in data
... Building SEGUE SkyCoords
... Finiding which mcats are needed
... Need 2 mcat files
... Read in /n/holystore01/LABS/conroy_lab/Lab/gaia/edr3/gall2/catalogs/gall2_EDR3_b+15.0_+20.0.fits.gz
... Generate SkyCoords
... Do search
... Read in /n/holystore01/LABS/conroy_lab/Lab/gaia/edr3/gall2/catalogs/gall2_EDR3_b+20.0_+25.0.fits.gz
... Generate SkyCoords
... Do search
... writing acat file: /n/holystore01/LABS/conroy_lab/Lab/SEGUE//SEGUE-1/2807/acat.fits
 -- Finished SEGUE-1 / 2807 : Time = 0:07:14.314218
-- Working on SEGUE-1 / 2829
... Reading in data
... Building SEGUE SkyCoords
... Finiding which mcats are needed
... Need 2 mcat files
... Read in /n/holystore01/LABS/conroy_lab/Lab/gaia/edr3/gall2/catalogs/gall2_EDR3_b+25.0_+35.0.fits.gz
... Generate SkyCoords
... Do search
... Read in /n/holystore01/LABS/conroy_lab/Lab/gaia/edr3/gall2/catalogs/gall2_EDR3_b+35.0_+45.0.fits.gz
... Generate SkyCoords
... Do search
... writing acat file: /n/holystore01/LABS/conroy_lab/Lab/SEGUE//SEGUE-1/2829/acat.fits
 -- Finished SEGUE-1 / 2829 : Time = 0:04:46.953812
-- Working on SEGUE-1 / 2857
... Reading in data
... Building SEGUE SkyCoords
... Finiding which mcats are needed
... Need 1 mcat files
... Read in /n/holystore01/LABS/conroy_lab/Lab/gaia/edr3/gall2/catalogs/gall2_EDR3_b+45.0_+90.0.fits.gz
... Generate SkyCoords
... Do search
... writing acat file: /n/holystore01/LABS/conroy_lab/Lab/SEGUE//SEGUE-1/2857/acat.fits
 -- Finished SEGUE-1 / 2857 : Time = 0:02:13.193181
-- Working on SEGUE-1 / 2858
... Reading in data
... Building SEGUE SkyCoords
... Finiding which mcats are needed
... Need 1 mcat files
... Read in /n/holystore01/LABS/conroy_lab/Lab/gaia/edr3/gall2/catalogs/gall2_EDR3_b+45.0_+90.0.fits.gz
... Generate SkyCoords
... Do search
... writing acat file: /n/holystore01/LABS/conroy_lab/Lab/SEGUE//SEGUE-1/2858/acat.fits
 -- Finished SEGUE-1 / 2858 : Time = 0:02:13.113881
-- Working on SEGUE-1 / 2869
... Reading in data
... Building SEGUE SkyCoords
... Finiding which mcats are needed
... Need 1 mcat files
... Read in /n/holystore01/LABS/conroy_lab/Lab/gaia/edr3/gall2/catalogs/gall2_EDR3_b+45.0_+90.0.fits.gz
... Generate SkyCoords
... Do search
... writing acat file: /n/holystore01/LABS/conroy_lab/Lab/SEGUE//SEGUE-1/2869/acat.fits
 -- Finished SEGUE-1 / 2869 : Time = 0:02:14.176727
-- Working on SEGUE-1 / 2876
... Reading in data
... Building SEGUE SkyCoords
... Finiding which mcats are needed
... Need 1 mcat files
... Read in /n/holystore01/LABS/conroy_lab/Lab/gaia/edr3/gall2/catalogs/gall2_EDR3_b+45.0_+90.0.fits.gz
... Generate SkyCoords
... Do search
... writing acat file: /n/holystore01/LABS/conroy_lab/Lab/SEGUE//SEGUE-1/2876/acat.fits
 -- Finished SEGUE-1 / 2876 : Time = 0:02:13.650009
-- Working on SEGUE-1 / 2877
... Reading in data
... Building SEGUE SkyCoords
... Finiding which mcats are needed
... Need 1 mcat files
... Read in /n/holystore01/LABS/conroy_lab/Lab/gaia/edr3/gall2/catalogs/gall2_EDR3_b+45.0_+90.0.fits.gz
... Generate SkyCoords
... Do search
... writing acat file: /n/holystore01/LABS/conroy_lab/Lab/SEGUE//SEGUE-1/2877/acat.fits
 -- Finished SEGUE-1 / 2877 : Time = 0:02:13.633014
-- Working on SEGUE-1 / 2892
... Reading in data
... Building SEGUE SkyCoords
... Finiding which mcats are needed
... Need 1 mcat files
... Read in /n/holystore01/LABS/conroy_lab/Lab/gaia/edr3/gall2/catalogs/gall2_EDR3_b+45.0_+90.0.fits.gz
... Generate SkyCoords
... Do search
... writing acat file: /n/holystore01/LABS/conroy_lab/Lab/SEGUE//SEGUE-1/2892/acat.fits
 -- Finished SEGUE-1 / 2892 : Time = 0:02:13.800960
-- Working on SEGUE-1 / 2894
... Reading in data
... Building SEGUE SkyCoords
... Finiding which mcats are needed
... Need 1 mcat files
... Read in /n/holystore01/LABS/conroy_lab/Lab/gaia/edr3/gall2/catalogs/gall2_EDR3_b+45.0_+90.0.fits.gz
... Generate SkyCoords
... Do search
... writing acat file: /n/holystore01/LABS/conroy_lab/Lab/SEGUE//SEGUE-1/2894/acat.fits
 -- Finished SEGUE-1 / 2894 : Time = 0:02:13.696481
-- Working on SEGUE-1 / 2898
... Reading in data
... Building SEGUE SkyCoords
... Finiding which mcats are needed
... Need 1 mcat files
... Read in /n/holystore01/LABS/conroy_lab/Lab/gaia/edr3/gall2/catalogs/gall2_EDR3_b+45.0_+90.0.fits.gz
... Generate SkyCoords
... Do search
... writing acat file: /n/holystore01/LABS/conroy_lab/Lab/SEGUE//SEGUE-1/2898/acat.fits
 -- Finished SEGUE-1 / 2898 : Time = 0:02:13.441577
-- Working on SEGUE-1 / 2899
... Reading in data
... Building SEGUE SkyCoords
... Finiding which mcats are needed
... Need 1 mcat files
... Read in /n/holystore01/LABS/conroy_lab/Lab/gaia/edr3/gall2/catalogs/gall2_EDR3_b+45.0_+90.0.fits.gz
... Generate SkyCoords
... Do search
... writing acat file: /n/holystore01/LABS/conroy_lab/Lab/SEGUE//SEGUE-1/2899/acat.fits
 -- Finished SEGUE-1 / 2899 : Time = 0:02:13.755407
-- Working on SEGUE-1 / 2901
... Reading in data
... Building SEGUE SkyCoords
... Finiding which mcats are needed
... Need 1 mcat files
... Read in /n/holystore01/LABS/conroy_lab/Lab/gaia/edr3/gall2/catalogs/gall2_EDR3_b+45.0_+90.0.fits.gz
... Generate SkyCoords
... Do search
... writing acat file: /n/holystore01/LABS/conroy_lab/Lab/SEGUE//SEGUE-1/2901/acat.fits
 -- Finished SEGUE-1 / 2901 : Time = 0:02:14.529077
-- Working on SEGUE-1 / 2903
... Reading in data
... Building SEGUE SkyCoords
... Finiding which mcats are needed
... Need 1 mcat files
... Read in /n/holystore01/LABS/conroy_lab/Lab/gaia/edr3/gall2/catalogs/gall2_EDR3_b+45.0_+90.0.fits.gz
... Generate SkyCoords
... Do search
... writing acat file: /n/holystore01/LABS/conroy_lab/Lab/SEGUE//SEGUE-1/2903/acat.fits
 -- Finished SEGUE-1 / 2903 : Time = 0:02:12.947108
-- Working on SEGUE-1 / 2905
... Reading in data
... Building SEGUE SkyCoords
... Finiding which mcats are needed
... Need 1 mcat files
... Read in /n/holystore01/LABS/conroy_lab/Lab/gaia/edr3/gall2/catalogs/gall2_EDR3_b+45.0_+90.0.fits.gz
... Generate SkyCoords
... Do search
... writing acat file: /n/holystore01/LABS/conroy_lab/Lab/SEGUE//SEGUE-1/2905/acat.fits
 -- Finished SEGUE-1 / 2905 : Time = 0:02:12.940644
-- Working on SEGUE-1 / 2907
... Reading in data
... Building SEGUE SkyCoords
... Finiding which mcats are needed
... Need 1 mcat files
... Read in /n/holystore01/LABS/conroy_lab/Lab/gaia/edr3/gall2/catalogs/gall2_EDR3_b+45.0_+90.0.fits.gz
... Generate SkyCoords
... Do search
... writing acat file: /n/holystore01/LABS/conroy_lab/Lab/SEGUE//SEGUE-1/2907/acat.fits
 -- Finished SEGUE-1 / 2907 : Time = 0:02:13.736338
-- Working on SEGUE-1 / 2909
... Reading in data
... Building SEGUE SkyCoords
... Finiding which mcats are needed
... Need 1 mcat files
... Read in /n/holystore01/LABS/conroy_lab/Lab/gaia/edr3/gall2/catalogs/gall2_EDR3_b+45.0_+90.0.fits.gz
... Generate SkyCoords
... Do search
... writing acat file: /n/holystore01/LABS/conroy_lab/Lab/SEGUE//SEGUE-1/2909/acat.fits
 -- Finished SEGUE-1 / 2909 : Time = 0:02:13.955705
-- Working on SEGUE-1 / 2927
... Reading in data
... Building SEGUE SkyCoords
... Finiding which mcats are needed
... Need 1 mcat files
... Read in /n/holystore01/LABS/conroy_lab/Lab/gaia/edr3/gall2/catalogs/gall2_EDR3_b+45.0_+90.0.fits.gz
... Generate SkyCoords
... Do search
... writing acat file: /n/holystore01/LABS/conroy_lab/Lab/SEGUE//SEGUE-1/2927/acat.fits
 -- Finished SEGUE-1 / 2927 : Time = 0:02:13.604874
-- Working on SEGUE-1 / 2940
... Reading in data
... Building SEGUE SkyCoords
... Finiding which mcats are needed
... Need 2 mcat files
... Read in /n/holystore01/LABS/conroy_lab/Lab/gaia/edr3/gall2/catalogs/gall2_EDR3_b+15.0_+20.0.fits.gz
... Generate SkyCoords
... Do search
... Read in /n/holystore01/LABS/conroy_lab/Lab/gaia/edr3/gall2/catalogs/gall2_EDR3_b+20.0_+25.0.fits.gz
... Generate SkyCoords
... Do search
... writing acat file: /n/holystore01/LABS/conroy_lab/Lab/SEGUE//SEGUE-1/2940/acat.fits
 -- Finished SEGUE-1 / 2940 : Time = 0:07:14.269451
-- Working on SEGUE-1 / 2944
... Reading in data
... Building SEGUE SkyCoords
... Finiding which mcats are needed
... Need 1 mcat files
... Read in /n/holystore01/LABS/conroy_lab/Lab/gaia/edr3/gall2/catalogs/gall2_EDR3_b+25.0_+35.0.fits.gz
... Generate SkyCoords
... Do search
... writing acat file: /n/holystore01/LABS/conroy_lab/Lab/SEGUE//SEGUE-1/2944/acat.fits
 -- Finished SEGUE-1 / 2944 : Time = 0:03:06.443922
-- Working on SEGUE-1 / 2964
... Reading in data
... Building SEGUE SkyCoords
... Finiding which mcats are needed
... Need 1 mcat files
... Read in /n/holystore01/LABS/conroy_lab/Lab/gaia/edr3/gall2/catalogs/gall2_EDR3_b+45.0_+90.0.fits.gz
... Generate SkyCoords
... Do search
... writing acat file: /n/holystore01/LABS/conroy_lab/Lab/SEGUE//SEGUE-1/2964/acat.fits
 -- Finished SEGUE-1 / 2964 : Time = 0:02:13.771769
