starting script
-----------
Big Catalog: gall2_EDR3_b+10.0_+12.0.fits.gz
10.0 12.0
output table has 222 rows now
-----------
Big Catalog: gall2_EDR3_b-25.0_-20.0.fits.gz
-25.0 -20.0
output table has 260 rows now
-----------
Big Catalog: gall2_EDR3_b-08.0_-07.0.fits.gz
-8.0 -7.0
output table has 11 rows now
-----------
Big Catalog: gall2_EDR3_b+15.0_+20.0.fits.gz
15.0 20.0
output table has 310 rows now
-----------
Big Catalog: gall2_EDR3_b-35.0_-33.0.fits.gz
-35.0 -33.0
output table has 119 rows now
-----------
Big Catalog: gall2_EDR3_b+45.0_+90.0.fits.gz
45.0 90.0
output table has 1796 rows now
-----------
Big Catalog: gall2_EDR3_b+05.0_+06.0.fits.gz
5.0 6.0
output table has 13 rows now
-----------
Big Catalog: gall2_EDR3_b+09.0_+10.0.fits.gz
9.0 10.0
output table has 112 rows now
-----------
Big Catalog: gall2_EDR3_b-32.0_-30.0.fits.gz
-32.0 -30.0
output table has 87 rows now
-----------
Big Catalog: gall2_EDR3_b-15.0_-12.0.fits.gz
-15.0 -12.0
output table has 137 rows now
-----------
Big Catalog: gall2_EDR3_b-30.0_-25.0.fits.gz
-30.0 -25.0
output table has 72 rows now
-----------
Big Catalog: gall2_EDR3_b+07.0_+08.0.fits.gz
7.0 8.0
output table has 13 rows now
-----------
Big Catalog: gall2_EDR3_b-09.0_-08.0.fits.gz
-9.0 -8.0
output table has 17 rows now
-----------
Big Catalog: gall2_EDR3_b-12.0_-10.0.fits.gz
-12.0 -10.0
output table has 41 rows now
-----------
Big Catalog: gall2_EDR3_b-20.0_-15.0.fits.gz
-20.0 -15.0
output table has 330 rows now
-----------
Big Catalog: gall2_EDR3_b-45.0_-35.0.fits.gz
-45.0 -35.0
output table has 110 rows now
-----------
Big Catalog: gall2_EDR3_b+20.0_+25.0.fits.gz
20.0 25.0
output table has 427 rows now
-----------
Big Catalog: gall2_EDR3_b+12.0_+15.0.fits.gz
12.0 15.0
output table has 170 rows now
-----------
Big Catalog: gall2_EDR3_b+35.0_+45.0.fits.gz
35.0 45.0
output table has 1417 rows now
-----------
Big Catalog: gall2_EDR3_b+08.0_+09.0.fits.gz
8.0 9.0
output table has 67 rows now
-----------
Big Catalog: gall2_EDR3_b+25.0_+35.0.fits.gz
25.0 35.0
output table has 3792 rows now
-----------
Big Catalog: gall2_EDR3_b+06.0_+07.0.fits.gz
6.0 7.0
output table has 19 rows now
-----------
Big Catalog: gall2_EDR3_b-90.0_-45.0.fits.gz
-90.0 -45.0
output table has 173 rows now
-----------
Big Catalog: gall2_EDR3_b-07.0_-06.0.fits.gz
-7.0 -6.0
output table has 7 rows now
-----------
Big Catalog: gall2_EDR3_b-06.0_-05.0.fits.gz
-6.0 -5.0
