spectro redux directory already exists
There are 10433 spectra from 13 cartons
['mwm_halo_bb_boss', 'mwm_halo_sm_boss', 'openfibertargets_nov2020_5', 'openfibertargets_nov2020_6a', 'openfibertargets_nov2020_6b', 'openfibertargets_nov2020_6c', 'openfibertargets_nov2020_25', 'openfibertargets_nov2020_28a', 'openfibertargets_nov2020_28b', 'openfibertargets_nov2020_28c', 'openfibertargets_nov2020_35a', 'openfibertargets_nov2020_35b', 'openfibertargets_nov2020_35c']
0
mwm_halo_bb_boss
downloading mwm_halo_bb_boss carton: 1851 spectra
mwm_halo_bb_boss dir already exists
0 done...
100 done...
200 done...
300 done...
400 done...
500 done...
600 done...
700 done...
800 done...
900 done...
1000 done...
1100 done...
1200 done...
1300 done...
1400 done...
1500 done...
1600 done...
1700 done...
1800 done...
Total took 0.5s
