spectro redux directory already exists
There are 30720 spectra from 13 cartons
['mwm_halo_bb_boss', 'mwm_halo_sm_boss', 'openfibertargets_nov2020_5', 'openfibertargets_nov2020_6a', 'openfibertargets_nov2020_6b', 'openfibertargets_nov2020_6c', 'openfibertargets_nov2020_25', 'openfibertargets_nov2020_28a', 'openfibertargets_nov2020_28b', 'openfibertargets_nov2020_28c', 'openfibertargets_nov2020_35a', 'openfibertargets_nov2020_35b', 'openfibertargets_nov2020_35c']
2
openfibertargets_nov2020_5
downloading openfibertargets_nov2020_5 carton: 391 spectra
openfibertargets_nov2020_5 dir already exists
0 done...
spectrum /n/holyscratch01/conroy_lab/vchandra/sdss5/spectra/v6_0_9/openfibertargets_nov2020_5/spec-100142-59879-27021597925986145.fits exists, skipping...
spectrum /n/holyscratch01/conroy_lab/vchandra/sdss5/spectra/v6_0_9/openfibertargets_nov2020_5/spec-100142-59879-27021597925995931.fits exists, skipping...
spectrum /n/holyscratch01/conroy_lab/vchandra/sdss5/spectra/v6_0_9/openfibertargets_nov2020_5/spec-100516-59845-27021598711867066.fits exists, skipping...
spectrum /n/holyscratch01/conroy_lab/vchandra/sdss5/spectra/v6_0_9/openfibertargets_nov2020_5/spec-100516-59845-27021598711945873.fits exists, skipping...
spectrum /n/holyscratch01/conroy_lab/vchandra/sdss5/spectra/v6_0_9/openfibertargets_nov2020_5/spec-100516-59845-27021598712230898.fits exists, skipping...
spectrum /n/holyscratch01/conroy_lab/vchandra/sdss5/spectra/v6_0_9/openfibertargets_nov2020_5/spec-100543-59737-27021598713979570.fits exists, skipping...
spectrum /n/holyscratch01/conroy_lab/vchandra/sdss5/spectra/v6_0_9/openfibertargets_nov2020_5/spec-100544-59736-27021598712775135.fits exists, skipping...
spectrum /n/holyscratch01/conroy_lab/vchandra/sdss5/spectra/v6_0_9/openfibertargets_nov2020_5/spec-100544-59736-27021598713031728.fits exists, skipping...
spectrum /n/holyscratch01/conroy_lab/vchandra/sdss5/spectra/v6_0_9/openfibertargets_nov2020_5/spec-100544-59736-27021598713086267.fits exists, skipping...
spectrum /n/holyscratch01/conroy_lab/vchandra/sdss5/spectra/v6_0_9/openfibertargets_nov2020_5/spec-100547-59845-27021598693868822.fits exists, skipping...
spectrum /n/holyscratch01/conroy_lab/vchandra/sdss5/spectra/v6_0_9/openfibertargets_nov2020_5/spec-100558-59840-27021598689766001.fits exists, skipping...
spectrum /n/holyscratch01/conroy_lab/vchandra/sdss5/spectra/v6_0_9/openfibertargets_nov2020_5/spec-100558-59840-27021598691815453.fits exists, skipping...
spectrum /n/holyscratch01/conroy_lab/vchandra/sdss5/spectra/v6_0_9/openfibertargets_nov2020_5/spec-100558-59840-27021598692460128.fits exists, skipping...
spectrum /n/holyscratch01/conroy_lab/vchandra/sdss5/spectra/v6_0_9/openfibertargets_nov2020_5/spec-100980-59838-27021598723293110.fits exists, skipping...
spectrum /n/holyscratch01/conroy_lab/vchandra/sdss5/spectra/v6_0_9/openfibertargets_nov2020_5/spec-101002-59734-27021598723697087.fits exists, skipping...
spectrum /n/holyscratch01/conroy_lab/vchandra/sdss5/spectra/v6_0_9/openfibertargets_nov2020_5/spec-101002-59734-27021598724326773.fits exists, skipping...
spectrum /n/holyscratch01/conroy_lab/vchandra/sdss5/spectra/v6_0_9/openfibertargets_nov2020_5/spec-101002-59734-27021598724338209.fits exists, skipping...
spectrum /n/holyscratch01/conroy_lab/vchandra/sdss5/spectra/v6_0_9/openfibertargets_nov2020_5/spec-101002-59734-27021598724434040.fits exists, skipping...
spectrum /n/holyscratch01/conroy_lab/vchandra/sdss5/spectra/v6_0_9/openfibertargets_nov2020_5/spec-101002-59734-27021598724440238.fits exists, skipping...
spectrum /n/holyscratch01/conroy_lab/vchandra/sdss5/spectra/v6_0_9/openfibertargets_nov2020_5/spec-101002-59734-27021598864863076.fits exists, skipping...
spectrum /n/holyscratch01/conroy_lab/vchandra/sdss5/spectra/v6_0_9/openfibertargets_nov2020_5/spec-101012-59820-27021598720937899.fits exists, skipping...
spectrum /n/holyscratch01/conroy_lab/vchandra/sdss5/spectra/v6_0_9/openfibertargets_nov2020_5/spec-101012-59820-27021598720961048.fits exists, skipping...
spectrum /n/holyscratch01/conroy_lab/vchandra/sdss5/spectra/v6_0_9/openfibertargets_nov2020_5/spec-101012-59820-27021598720971620.fits exists, skipping...
spectrum /n/holyscratch01/conroy_lab/vchandra/sdss5/spectra/v6_0_9/openfibertargets_nov2020_5/spec-101012-59820-27021598721519601.fits exists, skipping...
spectrum /n/holyscratch01/conroy_lab/vchandra/sdss5/spectra/v6_0_9/openfibertargets_nov2020_5/spec-101012-59820-27021598722460165.fits exists, skipping...
spectrum /n/holyscratch01/conroy_lab/vchandra/sdss5/spectra/v6_0_9/openfibertargets_nov2020_5/spec-101012-59820-27021598723713593.fits exists, skipping...
spectrum /n/holyscratch01/conroy_lab/vchandra/sdss5/spectra/v6_0_9/openfibertargets_nov2020_5/spec-101015-59740-27021598724589657.fits exists, skipping...
spectrum /n/holyscratch01/conroy_lab/vchandra/sdss5/spectra/v6_0_9/openfibertargets_nov2020_5/spec-101015-59740-27021598724662825.fits exists, skipping...
spectrum /n/holyscratch01/conroy_lab/vchandra/sdss5/spectra/v6_0_9/openfibertargets_nov2020_5/spec-101015-59740-27021598724664289.fits exists, skipping...
spectrum /n/holyscratch01/conroy_lab/vchandra/sdss5/spectra/v6_0_9/openfibertargets_nov2020_5/spec-101015-59741-27021598724589657.fits exists, skipping...
spectrum /n/holyscratch01/conroy_lab/vchandra/sdss5/spectra/v6_0_9/openfibertargets_nov2020_5/spec-101015-59741-27021598724662825.fits exists, skipping...
spectrum /n/holyscratch01/conroy_lab/vchandra/sdss5/spectra/v6_0_9/openfibertargets_nov2020_5/spec-101015-59741-27021598724664289.fits exists, skipping...
spectrum /n/holyscratch01/conroy_lab/vchandra/sdss5/spectra/v6_0_9/openfibertargets_nov2020_5/spec-101027-59839-27021598721589707.fits exists, skipping...
spectrum /n/holyscratch01/conroy_lab/vchandra/sdss5/spectra/v6_0_9/openfibertargets_nov2020_5/spec-101027-59839-27021598721592836.fits exists, skipping...
spectrum /n/holyscratch01/conroy_lab/vchandra/sdss5/spectra/v6_0_9/openfibertargets_nov2020_5/spec-101027-59839-27021598721610073.fits exists, skipping...
spectrum /n/holyscratch01/conroy_lab/vchandra/sdss5/spectra/v6_0_9/openfibertargets_nov2020_5/spec-101027-59839-27021598721758546.fits exists, skipping...
spectrum /n/holyscratch01/conroy_lab/vchandra/sdss5/spectra/v6_0_9/openfibertargets_nov2020_5/spec-101027-59839-27021598721761530.fits exists, skipping...
spectrum /n/holyscratch01/conroy_lab/vchandra/sdss5/spectra/v6_0_9/openfibertargets_nov2020_5/spec-101027-59839-27021598723974369.fits exists, skipping...
spectrum /n/holyscratch01/conroy_lab/vchandra/sdss5/spectra/v6_0_9/openfibertargets_nov2020_5/spec-101043-59844-27021598725011597.fits exists, skipping...
spectrum /n/holyscratch01/conroy_lab/vchandra/sdss5/spectra/v6_0_9/openfibertargets_nov2020_5/spec-101043-59844-27021598725503146.fits exists, skipping...
spectrum /n/holyscratch01/conroy_lab/vchandra/sdss5/spectra/v6_0_9/openfibertargets_nov2020_5/spec-101043-59844-27021598725514325.fits exists, skipping...
spectrum /n/holyscratch01/conroy_lab/vchandra/sdss5/spectra/v6_0_9/openfibertargets_nov2020_5/spec-101044-59794-27021598725563785.fits exists, skipping...
spectrum /n/holyscratch01/conroy_lab/vchandra/sdss5/spectra/v6_0_9/openfibertargets_nov2020_5/spec-101044-59794-27021598725584620.fits exists, skipping...
spectrum /n/holyscratch01/conroy_lab/vchandra/sdss5/spectra/v6_0_9/openfibertargets_nov2020_5/spec-101044-59794-27021598725601564.fits exists, skipping...
spectrum /n/holyscratch01/conroy_lab/vchandra/sdss5/spectra/v6_0_9/openfibertargets_nov2020_5/spec-101044-59794-27021598725640543.fits exists, skipping...
spectrum /n/holyscratch01/conroy_lab/vchandra/sdss5/spectra/v6_0_9/openfibertargets_nov2020_5/spec-101044-59794-27021598725675451.fits exists, skipping...
spectrum /n/holyscratch01/conroy_lab/vchandra/sdss5/spectra/v6_0_9/openfibertargets_nov2020_5/spec-101044-59794-27021598725724168.fits exists, skipping...
spectrum /n/holyscratch01/conroy_lab/vchandra/sdss5/spectra/v6_0_9/openfibertargets_nov2020_5/spec-101044-59817-27021598725563785.fits exists, skipping...
spectrum /n/holyscratch01/conroy_lab/vchandra/sdss5/spectra/v6_0_9/openfibertargets_nov2020_5/spec-101044-59817-27021598725632021.fits exists, skipping...
spectrum /n/holyscratch01/conroy_lab/vchandra/sdss5/spectra/v6_0_9/openfibertargets_nov2020_5/spec-101044-59817-27021598725724168.fits exists, skipping...
spectrum /n/holyscratch01/conroy_lab/vchandra/sdss5/spectra/v6_0_9/openfibertargets_nov2020_5/spec-101045-59763-27021598725953618.fits exists, skipping...
spectrum /n/holyscratch01/conroy_lab/vchandra/sdss5/spectra/v6_0_9/openfibertargets_nov2020_5/spec-101045-59763-27021598725965696.fits exists, skipping...
spectrum /n/holyscratch01/conroy_lab/vchandra/sdss5/spectra/v6_0_9/openfibertargets_nov2020_5/spec-101045-59763-27021598725970976.fits exists, skipping...
spectrum /n/holyscratch01/conroy_lab/vchandra/sdss5/spectra/v6_0_9/openfibertargets_nov2020_5/spec-101045-59763-27021598726013860.fits exists, skipping...
spectrum /n/holyscratch01/conroy_lab/vchandra/sdss5/spectra/v6_0_9/openfibertargets_nov2020_5/spec-101045-59763-27021598726017456.fits exists, skipping...
spectrum /n/holyscratch01/conroy_lab/vchandra/sdss5/spectra/v6_0_9/openfibertargets_nov2020_5/spec-101045-59763-27021598726036489.fits exists, skipping...
spectrum /n/holyscratch01/conroy_lab/vchandra/sdss5/spectra/v6_0_9/openfibertargets_nov2020_5/spec-101046-59789-27021598873978201.fits exists, skipping...
spectrum /n/holyscratch01/conroy_lab/vchandra/sdss5/spectra/v6_0_9/openfibertargets_nov2020_5/spec-101046-59789-27021598874422845.fits exists, skipping...
spectrum /n/holyscratch01/conroy_lab/vchandra/sdss5/spectra/v6_0_9/openfibertargets_nov2020_5/spec-101047-59846-27021598874489864.fits exists, skipping...
spectrum /n/holyscratch01/conroy_lab/vchandra/sdss5/spectra/v6_0_9/openfibertargets_nov2020_5/spec-101057-59847-27021598725125002.fits exists, skipping...
spectrum /n/holyscratch01/conroy_lab/vchandra/sdss5/spectra/v6_0_9/openfibertargets_nov2020_5/spec-101057-59847-27021598725158014.fits exists, skipping...
spectrum /n/holyscratch01/conroy_lab/vchandra/sdss5/spectra/v6_0_9/openfibertargets_nov2020_5/spec-101057-59847-27021598725664950.fits exists, skipping...
spectrum /n/holyscratch01/conroy_lab/vchandra/sdss5/spectra/v6_0_9/openfibertargets_nov2020_5/spec-101058-59840-27021598725755390.fits exists, skipping...
spectrum /n/holyscratch01/conroy_lab/vchandra/sdss5/spectra/v6_0_9/openfibertargets_nov2020_5/spec-101058-59840-27021598726085458.fits exists, skipping...
spectrum /n/holyscratch01/conroy_lab/vchandra/sdss5/spectra/v6_0_9/openfibertargets_nov2020_5/spec-101058-59840-27021598726120875.fits exists, skipping...
spectrum /n/holyscratch01/conroy_lab/vchandra/sdss5/spectra/v6_0_9/openfibertargets_nov2020_5/spec-101058-59840-27021598726126063.fits exists, skipping...
spectrum /n/holyscratch01/conroy_lab/vchandra/sdss5/spectra/v6_0_9/openfibertargets_nov2020_5/spec-101058-59840-27021598726139125.fits exists, skipping...
spectrum /n/holyscratch01/conroy_lab/vchandra/sdss5/spectra/v6_0_9/openfibertargets_nov2020_5/spec-101059-59797-27021598726004628.fits exists, skipping...
spectrum /n/holyscratch01/conroy_lab/vchandra/sdss5/spectra/v6_0_9/openfibertargets_nov2020_5/spec-101059-59797-27021598726272680.fits exists, skipping...
spectrum /n/holyscratch01/conroy_lab/vchandra/sdss5/spectra/v6_0_9/openfibertargets_nov2020_5/spec-101059-59797-27021598726275049.fits exists, skipping...
spectrum /n/holyscratch01/conroy_lab/vchandra/sdss5/spectra/v6_0_9/openfibertargets_nov2020_5/spec-101059-59797-27021598726297495.fits exists, skipping...
spectrum /n/holyscratch01/conroy_lab/vchandra/sdss5/spectra/v6_0_9/openfibertargets_nov2020_5/spec-101059-59797-27021598726316356.fits exists, skipping...
spectrum /n/holyscratch01/conroy_lab/vchandra/sdss5/spectra/v6_0_9/openfibertargets_nov2020_5/spec-101059-59797-27021598726396476.fits exists, skipping...
spectrum /n/holyscratch01/conroy_lab/vchandra/sdss5/spectra/v6_0_9/openfibertargets_nov2020_5/spec-101060-59840-27021598874545766.fits exists, skipping...
spectrum /n/holyscratch01/conroy_lab/vchandra/sdss5/spectra/v6_0_9/openfibertargets_nov2020_5/spec-101066-59866-27021597935113926.fits exists, skipping...
spectrum /n/holyscratch01/conroy_lab/vchandra/sdss5/spectra/v6_0_9/openfibertargets_nov2020_5/spec-101066-59866-27021597935119305.fits exists, skipping...
spectrum /n/holyscratch01/conroy_lab/vchandra/sdss5/spectra/v6_0_9/openfibertargets_nov2020_5/spec-101067-59847-27021597926547637.fits exists, skipping...
spectrum /n/holyscratch01/conroy_lab/vchandra/sdss5/spectra/v6_0_9/openfibertargets_nov2020_5/spec-101067-59847-27021597935135625.fits exists, skipping...
spectrum /n/holyscratch01/conroy_lab/vchandra/sdss5/spectra/v6_0_9/openfibertargets_nov2020_5/spec-101067-59847-27021597935144147.fits exists, skipping...
spectrum /n/holyscratch01/conroy_lab/vchandra/sdss5/spectra/v6_0_9/openfibertargets_nov2020_5/spec-101067-59847-27021597935146369.fits exists, skipping...
spectrum /n/holyscratch01/conroy_lab/vchandra/sdss5/spectra/v6_0_9/openfibertargets_nov2020_5/spec-101067-59847-27021597935152377.fits exists, skipping...
spectrum /n/holyscratch01/conroy_lab/vchandra/sdss5/spectra/v6_0_9/openfibertargets_nov2020_5/spec-101067-59847-27021597935156095.fits exists, skipping...
spectrum /n/holyscratch01/conroy_lab/vchandra/sdss5/spectra/v6_0_9/openfibertargets_nov2020_5/spec-101067-59847-27021597935160928.fits exists, skipping...
spectrum /n/holyscratch01/conroy_lab/vchandra/sdss5/spectra/v6_0_9/openfibertargets_nov2020_5/spec-101067-59847-27021597935164265.fits exists, skipping...
spectrum /n/holyscratch01/conroy_lab/vchandra/sdss5/spectra/v6_0_9/openfibertargets_nov2020_5/spec-101067-59847-27021597935176314.fits exists, skipping...
spectrum /n/holyscratch01/conroy_lab/vchandra/sdss5/spectra/v6_0_9/openfibertargets_nov2020_5/spec-101068-59866-27021598725409790.fits exists, skipping...
spectrum /n/holyscratch01/conroy_lab/vchandra/sdss5/spectra/v6_0_9/openfibertargets_nov2020_5/spec-101073-59847-27021597934913388.fits exists, skipping...
spectrum /n/holyscratch01/conroy_lab/vchandra/sdss5/spectra/v6_0_9/openfibertargets_nov2020_5/spec-101073-59847-27021597935101674.fits exists, skipping...
spectrum /n/holyscratch01/conroy_lab/vchandra/sdss5/spectra/v6_0_9/openfibertargets_nov2020_5/spec-101076-59872-27021597926068445.fits exists, skipping...
spectrum /n/holyscratch01/conroy_lab/vchandra/sdss5/spectra/v6_0_9/openfibertargets_nov2020_5/spec-101076-59872-27021597926085747.fits exists, skipping...
spectrum /n/holyscratch01/conroy_lab/vchandra/sdss5/spectra/v6_0_9/openfibertargets_nov2020_5/spec-101076-59872-27021597926094736.fits exists, skipping...
spectrum /n/holyscratch01/conroy_lab/vchandra/sdss5/spectra/v6_0_9/openfibertargets_nov2020_5/spec-101076-59872-27021598726196148.fits exists, skipping...
spectrum /n/holyscratch01/conroy_lab/vchandra/sdss5/spectra/v6_0_9/openfibertargets_nov2020_5/spec-101077-59845-27021597926101608.fits exists, skipping...
spectrum /n/holyscratch01/conroy_lab/vchandra/sdss5/spectra/v6_0_9/openfibertargets_nov2020_5/spec-101077-59845-27021597926116612.fits exists, skipping...
spectrum /n/holyscratch01/conroy_lab/vchandra/sdss5/spectra/v6_0_9/openfibertargets_nov2020_5/spec-101077-59845-27021597926181777.fits exists, skipping...
spectrum /n/holyscratch01/conroy_lab/vchandra/sdss5/spectra/v6_0_9/openfibertargets_nov2020_5/spec-101077-59845-27021597926182269.fits exists, skipping...
spectrum /n/holyscratch01/conroy_lab/vchandra/sdss5/spectra/v6_0_9/openfibertargets_nov2020_5/spec-101077-59845-27021597926198203.fits exists, skipping...
spectrum /n/holyscratch01/conroy_lab/vchandra/sdss5/spectra/v6_0_9/openfibertargets_nov2020_5/spec-101077-59845-27021597926251976.fits exists, skipping...
spectrum /n/holyscratch01/conroy_lab/vchandra/sdss5/spectra/v6_0_9/openfibertargets_nov2020_5/spec-101077-59845-27021597926257566.fits exists, skipping...
spectrum /n/holyscratch01/conroy_lab/vchandra/sdss5/spectra/v6_0_9/openfibertargets_nov2020_5/spec-101078-59762-27021597926280546.fits exists, skipping...
100 done...
spectrum /n/holyscratch01/conroy_lab/vchandra/sdss5/spectra/v6_0_9/openfibertargets_nov2020_5/spec-101078-59762-27021597926286872.fits exists, skipping...
spectrum /n/holyscratch01/conroy_lab/vchandra/sdss5/spectra/v6_0_9/openfibertargets_nov2020_5/spec-101078-59762-27021597934858227.fits exists, skipping...
spectrum /n/holyscratch01/conroy_lab/vchandra/sdss5/spectra/v6_0_9/openfibertargets_nov2020_5/spec-101079-59764-27021597926180037.fits exists, skipping...
spectrum /n/holyscratch01/conroy_lab/vchandra/sdss5/spectra/v6_0_9/openfibertargets_nov2020_5/spec-101079-59764-27021597926272718.fits exists, skipping...
spectrum /n/holyscratch01/conroy_lab/vchandra/sdss5/spectra/v6_0_9/openfibertargets_nov2020_5/spec-101079-59764-27021597926296904.fits exists, skipping...
spectrum /n/holyscratch01/conroy_lab/vchandra/sdss5/spectra/v6_0_9/openfibertargets_nov2020_5/spec-101079-59764-27021597926349727.fits exists, skipping...
spectrum /n/holyscratch01/conroy_lab/vchandra/sdss5/spectra/v6_0_9/openfibertargets_nov2020_5/spec-101212-59676-27021598151755268.fits exists, skipping...
spectrum /n/holyscratch01/conroy_lab/vchandra/sdss5/spectra/v6_0_9/openfibertargets_nov2020_5/spec-101213-59976-27021598151798803.fits exists, skipping...
spectrum /n/holyscratch01/conroy_lab/vchandra/sdss5/spectra/v6_0_9/openfibertargets_nov2020_5/spec-101213-59976-27021598151815686.fits exists, skipping...
spectrum /n/holyscratch01/conroy_lab/vchandra/sdss5/spectra/v6_0_9/openfibertargets_nov2020_5/spec-101213-59976-27021598151817287.fits exists, skipping...
spectrum /n/holyscratch01/conroy_lab/vchandra/sdss5/spectra/v6_0_9/openfibertargets_nov2020_5/spec-101213-59976-27021598151817619.fits exists, skipping...
spectrum /n/holyscratch01/conroy_lab/vchandra/sdss5/spectra/v6_0_9/openfibertargets_nov2020_5/spec-101214-59951-27021598151743811.fits exists, skipping...
spectrum /n/holyscratch01/conroy_lab/vchandra/sdss5/spectra/v6_0_9/openfibertargets_nov2020_5/spec-101214-59951-27021598151770327.fits exists, skipping...
spectrum /n/holyscratch01/conroy_lab/vchandra/sdss5/spectra/v6_0_9/openfibertargets_nov2020_5/spec-101214-59951-27021598151797684.fits exists, skipping...
spectrum /n/holyscratch01/conroy_lab/vchandra/sdss5/spectra/v6_0_9/openfibertargets_nov2020_5/spec-101219-59986-27021598151733690.fits exists, skipping...
spectrum /n/holyscratch01/conroy_lab/vchandra/sdss5/spectra/v6_0_9/openfibertargets_nov2020_5/spec-101219-59986-27021598151786154.fits exists, skipping...
spectrum /n/holyscratch01/conroy_lab/vchandra/sdss5/spectra/v6_0_9/openfibertargets_nov2020_5/spec-101219-59986-27021598151786276.fits exists, skipping...
spectrum /n/holyscratch01/conroy_lab/vchandra/sdss5/spectra/v6_0_9/openfibertargets_nov2020_5/spec-101219-59986-27021598151788141.fits exists, skipping...
spectrum /n/holyscratch01/conroy_lab/vchandra/sdss5/spectra/v6_0_9/openfibertargets_nov2020_5/spec-101219-59986-27021598151788787.fits exists, skipping...
spectrum /n/holyscratch01/conroy_lab/vchandra/sdss5/spectra/v6_0_9/openfibertargets_nov2020_5/spec-101219-59986-27021598151788978.fits exists, skipping...
spectrum /n/holyscratch01/conroy_lab/vchandra/sdss5/spectra/v6_0_9/openfibertargets_nov2020_5/spec-101219-59986-27021598151789417.fits exists, skipping...
spectrum /n/holyscratch01/conroy_lab/vchandra/sdss5/spectra/v6_0_9/openfibertargets_nov2020_5/spec-101221-59986-27021598131683111.fits exists, skipping...
spectrum /n/holyscratch01/conroy_lab/vchandra/sdss5/spectra/v6_0_9/openfibertargets_nov2020_5/spec-101221-59986-27021598131683804.fits exists, skipping...
spectrum /n/holyscratch01/conroy_lab/vchandra/sdss5/spectra/v6_0_9/openfibertargets_nov2020_5/spec-101221-59986-27021598131683830.fits exists, skipping...
spectrum /n/holyscratch01/conroy_lab/vchandra/sdss5/spectra/v6_0_9/openfibertargets_nov2020_5/spec-101221-59986-27021598131699548.fits exists, skipping...
spectrum /n/holyscratch01/conroy_lab/vchandra/sdss5/spectra/v6_0_9/openfibertargets_nov2020_5/spec-101221-59986-27021598131704815.fits exists, skipping...
spectrum /n/holyscratch01/conroy_lab/vchandra/sdss5/spectra/v6_0_9/openfibertargets_nov2020_5/spec-101227-59975-27021598131131772.fits exists, skipping...
spectrum /n/holyscratch01/conroy_lab/vchandra/sdss5/spectra/v6_0_9/openfibertargets_nov2020_5/spec-101227-59975-27021598131133261.fits exists, skipping...
spectrum /n/holyscratch01/conroy_lab/vchandra/sdss5/spectra/v6_0_9/openfibertargets_nov2020_5/spec-101227-59975-27021598131133392.fits exists, skipping...
spectrum /n/holyscratch01/conroy_lab/vchandra/sdss5/spectra/v6_0_9/openfibertargets_nov2020_5/spec-101227-59975-27021598131138164.fits exists, skipping...
spectrum /n/holyscratch01/conroy_lab/vchandra/sdss5/spectra/v6_0_9/openfibertargets_nov2020_5/spec-101227-59975-27021598151376132.fits exists, skipping...
spectrum /n/holyscratch01/conroy_lab/vchandra/sdss5/spectra/v6_0_9/openfibertargets_nov2020_5/spec-101234-59951-27021598131125533.fits exists, skipping...
spectrum /n/holyscratch01/conroy_lab/vchandra/sdss5/spectra/v6_0_9/openfibertargets_nov2020_5/spec-101234-59951-27021598151364932.fits exists, skipping...
spectrum /n/holyscratch01/conroy_lab/vchandra/sdss5/spectra/v6_0_9/openfibertargets_nov2020_5/spec-101235-59974-27021598131104144.fits exists, skipping...
spectrum /n/holyscratch01/conroy_lab/vchandra/sdss5/spectra/v6_0_9/openfibertargets_nov2020_5/spec-101235-59974-27021598131109898.fits exists, skipping...
spectrum /n/holyscratch01/conroy_lab/vchandra/sdss5/spectra/v6_0_9/openfibertargets_nov2020_5/spec-101235-59974-27021598131111550.fits exists, skipping...
spectrum /n/holyscratch01/conroy_lab/vchandra/sdss5/spectra/v6_0_9/openfibertargets_nov2020_5/spec-101235-59974-27021598131112520.fits exists, skipping...
spectrum /n/holyscratch01/conroy_lab/vchandra/sdss5/spectra/v6_0_9/openfibertargets_nov2020_5/spec-101235-59974-27021598131116546.fits exists, skipping...
spectrum /n/holyscratch01/conroy_lab/vchandra/sdss5/spectra/v6_0_9/openfibertargets_nov2020_5/spec-101243-59957-27021598131089183.fits exists, skipping...
spectrum /n/holyscratch01/conroy_lab/vchandra/sdss5/spectra/v6_0_9/openfibertargets_nov2020_5/spec-101243-59957-27021598131089645.fits exists, skipping...
spectrum /n/holyscratch01/conroy_lab/vchandra/sdss5/spectra/v6_0_9/openfibertargets_nov2020_5/spec-101243-59957-27021598131094818.fits exists, skipping...
spectrum /n/holyscratch01/conroy_lab/vchandra/sdss5/spectra/v6_0_9/openfibertargets_nov2020_5/spec-101243-59957-27021598151330602.fits exists, skipping...
spectrum /n/holyscratch01/conroy_lab/vchandra/sdss5/spectra/v6_0_9/openfibertargets_nov2020_5/spec-101244-59658-27021598131080219.fits exists, skipping...
spectrum /n/holyscratch01/conroy_lab/vchandra/sdss5/spectra/v6_0_9/openfibertargets_nov2020_5/spec-101244-59658-27021598131090113.fits exists, skipping...
spectrum /n/holyscratch01/conroy_lab/vchandra/sdss5/spectra/v6_0_9/openfibertargets_nov2020_5/spec-101244-59658-27021598131092387.fits exists, skipping...
spectrum /n/holyscratch01/conroy_lab/vchandra/sdss5/spectra/v6_0_9/openfibertargets_nov2020_5/spec-101253-59702-27021598151335216.fits exists, skipping...
spectrum /n/holyscratch01/conroy_lab/vchandra/sdss5/spectra/v6_0_9/openfibertargets_nov2020_5/spec-101253-59704-27021598151335216.fits exists, skipping...
spectrum /n/holyscratch01/conroy_lab/vchandra/sdss5/spectra/v6_0_9/openfibertargets_nov2020_5/spec-101254-59658-27021598131084699.fits exists, skipping...
spectrum /n/holyscratch01/conroy_lab/vchandra/sdss5/spectra/v6_0_9/openfibertargets_nov2020_5/spec-101262-59950-27021598151208393.fits exists, skipping...
spectrum /n/holyscratch01/conroy_lab/vchandra/sdss5/spectra/v6_0_9/openfibertargets_nov2020_5/spec-101263-59949-27021598130942410.fits exists, skipping...
spectrum /n/holyscratch01/conroy_lab/vchandra/sdss5/spectra/v6_0_9/openfibertargets_nov2020_5/spec-101263-59949-27021598130944745.fits exists, skipping...
spectrum /n/holyscratch01/conroy_lab/vchandra/sdss5/spectra/v6_0_9/openfibertargets_nov2020_5/spec-101263-59949-27021598130968791.fits exists, skipping...
spectrum /n/holyscratch01/conroy_lab/vchandra/sdss5/spectra/v6_0_9/openfibertargets_nov2020_5/spec-101263-59949-27021598130968976.fits exists, skipping...
spectrum /n/holyscratch01/conroy_lab/vchandra/sdss5/spectra/v6_0_9/openfibertargets_nov2020_5/spec-101271-59924-27021598130916325.fits exists, skipping...
spectrum /n/holyscratch01/conroy_lab/vchandra/sdss5/spectra/v6_0_9/openfibertargets_nov2020_5/spec-101271-59924-27021598130929642.fits exists, skipping...
spectrum /n/holyscratch01/conroy_lab/vchandra/sdss5/spectra/v6_0_9/openfibertargets_nov2020_5/spec-101271-59924-27021598130944745.fits exists, skipping...
spectrum /n/holyscratch01/conroy_lab/vchandra/sdss5/spectra/v6_0_9/openfibertargets_nov2020_5/spec-101277-59925-27021598150234116.fits exists, skipping...
spectrum /n/holyscratch01/conroy_lab/vchandra/sdss5/spectra/v6_0_9/openfibertargets_nov2020_5/spec-101284-59699-27021598128462916.fits exists, skipping...
spectrum /n/holyscratch01/conroy_lab/vchandra/sdss5/spectra/v6_0_9/openfibertargets_nov2020_5/spec-101284-59699-27021598128487898.fits exists, skipping...
spectrum /n/holyscratch01/conroy_lab/vchandra/sdss5/spectra/v6_0_9/openfibertargets_nov2020_5/spec-101284-59699-27021598150203527.fits exists, skipping...
spectrum /n/holyscratch01/conroy_lab/vchandra/sdss5/spectra/v6_0_9/openfibertargets_nov2020_5/spec-101285-59924-27021598128418609.fits exists, skipping...
spectrum /n/holyscratch01/conroy_lab/vchandra/sdss5/spectra/v6_0_9/openfibertargets_nov2020_5/spec-101285-59924-27021598128419401.fits exists, skipping...
spectrum /n/holyscratch01/conroy_lab/vchandra/sdss5/spectra/v6_0_9/openfibertargets_nov2020_5/spec-101285-59924-27021598128464907.fits exists, skipping...
spectrum /n/holyscratch01/conroy_lab/vchandra/sdss5/spectra/v6_0_9/openfibertargets_nov2020_5/spec-101286-59658-27021598128446474.fits exists, skipping...
spectrum /n/holyscratch01/conroy_lab/vchandra/sdss5/spectra/v6_0_9/openfibertargets_nov2020_5/spec-101286-59658-27021598128447672.fits exists, skipping...
spectrum /n/holyscratch01/conroy_lab/vchandra/sdss5/spectra/v6_0_9/openfibertargets_nov2020_5/spec-101286-59658-27021598128457611.fits exists, skipping...
spectrum /n/holyscratch01/conroy_lab/vchandra/sdss5/spectra/v6_0_9/openfibertargets_nov2020_5/spec-101287-59679-27021598128338818.fits exists, skipping...
spectrum /n/holyscratch01/conroy_lab/vchandra/sdss5/spectra/v6_0_9/openfibertargets_nov2020_5/spec-101287-59679-27021598128340120.fits exists, skipping...
spectrum /n/holyscratch01/conroy_lab/vchandra/sdss5/spectra/v6_0_9/openfibertargets_nov2020_5/spec-101287-59679-27021598128345663.fits exists, skipping...
spectrum /n/holyscratch01/conroy_lab/vchandra/sdss5/spectra/v6_0_9/openfibertargets_nov2020_5/spec-101288-59683-27021598128298248.fits exists, skipping...
spectrum /n/holyscratch01/conroy_lab/vchandra/sdss5/spectra/v6_0_9/openfibertargets_nov2020_5/spec-101288-59683-27021598128306436.fits exists, skipping...
spectrum /n/holyscratch01/conroy_lab/vchandra/sdss5/spectra/v6_0_9/openfibertargets_nov2020_5/spec-101288-59683-27021598128318071.fits exists, skipping...
spectrum /n/holyscratch01/conroy_lab/vchandra/sdss5/spectra/v6_0_9/openfibertargets_nov2020_5/spec-101288-59683-27021598128318734.fits exists, skipping...
spectrum /n/holyscratch01/conroy_lab/vchandra/sdss5/spectra/v6_0_9/openfibertargets_nov2020_5/spec-101289-59683-27021598127902947.fits exists, skipping...
spectrum /n/holyscratch01/conroy_lab/vchandra/sdss5/spectra/v6_0_9/openfibertargets_nov2020_5/spec-101294-59923-27021598150198552.fits exists, skipping...
spectrum /n/holyscratch01/conroy_lab/vchandra/sdss5/spectra/v6_0_9/openfibertargets_nov2020_5/spec-101294-59923-27021598150200759.fits exists, skipping...
spectrum /n/holyscratch01/conroy_lab/vchandra/sdss5/spectra/v6_0_9/openfibertargets_nov2020_5/spec-101295-59695-27021598128347009.fits exists, skipping...
spectrum /n/holyscratch01/conroy_lab/vchandra/sdss5/spectra/v6_0_9/openfibertargets_nov2020_5/spec-101295-59695-27021598150090579.fits exists, skipping...
spectrum /n/holyscratch01/conroy_lab/vchandra/sdss5/spectra/v6_0_9/openfibertargets_nov2020_5/spec-101295-59695-27021598150111484.fits exists, skipping...
spectrum /n/holyscratch01/conroy_lab/vchandra/sdss5/spectra/v6_0_9/openfibertargets_nov2020_5/spec-101296-59694-27021598149820174.fits exists, skipping...
spectrum /n/holyscratch01/conroy_lab/vchandra/sdss5/spectra/v6_0_9/openfibertargets_nov2020_5/spec-101296-59694-27021598150082820.fits exists, skipping...
spectrum /n/holyscratch01/conroy_lab/vchandra/sdss5/spectra/v6_0_9/openfibertargets_nov2020_5/spec-101296-59694-27021598150097839.fits exists, skipping...
spectrum /n/holyscratch01/conroy_lab/vchandra/sdss5/spectra/v6_0_9/openfibertargets_nov2020_5/spec-101439-59977-27021598151958758.fits exists, skipping...
spectrum /n/holyscratch01/conroy_lab/vchandra/sdss5/spectra/v6_0_9/openfibertargets_nov2020_5/spec-101439-59977-27021598151968636.fits exists, skipping...
spectrum /n/holyscratch01/conroy_lab/vchandra/sdss5/spectra/v6_0_9/openfibertargets_nov2020_5/spec-101439-59977-27021598151968770.fits exists, skipping...
spectrum /n/holyscratch01/conroy_lab/vchandra/sdss5/spectra/v6_0_9/openfibertargets_nov2020_5/spec-101439-59977-27021598151973310.fits exists, skipping...
spectrum /n/holyscratch01/conroy_lab/vchandra/sdss5/spectra/v6_0_9/openfibertargets_nov2020_5/spec-101439-59977-27021598151974866.fits exists, skipping...
spectrum /n/holyscratch01/conroy_lab/vchandra/sdss5/spectra/v6_0_9/openfibertargets_nov2020_5/spec-101439-59977-27021598152000488.fits exists, skipping...
spectrum /n/holyscratch01/conroy_lab/vchandra/sdss5/spectra/v6_0_9/openfibertargets_nov2020_5/spec-101440-59953-27021598151945743.fits exists, skipping...
spectrum /n/holyscratch01/conroy_lab/vchandra/sdss5/spectra/v6_0_9/openfibertargets_nov2020_5/spec-101446-59978-27021598151961762.fits exists, skipping...
spectrum /n/holyscratch01/conroy_lab/vchandra/sdss5/spectra/v6_0_9/openfibertargets_nov2020_5/spec-102300-59690-27021598334102107.fits exists, skipping...
spectrum /n/holyscratch01/conroy_lab/vchandra/sdss5/spectra/v6_0_9/openfibertargets_nov2020_5/spec-102300-59690-27021598334109588.fits exists, skipping...
spectrum /n/holyscratch01/conroy_lab/vchandra/sdss5/spectra/v6_0_9/openfibertargets_nov2020_5/spec-102301-59977-27021598333695835.fits exists, skipping...
spectrum /n/holyscratch01/conroy_lab/vchandra/sdss5/spectra/v6_0_9/openfibertargets_nov2020_5/spec-102301-59977-27021598333712465.fits exists, skipping...
spectrum /n/holyscratch01/conroy_lab/vchandra/sdss5/spectra/v6_0_9/openfibertargets_nov2020_5/spec-102301-59977-27021598333719872.fits exists, skipping...
spectrum /n/holyscratch01/conroy_lab/vchandra/sdss5/spectra/v6_0_9/openfibertargets_nov2020_5/spec-102301-59977-27021598333837100.fits exists, skipping...
spectrum /n/holyscratch01/conroy_lab/vchandra/sdss5/spectra/v6_0_9/openfibertargets_nov2020_5/spec-102301-59977-27021598333850103.fits exists, skipping...
spectrum /n/holyscratch01/conroy_lab/vchandra/sdss5/spectra/v6_0_9/openfibertargets_nov2020_5/spec-102301-59977-27021598334038008.fits exists, skipping...
spectrum /n/holyscratch01/conroy_lab/vchandra/sdss5/spectra/v6_0_9/openfibertargets_nov2020_5/spec-102328-59977-27021598333254178.fits exists, skipping...
spectrum /n/holyscratch01/conroy_lab/vchandra/sdss5/spectra/v6_0_9/openfibertargets_nov2020_5/spec-102328-59977-27021598726448002.fits exists, skipping...
200 done...
spectrum /n/holyscratch01/conroy_lab/vchandra/sdss5/spectra/v6_0_9/openfibertargets_nov2020_5/spec-102328-59977-27021598726466615.fits exists, skipping...
spectrum /n/holyscratch01/conroy_lab/vchandra/sdss5/spectra/v6_0_9/openfibertargets_nov2020_5/spec-102329-59671-27021598333202035.fits exists, skipping...
spectrum /n/holyscratch01/conroy_lab/vchandra/sdss5/spectra/v6_0_9/openfibertargets_nov2020_5/spec-102329-59722-27021598333202035.fits exists, skipping...
spectrum /n/holyscratch01/conroy_lab/vchandra/sdss5/spectra/v6_0_9/openfibertargets_nov2020_5/spec-102329-59723-27021598333202035.fits exists, skipping...
spectrum /n/holyscratch01/conroy_lab/vchandra/sdss5/spectra/v6_0_9/openfibertargets_nov2020_5/spec-102329-59731-27021598333202035.fits exists, skipping...
spectrum /n/holyscratch01/conroy_lab/vchandra/sdss5/spectra/v6_0_9/openfibertargets_nov2020_5/spec-102347-59731-27021598157825563.fits exists, skipping...
spectrum /n/holyscratch01/conroy_lab/vchandra/sdss5/spectra/v6_0_9/openfibertargets_nov2020_5/spec-102347-59731-27021598157849184.fits exists, skipping...
spectrum /n/holyscratch01/conroy_lab/vchandra/sdss5/spectra/v6_0_9/openfibertargets_nov2020_5/spec-102548-59671-27021598419811919.fits exists, skipping...
spectrum /n/holyscratch01/conroy_lab/vchandra/sdss5/spectra/v6_0_9/openfibertargets_nov2020_5/spec-102548-59671-27021598419812470.fits exists, skipping...
spectrum /n/holyscratch01/conroy_lab/vchandra/sdss5/spectra/v6_0_9/openfibertargets_nov2020_5/spec-102548-59674-27021598419811919.fits exists, skipping...
spectrum /n/holyscratch01/conroy_lab/vchandra/sdss5/spectra/v6_0_9/openfibertargets_nov2020_5/spec-102548-59674-27021598419812470.fits exists, skipping...
spectrum /n/holyscratch01/conroy_lab/vchandra/sdss5/spectra/v6_0_9/openfibertargets_nov2020_5/spec-102709-59954-27021597958248488.fits exists, skipping...
spectrum /n/holyscratch01/conroy_lab/vchandra/sdss5/spectra/v6_0_9/openfibertargets_nov2020_5/spec-102709-59954-27021597958258237.fits exists, skipping...
spectrum /n/holyscratch01/conroy_lab/vchandra/sdss5/spectra/v6_0_9/openfibertargets_nov2020_5/spec-102709-59954-27021597958259254.fits exists, skipping...
spectrum /n/holyscratch01/conroy_lab/vchandra/sdss5/spectra/v6_0_9/openfibertargets_nov2020_5/spec-102719-59958-27021597958152600.fits exists, skipping...
spectrum /n/holyscratch01/conroy_lab/vchandra/sdss5/spectra/v6_0_9/openfibertargets_nov2020_5/spec-102719-59958-27021597958153152.fits exists, skipping...
spectrum /n/holyscratch01/conroy_lab/vchandra/sdss5/spectra/v6_0_9/openfibertargets_nov2020_5/spec-102747-59964-27021597933483360.fits exists, skipping...
spectrum /n/holyscratch01/conroy_lab/vchandra/sdss5/spectra/v6_0_9/openfibertargets_nov2020_5/spec-102747-59964-27021597933485409.fits exists, skipping...
spectrum /n/holyscratch01/conroy_lab/vchandra/sdss5/spectra/v6_0_9/openfibertargets_nov2020_5/spec-102747-59964-27021597933490910.fits exists, skipping...
spectrum /n/holyscratch01/conroy_lab/vchandra/sdss5/spectra/v6_0_9/openfibertargets_nov2020_5/spec-102747-59964-27021597933493364.fits exists, skipping...
spectrum /n/holyscratch01/conroy_lab/vchandra/sdss5/spectra/v6_0_9/openfibertargets_nov2020_5/spec-102747-59964-27021597933494689.fits exists, skipping...
spectrum /n/holyscratch01/conroy_lab/vchandra/sdss5/spectra/v6_0_9/openfibertargets_nov2020_5/spec-102747-59966-27021597933483360.fits exists, skipping...
spectrum /n/holyscratch01/conroy_lab/vchandra/sdss5/spectra/v6_0_9/openfibertargets_nov2020_5/spec-102747-59966-27021597933485409.fits exists, skipping...
spectrum /n/holyscratch01/conroy_lab/vchandra/sdss5/spectra/v6_0_9/openfibertargets_nov2020_5/spec-102747-59966-27021597933490910.fits exists, skipping...
spectrum /n/holyscratch01/conroy_lab/vchandra/sdss5/spectra/v6_0_9/openfibertargets_nov2020_5/spec-102747-59966-27021597933493364.fits exists, skipping...
spectrum /n/holyscratch01/conroy_lab/vchandra/sdss5/spectra/v6_0_9/openfibertargets_nov2020_5/spec-102747-59966-27021597933494689.fits exists, skipping...
spectrum /n/holyscratch01/conroy_lab/vchandra/sdss5/spectra/v6_0_9/openfibertargets_nov2020_5/spec-102883-59645-27021598131870661.fits exists, skipping...
spectrum /n/holyscratch01/conroy_lab/vchandra/sdss5/spectra/v6_0_9/openfibertargets_nov2020_5/spec-103158-59746-27021598417549169.fits exists, skipping...
spectrum /n/holyscratch01/conroy_lab/vchandra/sdss5/spectra/v6_0_9/openfibertargets_nov2020_5/spec-103284-59643-27021598146857797.fits exists, skipping...
spectrum /n/holyscratch01/conroy_lab/vchandra/sdss5/spectra/v6_0_9/openfibertargets_nov2020_5/spec-103284-59645-27021598146857797.fits exists, skipping...
spectrum /n/holyscratch01/conroy_lab/vchandra/sdss5/spectra/v6_0_9/openfibertargets_nov2020_5/spec-103368-59978-27021598034329489.fits exists, skipping...
spectrum /n/holyscratch01/conroy_lab/vchandra/sdss5/spectra/v6_0_9/openfibertargets_nov2020_5/spec-103369-59984-27021598023786436.fits exists, skipping...
spectrum /n/holyscratch01/conroy_lab/vchandra/sdss5/spectra/v6_0_9/openfibertargets_nov2020_5/spec-103372-59978-27021598038437270.fits exists, skipping...
spectrum /n/holyscratch01/conroy_lab/vchandra/sdss5/spectra/v6_0_9/openfibertargets_nov2020_5/spec-103372-59978-27021598038492482.fits exists, skipping...
spectrum /n/holyscratch01/conroy_lab/vchandra/sdss5/spectra/v6_0_9/openfibertargets_nov2020_5/spec-103373-59976-27021598035338666.fits exists, skipping...
spectrum /n/holyscratch01/conroy_lab/vchandra/sdss5/spectra/v6_0_9/openfibertargets_nov2020_5/spec-103387-59977-27021598039389133.fits exists, skipping...
spectrum /n/holyscratch01/conroy_lab/vchandra/sdss5/spectra/v6_0_9/openfibertargets_nov2020_5/spec-103387-59977-27021598039596222.fits exists, skipping...
spectrum /n/holyscratch01/conroy_lab/vchandra/sdss5/spectra/v6_0_9/openfibertargets_nov2020_5/spec-103388-59977-27021598039305947.fits exists, skipping...
spectrum /n/holyscratch01/conroy_lab/vchandra/sdss5/spectra/v6_0_9/openfibertargets_nov2020_5/spec-103398-59955-27021598089423790.fits exists, skipping...
spectrum /n/holyscratch01/conroy_lab/vchandra/sdss5/spectra/v6_0_9/openfibertargets_nov2020_5/spec-103398-59957-27021598089398385.fits exists, skipping...
spectrum /n/holyscratch01/conroy_lab/vchandra/sdss5/spectra/v6_0_9/openfibertargets_nov2020_5/spec-103431-59979-27021598025613898.fits exists, skipping...
spectrum /n/holyscratch01/conroy_lab/vchandra/sdss5/spectra/v6_0_9/openfibertargets_nov2020_5/spec-103449-59978-27021598028540705.fits exists, skipping...
spectrum /n/holyscratch01/conroy_lab/vchandra/sdss5/spectra/v6_0_9/openfibertargets_nov2020_5/spec-103459-59974-27021598028588205.fits exists, skipping...
spectrum /n/holyscratch01/conroy_lab/vchandra/sdss5/spectra/v6_0_9/openfibertargets_nov2020_5/spec-103459-59975-27021598028617238.fits exists, skipping...
spectrum /n/holyscratch01/conroy_lab/vchandra/sdss5/spectra/v6_0_9/openfibertargets_nov2020_5/spec-103490-59935-27021597939937972.fits exists, skipping...
spectrum /n/holyscratch01/conroy_lab/vchandra/sdss5/spectra/v6_0_9/openfibertargets_nov2020_5/spec-103491-59895-27021597929642051.fits exists, skipping...
spectrum /n/holyscratch01/conroy_lab/vchandra/sdss5/spectra/v6_0_9/openfibertargets_nov2020_5/spec-103491-59895-27021597929645390.fits exists, skipping...
spectrum /n/holyscratch01/conroy_lab/vchandra/sdss5/spectra/v6_0_9/openfibertargets_nov2020_5/spec-103491-59895-27021597929653040.fits exists, skipping...
spectrum /n/holyscratch01/conroy_lab/vchandra/sdss5/spectra/v6_0_9/openfibertargets_nov2020_5/spec-103491-59895-27021597929658905.fits exists, skipping...
spectrum /n/holyscratch01/conroy_lab/vchandra/sdss5/spectra/v6_0_9/openfibertargets_nov2020_5/spec-103499-59939-27021597929550272.fits exists, skipping...
spectrum /n/holyscratch01/conroy_lab/vchandra/sdss5/spectra/v6_0_9/openfibertargets_nov2020_5/spec-103499-59939-27021597929551094.fits exists, skipping...
spectrum /n/holyscratch01/conroy_lab/vchandra/sdss5/spectra/v6_0_9/openfibertargets_nov2020_5/spec-103514-59934-27021597929135876.fits exists, skipping...
spectrum /n/holyscratch01/conroy_lab/vchandra/sdss5/spectra/v6_0_9/openfibertargets_nov2020_5/spec-103514-59934-27021597929139079.fits exists, skipping...
spectrum /n/holyscratch01/conroy_lab/vchandra/sdss5/spectra/v6_0_9/openfibertargets_nov2020_5/spec-103514-59934-27021597929139323.fits exists, skipping...
spectrum /n/holyscratch01/conroy_lab/vchandra/sdss5/spectra/v6_0_9/openfibertargets_nov2020_5/spec-103514-59934-27021597929143541.fits exists, skipping...
spectrum /n/holyscratch01/conroy_lab/vchandra/sdss5/spectra/v6_0_9/openfibertargets_nov2020_5/spec-103516-59933-27021597928835067.fits exists, skipping...
spectrum /n/holyscratch01/conroy_lab/vchandra/sdss5/spectra/v6_0_9/openfibertargets_nov2020_5/spec-103516-59933-27021597928848413.fits exists, skipping...
spectrum /n/holyscratch01/conroy_lab/vchandra/sdss5/spectra/v6_0_9/openfibertargets_nov2020_5/spec-103516-59933-27021597929103219.fits exists, skipping...
spectrum /n/holyscratch01/conroy_lab/vchandra/sdss5/spectra/v6_0_9/openfibertargets_nov2020_5/spec-103523-59882-27021597939682452.fits exists, skipping...
spectrum /n/holyscratch01/conroy_lab/vchandra/sdss5/spectra/v6_0_9/openfibertargets_nov2020_5/spec-103523-59882-27021597939689423.fits exists, skipping...
spectrum /n/holyscratch01/conroy_lab/vchandra/sdss5/spectra/v6_0_9/openfibertargets_nov2020_5/spec-103536-59904-27021597928913364.fits exists, skipping...
spectrum /n/holyscratch01/conroy_lab/vchandra/sdss5/spectra/v6_0_9/openfibertargets_nov2020_5/spec-103536-59904-27021597928917859.fits exists, skipping...
spectrum /n/holyscratch01/conroy_lab/vchandra/sdss5/spectra/v6_0_9/openfibertargets_nov2020_5/spec-103536-59904-27021597928925505.fits exists, skipping...
spectrum /n/holyscratch01/conroy_lab/vchandra/sdss5/spectra/v6_0_9/openfibertargets_nov2020_5/spec-103554-59901-27021597927224139.fits exists, skipping...
spectrum /n/holyscratch01/conroy_lab/vchandra/sdss5/spectra/v6_0_9/openfibertargets_nov2020_5/spec-103558-59894-27021597927801595.fits exists, skipping...
spectrum /n/holyscratch01/conroy_lab/vchandra/sdss5/spectra/v6_0_9/openfibertargets_nov2020_5/spec-103558-59894-27021597927804183.fits exists, skipping...
spectrum /n/holyscratch01/conroy_lab/vchandra/sdss5/spectra/v6_0_9/openfibertargets_nov2020_5/spec-103558-59894-27021597928565364.fits exists, skipping...
spectrum /n/holyscratch01/conroy_lab/vchandra/sdss5/spectra/v6_0_9/openfibertargets_nov2020_5/spec-103558-59894-27021597928571613.fits exists, skipping...
spectrum /n/holyscratch01/conroy_lab/vchandra/sdss5/spectra/v6_0_9/openfibertargets_nov2020_5/spec-103558-59894-27021597928572213.fits exists, skipping...
spectrum /n/holyscratch01/conroy_lab/vchandra/sdss5/spectra/v6_0_9/openfibertargets_nov2020_5/spec-103558-59894-27021597928572565.fits exists, skipping...
spectrum /n/holyscratch01/conroy_lab/vchandra/sdss5/spectra/v6_0_9/openfibertargets_nov2020_5/spec-103558-59938-27021597927801595.fits exists, skipping...
spectrum /n/holyscratch01/conroy_lab/vchandra/sdss5/spectra/v6_0_9/openfibertargets_nov2020_5/spec-103558-59938-27021597927804183.fits exists, skipping...
spectrum /n/holyscratch01/conroy_lab/vchandra/sdss5/spectra/v6_0_9/openfibertargets_nov2020_5/spec-103558-59938-27021597928565364.fits exists, skipping...
spectrum /n/holyscratch01/conroy_lab/vchandra/sdss5/spectra/v6_0_9/openfibertargets_nov2020_5/spec-103558-59938-27021597928571613.fits exists, skipping...
spectrum /n/holyscratch01/conroy_lab/vchandra/sdss5/spectra/v6_0_9/openfibertargets_nov2020_5/spec-103558-59938-27021597928572213.fits exists, skipping...
spectrum /n/holyscratch01/conroy_lab/vchandra/sdss5/spectra/v6_0_9/openfibertargets_nov2020_5/spec-103558-59938-27021597928572565.fits exists, skipping...
spectrum /n/holyscratch01/conroy_lab/vchandra/sdss5/spectra/v6_0_9/openfibertargets_nov2020_5/spec-103561-59894-27021597925566194.fits exists, skipping...
spectrum /n/holyscratch01/conroy_lab/vchandra/sdss5/spectra/v6_0_9/openfibertargets_nov2020_5/spec-103561-59894-27021597925581793.fits exists, skipping...
spectrum /n/holyscratch01/conroy_lab/vchandra/sdss5/spectra/v6_0_9/openfibertargets_nov2020_5/spec-103561-59894-27021597925583481.fits exists, skipping...
spectrum /n/holyscratch01/conroy_lab/vchandra/sdss5/spectra/v6_0_9/openfibertargets_nov2020_5/spec-103561-59894-27021597925596251.fits exists, skipping...
spectrum /n/holyscratch01/conroy_lab/vchandra/sdss5/spectra/v6_0_9/openfibertargets_nov2020_5/spec-103561-59894-27021597925596824.fits exists, skipping...
spectrum /n/holyscratch01/conroy_lab/vchandra/sdss5/spectra/v6_0_9/openfibertargets_nov2020_5/spec-103561-59894-27021597925610275.fits exists, skipping...
spectrum /n/holyscratch01/conroy_lab/vchandra/sdss5/spectra/v6_0_9/openfibertargets_nov2020_5/spec-103561-59894-27021597925617458.fits exists, skipping...
spectrum /n/holyscratch01/conroy_lab/vchandra/sdss5/spectra/v6_0_9/openfibertargets_nov2020_5/spec-103561-59894-27021597925617882.fits exists, skipping...
spectrum /n/holyscratch01/conroy_lab/vchandra/sdss5/spectra/v6_0_9/openfibertargets_nov2020_5/spec-103564-59872-27021597927139287.fits exists, skipping...
spectrum /n/holyscratch01/conroy_lab/vchandra/sdss5/spectra/v6_0_9/openfibertargets_nov2020_5/spec-103564-59872-27021597927152711.fits exists, skipping...
spectrum /n/holyscratch01/conroy_lab/vchandra/sdss5/spectra/v6_0_9/openfibertargets_nov2020_5/spec-103565-59874-27021597927026008.fits exists, skipping...
spectrum /n/holyscratch01/conroy_lab/vchandra/sdss5/spectra/v6_0_9/openfibertargets_nov2020_5/spec-103565-59874-27021597927033880.fits exists, skipping...
spectrum /n/holyscratch01/conroy_lab/vchandra/sdss5/spectra/v6_0_9/openfibertargets_nov2020_5/spec-103565-59874-27021597927034342.fits exists, skipping...
spectrum /n/holyscratch01/conroy_lab/vchandra/sdss5/spectra/v6_0_9/openfibertargets_nov2020_5/spec-103565-59874-27021597927262342.fits exists, skipping...
spectrum /n/holyscratch01/conroy_lab/vchandra/sdss5/spectra/v6_0_9/openfibertargets_nov2020_5/spec-103568-59890-27021597926820782.fits exists, skipping...
spectrum /n/holyscratch01/conroy_lab/vchandra/sdss5/spectra/v6_0_9/openfibertargets_nov2020_5/spec-103568-59890-27021597926826802.fits exists, skipping...
spectrum /n/holyscratch01/conroy_lab/vchandra/sdss5/spectra/v6_0_9/openfibertargets_nov2020_5/spec-103568-59890-27021597926827907.fits exists, skipping...
spectrum /n/holyscratch01/conroy_lab/vchandra/sdss5/spectra/v6_0_9/openfibertargets_nov2020_5/spec-103568-59890-27021597926886047.fits exists, skipping...
spectrum /n/holyscratch01/conroy_lab/vchandra/sdss5/spectra/v6_0_9/openfibertargets_nov2020_5/spec-103568-59890-27021597926889251.fits exists, skipping...
spectrum /n/holyscratch01/conroy_lab/vchandra/sdss5/spectra/v6_0_9/openfibertargets_nov2020_5/spec-103568-59890-27021597926892105.fits exists, skipping...
spectrum /n/holyscratch01/conroy_lab/vchandra/sdss5/spectra/v6_0_9/openfibertargets_nov2020_5/spec-103568-59890-27021597926894650.fits exists, skipping...
spectrum /n/holyscratch01/conroy_lab/vchandra/sdss5/spectra/v6_0_9/openfibertargets_nov2020_5/spec-103568-59890-27021597926897026.fits exists, skipping...
spectrum /n/holyscratch01/conroy_lab/vchandra/sdss5/spectra/v6_0_9/openfibertargets_nov2020_5/spec-103568-59890-27021597926900048.fits exists, skipping...
spectrum /n/holyscratch01/conroy_lab/vchandra/sdss5/spectra/v6_0_9/openfibertargets_nov2020_5/spec-103574-59846-27021597926515453.fits exists, skipping...
300 done...
spectrum /n/holyscratch01/conroy_lab/vchandra/sdss5/spectra/v6_0_9/openfibertargets_nov2020_5/spec-103574-59846-27021597926516156.fits exists, skipping...
spectrum /n/holyscratch01/conroy_lab/vchandra/sdss5/spectra/v6_0_9/openfibertargets_nov2020_5/spec-103574-59846-27021597926539245.fits exists, skipping...
spectrum /n/holyscratch01/conroy_lab/vchandra/sdss5/spectra/v6_0_9/openfibertargets_nov2020_5/spec-103574-59846-27021597926545971.fits exists, skipping...
spectrum /n/holyscratch01/conroy_lab/vchandra/sdss5/spectra/v6_0_9/openfibertargets_nov2020_5/spec-103574-59846-27021597927039502.fits exists, skipping...
spectrum /n/holyscratch01/conroy_lab/vchandra/sdss5/spectra/v6_0_9/openfibertargets_nov2020_5/spec-103574-59846-27021597927041911.fits exists, skipping...
spectrum /n/holyscratch01/conroy_lab/vchandra/sdss5/spectra/v6_0_9/openfibertargets_nov2020_5/spec-103587-59881-27021597926059405.fits exists, skipping...
spectrum /n/holyscratch01/conroy_lab/vchandra/sdss5/spectra/v6_0_9/openfibertargets_nov2020_5/spec-103587-59881-27021597926374840.fits exists, skipping...
spectrum /n/holyscratch01/conroy_lab/vchandra/sdss5/spectra/v6_0_9/openfibertargets_nov2020_5/spec-103587-59881-27021597926384093.fits exists, skipping...
spectrum /n/holyscratch01/conroy_lab/vchandra/sdss5/spectra/v6_0_9/openfibertargets_nov2020_5/spec-103608-59905-27021597970789954.fits exists, skipping...
spectrum /n/holyscratch01/conroy_lab/vchandra/sdss5/spectra/v6_0_9/openfibertargets_nov2020_5/spec-103619-59931-27021597973616325.fits exists, skipping...
spectrum /n/holyscratch01/conroy_lab/vchandra/sdss5/spectra/v6_0_9/openfibertargets_nov2020_5/spec-104203-59847-27021598721176523.fits exists, skipping...
spectrum /n/holyscratch01/conroy_lab/vchandra/sdss5/spectra/v6_0_9/openfibertargets_nov2020_5/spec-104203-59847-27021598721191572.fits exists, skipping...
spectrum /n/holyscratch01/conroy_lab/vchandra/sdss5/spectra/v6_0_9/openfibertargets_nov2020_5/spec-104203-59847-27021598721204583.fits exists, skipping...
spectrum /n/holyscratch01/conroy_lab/vchandra/sdss5/spectra/v6_0_9/openfibertargets_nov2020_5/spec-104203-59847-27021598721317851.fits exists, skipping...
spectrum /n/holyscratch01/conroy_lab/vchandra/sdss5/spectra/v6_0_9/openfibertargets_nov2020_5/spec-104203-59847-27021598721427928.fits exists, skipping...
spectrum /n/holyscratch01/conroy_lab/vchandra/sdss5/spectra/v6_0_9/openfibertargets_nov2020_5/spec-104203-59847-27021598721444628.fits exists, skipping...
spectrum /n/holyscratch01/conroy_lab/vchandra/sdss5/spectra/v6_0_9/openfibertargets_nov2020_5/spec-104203-59847-27021598721453402.fits exists, skipping...
spectrum /n/holyscratch01/conroy_lab/vchandra/sdss5/spectra/v6_0_9/openfibertargets_nov2020_5/spec-104220-59878-27021598725324107.fits exists, skipping...
spectrum /n/holyscratch01/conroy_lab/vchandra/sdss5/spectra/v6_0_9/openfibertargets_nov2020_5/spec-104220-59878-27021598725324655.fits exists, skipping...
spectrum /n/holyscratch01/conroy_lab/vchandra/sdss5/spectra/v6_0_9/openfibertargets_nov2020_5/spec-104220-59878-27021598725421979.fits exists, skipping...
spectrum /n/holyscratch01/conroy_lab/vchandra/sdss5/spectra/v6_0_9/openfibertargets_nov2020_5/spec-104220-59878-27021598725454708.fits exists, skipping...
spectrum /n/holyscratch01/conroy_lab/vchandra/sdss5/spectra/v6_0_9/openfibertargets_nov2020_5/spec-104220-59878-27021598725479378.fits exists, skipping...
spectrum /n/holyscratch01/conroy_lab/vchandra/sdss5/spectra/v6_0_9/openfibertargets_nov2020_5/spec-104357-59651-27021598043809363.fits exists, skipping...
spectrum /n/holyscratch01/conroy_lab/vchandra/sdss5/spectra/v6_0_9/openfibertargets_nov2020_5/spec-104357-59651-27021598043867295.fits exists, skipping...
spectrum /n/holyscratch01/conroy_lab/vchandra/sdss5/spectra/v6_0_9/openfibertargets_nov2020_5/spec-104357-59651-27021598043967887.fits exists, skipping...
spectrum /n/holyscratch01/conroy_lab/vchandra/sdss5/spectra/v6_0_9/openfibertargets_nov2020_5/spec-104357-59651-27021598043975109.fits exists, skipping...
spectrum /n/holyscratch01/conroy_lab/vchandra/sdss5/spectra/v6_0_9/openfibertargets_nov2020_5/spec-104357-59651-27021598043976493.fits exists, skipping...
spectrum /n/holyscratch01/conroy_lab/vchandra/sdss5/spectra/v6_0_9/openfibertargets_nov2020_5/spec-104357-59653-27021598043809363.fits exists, skipping...
spectrum /n/holyscratch01/conroy_lab/vchandra/sdss5/spectra/v6_0_9/openfibertargets_nov2020_5/spec-104357-59653-27021598043867295.fits exists, skipping...
spectrum /n/holyscratch01/conroy_lab/vchandra/sdss5/spectra/v6_0_9/openfibertargets_nov2020_5/spec-104357-59653-27021598043967887.fits exists, skipping...
spectrum /n/holyscratch01/conroy_lab/vchandra/sdss5/spectra/v6_0_9/openfibertargets_nov2020_5/spec-104357-59653-27021598043975109.fits exists, skipping...
spectrum /n/holyscratch01/conroy_lab/vchandra/sdss5/spectra/v6_0_9/openfibertargets_nov2020_5/spec-104357-59653-27021598043976493.fits exists, skipping...
spectrum /n/holyscratch01/conroy_lab/vchandra/sdss5/spectra/v6_0_9/openfibertargets_nov2020_5/spec-104357-59657-27021598043929878.fits exists, skipping...
spectrum /n/holyscratch01/conroy_lab/vchandra/sdss5/spectra/v6_0_9/openfibertargets_nov2020_5/spec-104370-59654-27021598101075440.fits exists, skipping...
spectrum /n/holyscratch01/conroy_lab/vchandra/sdss5/spectra/v6_0_9/openfibertargets_nov2020_5/spec-104375-59658-27021598049592604.fits exists, skipping...
spectrum /n/holyscratch01/conroy_lab/vchandra/sdss5/spectra/v6_0_9/openfibertargets_nov2020_5/spec-104375-59658-27021598049743996.fits exists, skipping...
spectrum /n/holyscratch01/conroy_lab/vchandra/sdss5/spectra/v6_0_9/openfibertargets_nov2020_5/spec-104376-59923-27021598048804456.fits exists, skipping...
spectrum /n/holyscratch01/conroy_lab/vchandra/sdss5/spectra/v6_0_9/openfibertargets_nov2020_5/spec-104376-59923-27021598048941518.fits exists, skipping...
spectrum /n/holyscratch01/conroy_lab/vchandra/sdss5/spectra/v6_0_9/openfibertargets_nov2020_5/spec-104376-59923-27021598048984638.fits exists, skipping...
spectrum /n/holyscratch01/conroy_lab/vchandra/sdss5/spectra/v6_0_9/openfibertargets_nov2020_5/spec-104376-59923-27021598049663498.fits exists, skipping...
spectrum /n/holyscratch01/conroy_lab/vchandra/sdss5/spectra/v6_0_9/openfibertargets_nov2020_5/spec-104377-59900-27021598048836030.fits exists, skipping...
spectrum /n/holyscratch01/conroy_lab/vchandra/sdss5/spectra/v6_0_9/openfibertargets_nov2020_5/spec-104377-59900-27021598048861004.fits exists, skipping...
spectrum /n/holyscratch01/conroy_lab/vchandra/sdss5/spectra/v6_0_9/openfibertargets_nov2020_5/spec-104377-59900-27021598048910254.fits exists, skipping...
spectrum /n/holyscratch01/conroy_lab/vchandra/sdss5/spectra/v6_0_9/openfibertargets_nov2020_5/spec-104384-59679-27021598127798271.fits exists, skipping...
spectrum /n/holyscratch01/conroy_lab/vchandra/sdss5/spectra/v6_0_9/openfibertargets_nov2020_5/spec-104384-59679-27021598127845098.fits exists, skipping...
spectrum /n/holyscratch01/conroy_lab/vchandra/sdss5/spectra/v6_0_9/openfibertargets_nov2020_5/spec-104384-59679-27021598127855187.fits exists, skipping...
spectrum /n/holyscratch01/conroy_lab/vchandra/sdss5/spectra/v6_0_9/openfibertargets_nov2020_5/spec-104384-59679-27021598127876718.fits exists, skipping...
spectrum /n/holyscratch01/conroy_lab/vchandra/sdss5/spectra/v6_0_9/openfibertargets_nov2020_5/spec-104385-59658-27021598127753228.fits exists, skipping...
spectrum /n/holyscratch01/conroy_lab/vchandra/sdss5/spectra/v6_0_9/openfibertargets_nov2020_5/spec-104386-59683-27021598127715055.fits exists, skipping...
spectrum /n/holyscratch01/conroy_lab/vchandra/sdss5/spectra/v6_0_9/openfibertargets_nov2020_5/spec-104386-59683-27021598127715373.fits exists, skipping...
spectrum /n/holyscratch01/conroy_lab/vchandra/sdss5/spectra/v6_0_9/openfibertargets_nov2020_5/spec-104386-59683-27021598127729759.fits exists, skipping...
spectrum /n/holyscratch01/conroy_lab/vchandra/sdss5/spectra/v6_0_9/openfibertargets_nov2020_5/spec-104387-59898-27021598049920148.fits exists, skipping...
spectrum /n/holyscratch01/conroy_lab/vchandra/sdss5/spectra/v6_0_9/openfibertargets_nov2020_5/spec-104387-59898-27021598049944600.fits exists, skipping...
spectrum /n/holyscratch01/conroy_lab/vchandra/sdss5/spectra/v6_0_9/openfibertargets_nov2020_5/spec-104388-59949-27021598049769372.fits exists, skipping...
spectrum /n/holyscratch01/conroy_lab/vchandra/sdss5/spectra/v6_0_9/openfibertargets_nov2020_5/spec-104388-59949-27021598049769918.fits exists, skipping...
spectrum /n/holyscratch01/conroy_lab/vchandra/sdss5/spectra/v6_0_9/openfibertargets_nov2020_5/spec-104388-59949-27021598049773487.fits exists, skipping...
spectrum /n/holyscratch01/conroy_lab/vchandra/sdss5/spectra/v6_0_9/openfibertargets_nov2020_5/spec-104388-59949-27021598102539347.fits exists, skipping...
spectrum /n/holyscratch01/conroy_lab/vchandra/sdss5/spectra/v6_0_9/openfibertargets_nov2020_5/spec-104389-59902-27021598049720134.fits exists, skipping...
spectrum /n/holyscratch01/conroy_lab/vchandra/sdss5/spectra/v6_0_9/openfibertargets_nov2020_5/spec-104389-59902-27021598049728384.fits exists, skipping...
spectrum /n/holyscratch01/conroy_lab/vchandra/sdss5/spectra/v6_0_9/openfibertargets_nov2020_5/spec-104389-59902-27021598049765809.fits exists, skipping...
spectrum /n/holyscratch01/conroy_lab/vchandra/sdss5/spectra/v6_0_9/openfibertargets_nov2020_5/spec-104395-59686-27021598127870098.fits exists, skipping...
spectrum /n/holyscratch01/conroy_lab/vchandra/sdss5/spectra/v6_0_9/openfibertargets_nov2020_5/spec-104395-59686-27021598149790610.fits exists, skipping...
spectrum /n/holyscratch01/conroy_lab/vchandra/sdss5/spectra/v6_0_9/openfibertargets_nov2020_5/spec-104396-59687-27021598127762342.fits exists, skipping...
spectrum /n/holyscratch01/conroy_lab/vchandra/sdss5/spectra/v6_0_9/openfibertargets_nov2020_5/spec-104396-59687-27021598127763341.fits exists, skipping...
spectrum /n/holyscratch01/conroy_lab/vchandra/sdss5/spectra/v6_0_9/openfibertargets_nov2020_5/spec-104396-59687-27021598149705753.fits exists, skipping...
spectrum /n/holyscratch01/conroy_lab/vchandra/sdss5/spectra/v6_0_9/openfibertargets_nov2020_5/spec-104396-59687-27021598149707642.fits exists, skipping...
spectrum /n/holyscratch01/conroy_lab/vchandra/sdss5/spectra/v6_0_9/openfibertargets_nov2020_5/spec-104397-59955-27021598049951917.fits exists, skipping...
spectrum /n/holyscratch01/conroy_lab/vchandra/sdss5/spectra/v6_0_9/openfibertargets_nov2020_5/spec-104397-59955-27021598102723105.fits exists, skipping...
spectrum /n/holyscratch01/conroy_lab/vchandra/sdss5/spectra/v6_0_9/openfibertargets_nov2020_5/spec-104397-59955-27021598127732794.fits exists, skipping...
spectrum /n/holyscratch01/conroy_lab/vchandra/sdss5/spectra/v6_0_9/openfibertargets_nov2020_5/spec-104397-59955-27021598149672196.fits exists, skipping...
spectrum /n/holyscratch01/conroy_lab/vchandra/sdss5/spectra/v6_0_9/openfibertargets_nov2020_5/spec-104398-59898-27021598102722393.fits exists, skipping...
spectrum /n/holyscratch01/conroy_lab/vchandra/sdss5/spectra/v6_0_9/openfibertargets_nov2020_5/spec-104399-59896-27021598102572483.fits exists, skipping...
spectrum /n/holyscratch01/conroy_lab/vchandra/sdss5/spectra/v6_0_9/openfibertargets_nov2020_5/spec-104400-59957-27021598102650775.fits exists, skipping...
spectrum /n/holyscratch01/conroy_lab/vchandra/sdss5/spectra/v6_0_9/openfibertargets_nov2020_5/spec-104400-59957-27021598102763512.fits exists, skipping...
spectrum /n/holyscratch01/conroy_lab/vchandra/sdss5/spectra/v6_0_9/openfibertargets_nov2020_5/spec-104403-59691-27021598149712116.fits exists, skipping...
spectrum /n/holyscratch01/conroy_lab/vchandra/sdss5/spectra/v6_0_9/openfibertargets_nov2020_5/spec-104403-59691-27021598149800096.fits exists, skipping...
spectrum /n/holyscratch01/conroy_lab/vchandra/sdss5/spectra/v6_0_9/openfibertargets_nov2020_5/spec-104569-59820-27021597926547637.fits exists, skipping...
spectrum /n/holyscratch01/conroy_lab/vchandra/sdss5/spectra/v6_0_9/openfibertargets_nov2020_5/spec-104569-59820-27021597935956539.fits exists, skipping...
spectrum /n/holyscratch01/conroy_lab/vchandra/sdss5/spectra/v6_0_9/openfibertargets_nov2020_5/spec-104619-59910-27021597957531787.fits exists, skipping...
spectrum /n/holyscratch01/conroy_lab/vchandra/sdss5/spectra/v6_0_9/openfibertargets_nov2020_5/spec-104634-59844-27021597929861913.fits exists, skipping...
spectrum /n/holyscratch01/conroy_lab/vchandra/sdss5/spectra/v6_0_9/openfibertargets_nov2020_5/spec-104634-59844-27021597929865574.fits exists, skipping...
spectrum /n/holyscratch01/conroy_lab/vchandra/sdss5/spectra/v6_0_9/openfibertargets_nov2020_5/spec-104637-59820-27021597958264254.fits exists, skipping...
spectrum /n/holyscratch01/conroy_lab/vchandra/sdss5/spectra/v6_0_9/openfibertargets_nov2020_5/spec-104646-59793-27021597926518125.fits exists, skipping...
spectrum /n/holyscratch01/conroy_lab/vchandra/sdss5/spectra/v6_0_9/openfibertargets_nov2020_5/spec-104646-59793-27021597926518912.fits exists, skipping...
spectrum /n/holyscratch01/conroy_lab/vchandra/sdss5/spectra/v6_0_9/openfibertargets_nov2020_5/spec-104646-59844-27021597926498094.fits exists, skipping...
spectrum /n/holyscratch01/conroy_lab/vchandra/sdss5/spectra/v6_0_9/openfibertargets_nov2020_5/spec-104647-59906-27021597934525645.fits exists, skipping...
spectrum /n/holyscratch01/conroy_lab/vchandra/sdss5/spectra/v6_0_9/openfibertargets_nov2020_5/spec-104648-59984-27021597934759408.fits exists, skipping...
spectrum /n/holyscratch01/conroy_lab/vchandra/sdss5/spectra/v6_0_9/openfibertargets_nov2020_5/spec-104649-59958-27021597957659856.fits exists, skipping...
spectrum /n/holyscratch01/conroy_lab/vchandra/sdss5/spectra/v6_0_9/openfibertargets_nov2020_5/spec-104656-59820-27021597929808376.fits exists, skipping...
spectrum /n/holyscratch01/conroy_lab/vchandra/sdss5/spectra/v6_0_9/openfibertargets_nov2020_5/spec-104656-59872-27021597940688298.fits exists, skipping...
spectrum /n/holyscratch01/conroy_lab/vchandra/sdss5/spectra/v6_0_9/openfibertargets_nov2020_5/spec-104657-59820-27021597939689423.fits exists, skipping...
Total took 1.4s
