spectro redux directory already exists
There are 30720 spectra from 13 cartons
['mwm_halo_bb_boss', 'mwm_halo_sm_boss', 'openfibertargets_nov2020_5', 'openfibertargets_nov2020_6a', 'openfibertargets_nov2020_6b', 'openfibertargets_nov2020_6c', 'openfibertargets_nov2020_25', 'openfibertargets_nov2020_28a', 'openfibertargets_nov2020_28b', 'openfibertargets_nov2020_28c', 'openfibertargets_nov2020_35a', 'openfibertargets_nov2020_35b', 'openfibertargets_nov2020_35c']
11
openfibertargets_nov2020_35b
downloading openfibertargets_nov2020_35b carton: 128 spectra
openfibertargets_nov2020_35b dir already exists
0 done...
spectrum /n/holyscratch01/conroy_lab/vchandra/sdss5/spectra/v6_0_9/openfibertargets_nov2020_35b/spec-101002-59734-27021598724364591.fits exists, skipping...
spectrum /n/holyscratch01/conroy_lab/vchandra/sdss5/spectra/v6_0_9/openfibertargets_nov2020_35b/spec-101012-59820-27021598721553625.fits exists, skipping...
spectrum /n/holyscratch01/conroy_lab/vchandra/sdss5/spectra/v6_0_9/openfibertargets_nov2020_35b/spec-101043-59844-27021598725022986.fits exists, skipping...
spectrum /n/holyscratch01/conroy_lab/vchandra/sdss5/spectra/v6_0_9/openfibertargets_nov2020_35b/spec-101044-59794-27021598725644242.fits exists, skipping...
spectrum /n/holyscratch01/conroy_lab/vchandra/sdss5/spectra/v6_0_9/openfibertargets_nov2020_35b/spec-101044-59794-27021598725711906.fits exists, skipping...
spectrum /n/holyscratch01/conroy_lab/vchandra/sdss5/spectra/v6_0_9/openfibertargets_nov2020_35b/spec-101044-59794-27021598725719204.fits exists, skipping...
spectrum /n/holyscratch01/conroy_lab/vchandra/sdss5/spectra/v6_0_9/openfibertargets_nov2020_35b/spec-101044-59817-27021598725644242.fits exists, skipping...
spectrum /n/holyscratch01/conroy_lab/vchandra/sdss5/spectra/v6_0_9/openfibertargets_nov2020_35b/spec-101046-59789-27021598726039340.fits exists, skipping...
spectrum /n/holyscratch01/conroy_lab/vchandra/sdss5/spectra/v6_0_9/openfibertargets_nov2020_35b/spec-101057-59847-27021598725131999.fits exists, skipping...
spectrum /n/holyscratch01/conroy_lab/vchandra/sdss5/spectra/v6_0_9/openfibertargets_nov2020_35b/spec-101057-59847-27021598725697740.fits exists, skipping...
spectrum /n/holyscratch01/conroy_lab/vchandra/sdss5/spectra/v6_0_9/openfibertargets_nov2020_35b/spec-101059-59797-27021598726266032.fits exists, skipping...
spectrum /n/holyscratch01/conroy_lab/vchandra/sdss5/spectra/v6_0_9/openfibertargets_nov2020_35b/spec-101068-59866-27021598725465928.fits exists, skipping...
spectrum /n/holyscratch01/conroy_lab/vchandra/sdss5/spectra/v6_0_9/openfibertargets_nov2020_35b/spec-101077-59845-27021597926109127.fits exists, skipping...
spectrum /n/holyscratch01/conroy_lab/vchandra/sdss5/spectra/v6_0_9/openfibertargets_nov2020_35b/spec-101077-59845-27021597926212266.fits exists, skipping...
spectrum /n/holyscratch01/conroy_lab/vchandra/sdss5/spectra/v6_0_9/openfibertargets_nov2020_35b/spec-101077-59845-27021597926249156.fits exists, skipping...
spectrum /n/holyscratch01/conroy_lab/vchandra/sdss5/spectra/v6_0_9/openfibertargets_nov2020_35b/spec-101079-59764-27021597926267118.fits exists, skipping...
spectrum /n/holyscratch01/conroy_lab/vchandra/sdss5/spectra/v6_0_9/openfibertargets_nov2020_35b/spec-101210-59662-27021598131890131.fits exists, skipping...
spectrum /n/holyscratch01/conroy_lab/vchandra/sdss5/spectra/v6_0_9/openfibertargets_nov2020_35b/spec-101234-59951-27021598131124036.fits exists, skipping...
spectrum /n/holyscratch01/conroy_lab/vchandra/sdss5/spectra/v6_0_9/openfibertargets_nov2020_35b/spec-101234-59951-27021598131127046.fits exists, skipping...
spectrum /n/holyscratch01/conroy_lab/vchandra/sdss5/spectra/v6_0_9/openfibertargets_nov2020_35b/spec-101235-59974-27021598131057880.fits exists, skipping...
spectrum /n/holyscratch01/conroy_lab/vchandra/sdss5/spectra/v6_0_9/openfibertargets_nov2020_35b/spec-101243-59957-27021598131089132.fits exists, skipping...
spectrum /n/holyscratch01/conroy_lab/vchandra/sdss5/spectra/v6_0_9/openfibertargets_nov2020_35b/spec-101243-59957-27021598131095815.fits exists, skipping...
spectrum /n/holyscratch01/conroy_lab/vchandra/sdss5/spectra/v6_0_9/openfibertargets_nov2020_35b/spec-101244-59658-27021598131092885.fits exists, skipping...
spectrum /n/holyscratch01/conroy_lab/vchandra/sdss5/spectra/v6_0_9/openfibertargets_nov2020_35b/spec-101253-59702-27021598130972867.fits exists, skipping...
spectrum /n/holyscratch01/conroy_lab/vchandra/sdss5/spectra/v6_0_9/openfibertargets_nov2020_35b/spec-101253-59704-27021598130972867.fits exists, skipping...
spectrum /n/holyscratch01/conroy_lab/vchandra/sdss5/spectra/v6_0_9/openfibertargets_nov2020_35b/spec-101254-59658-27021598130956517.fits exists, skipping...
spectrum /n/holyscratch01/conroy_lab/vchandra/sdss5/spectra/v6_0_9/openfibertargets_nov2020_35b/spec-101254-59658-27021598131062237.fits exists, skipping...
spectrum /n/holyscratch01/conroy_lab/vchandra/sdss5/spectra/v6_0_9/openfibertargets_nov2020_35b/spec-101254-59658-27021598131070451.fits exists, skipping...
spectrum /n/holyscratch01/conroy_lab/vchandra/sdss5/spectra/v6_0_9/openfibertargets_nov2020_35b/spec-101263-59949-27021598130943098.fits exists, skipping...
spectrum /n/holyscratch01/conroy_lab/vchandra/sdss5/spectra/v6_0_9/openfibertargets_nov2020_35b/spec-101263-59949-27021598130953616.fits exists, skipping...
spectrum /n/holyscratch01/conroy_lab/vchandra/sdss5/spectra/v6_0_9/openfibertargets_nov2020_35b/spec-101263-59949-27021598130963068.fits exists, skipping...
spectrum /n/holyscratch01/conroy_lab/vchandra/sdss5/spectra/v6_0_9/openfibertargets_nov2020_35b/spec-101271-59924-27021598130916908.fits exists, skipping...
spectrum /n/holyscratch01/conroy_lab/vchandra/sdss5/spectra/v6_0_9/openfibertargets_nov2020_35b/spec-101271-59924-27021598130924714.fits exists, skipping...
spectrum /n/holyscratch01/conroy_lab/vchandra/sdss5/spectra/v6_0_9/openfibertargets_nov2020_35b/spec-101271-59924-27021598130929627.fits exists, skipping...
spectrum /n/holyscratch01/conroy_lab/vchandra/sdss5/spectra/v6_0_9/openfibertargets_nov2020_35b/spec-101271-59924-27021598130929773.fits exists, skipping...
spectrum /n/holyscratch01/conroy_lab/vchandra/sdss5/spectra/v6_0_9/openfibertargets_nov2020_35b/spec-101271-59924-27021598130934328.fits exists, skipping...
spectrum /n/holyscratch01/conroy_lab/vchandra/sdss5/spectra/v6_0_9/openfibertargets_nov2020_35b/spec-101284-59699-27021598128459501.fits exists, skipping...
spectrum /n/holyscratch01/conroy_lab/vchandra/sdss5/spectra/v6_0_9/openfibertargets_nov2020_35b/spec-101284-59699-27021598128464014.fits exists, skipping...
spectrum /n/holyscratch01/conroy_lab/vchandra/sdss5/spectra/v6_0_9/openfibertargets_nov2020_35b/spec-101284-59699-27021598128483791.fits exists, skipping...
spectrum /n/holyscratch01/conroy_lab/vchandra/sdss5/spectra/v6_0_9/openfibertargets_nov2020_35b/spec-101285-59924-27021598128417975.fits exists, skipping...
spectrum /n/holyscratch01/conroy_lab/vchandra/sdss5/spectra/v6_0_9/openfibertargets_nov2020_35b/spec-101285-59924-27021598128419726.fits exists, skipping...
spectrum /n/holyscratch01/conroy_lab/vchandra/sdss5/spectra/v6_0_9/openfibertargets_nov2020_35b/spec-101285-59924-27021598128442610.fits exists, skipping...
spectrum /n/holyscratch01/conroy_lab/vchandra/sdss5/spectra/v6_0_9/openfibertargets_nov2020_35b/spec-101285-59924-27021598128465373.fits exists, skipping...
spectrum /n/holyscratch01/conroy_lab/vchandra/sdss5/spectra/v6_0_9/openfibertargets_nov2020_35b/spec-101285-59924-27021598128465406.fits exists, skipping...
spectrum /n/holyscratch01/conroy_lab/vchandra/sdss5/spectra/v6_0_9/openfibertargets_nov2020_35b/spec-101285-59924-27021598128465678.fits exists, skipping...
spectrum /n/holyscratch01/conroy_lab/vchandra/sdss5/spectra/v6_0_9/openfibertargets_nov2020_35b/spec-101285-59924-27021598128466094.fits exists, skipping...
spectrum /n/holyscratch01/conroy_lab/vchandra/sdss5/spectra/v6_0_9/openfibertargets_nov2020_35b/spec-101285-59924-27021598128478334.fits exists, skipping...
spectrum /n/holyscratch01/conroy_lab/vchandra/sdss5/spectra/v6_0_9/openfibertargets_nov2020_35b/spec-101286-59658-27021598128432076.fits exists, skipping...
spectrum /n/holyscratch01/conroy_lab/vchandra/sdss5/spectra/v6_0_9/openfibertargets_nov2020_35b/spec-101286-59658-27021598128442871.fits exists, skipping...
spectrum /n/holyscratch01/conroy_lab/vchandra/sdss5/spectra/v6_0_9/openfibertargets_nov2020_35b/spec-101287-59679-27021598128344552.fits exists, skipping...
spectrum /n/holyscratch01/conroy_lab/vchandra/sdss5/spectra/v6_0_9/openfibertargets_nov2020_35b/spec-101287-59679-27021598128351206.fits exists, skipping...
spectrum /n/holyscratch01/conroy_lab/vchandra/sdss5/spectra/v6_0_9/openfibertargets_nov2020_35b/spec-101287-59679-27021598128352702.fits exists, skipping...
spectrum /n/holyscratch01/conroy_lab/vchandra/sdss5/spectra/v6_0_9/openfibertargets_nov2020_35b/spec-101288-59683-27021598128313377.fits exists, skipping...
spectrum /n/holyscratch01/conroy_lab/vchandra/sdss5/spectra/v6_0_9/openfibertargets_nov2020_35b/spec-101288-59683-27021598128317000.fits exists, skipping...
spectrum /n/holyscratch01/conroy_lab/vchandra/sdss5/spectra/v6_0_9/openfibertargets_nov2020_35b/spec-101289-59683-27021598127889126.fits exists, skipping...
spectrum /n/holyscratch01/conroy_lab/vchandra/sdss5/spectra/v6_0_9/openfibertargets_nov2020_35b/spec-101294-59923-27021598128449894.fits exists, skipping...
spectrum /n/holyscratch01/conroy_lab/vchandra/sdss5/spectra/v6_0_9/openfibertargets_nov2020_35b/spec-102300-59690-27021598334096943.fits exists, skipping...
spectrum /n/holyscratch01/conroy_lab/vchandra/sdss5/spectra/v6_0_9/openfibertargets_nov2020_35b/spec-102301-59977-27021598333710772.fits exists, skipping...
spectrum /n/holyscratch01/conroy_lab/vchandra/sdss5/spectra/v6_0_9/openfibertargets_nov2020_35b/spec-102301-59977-27021598333716069.fits exists, skipping...
spectrum /n/holyscratch01/conroy_lab/vchandra/sdss5/spectra/v6_0_9/openfibertargets_nov2020_35b/spec-102301-59977-27021598334035595.fits exists, skipping...
spectrum /n/holyscratch01/conroy_lab/vchandra/sdss5/spectra/v6_0_9/openfibertargets_nov2020_35b/spec-102301-59977-27021598334048637.fits exists, skipping...
spectrum /n/holyscratch01/conroy_lab/vchandra/sdss5/spectra/v6_0_9/openfibertargets_nov2020_35b/spec-102747-59964-27021597933485059.fits exists, skipping...
spectrum /n/holyscratch01/conroy_lab/vchandra/sdss5/spectra/v6_0_9/openfibertargets_nov2020_35b/spec-102747-59964-27021597933488544.fits exists, skipping...
spectrum /n/holyscratch01/conroy_lab/vchandra/sdss5/spectra/v6_0_9/openfibertargets_nov2020_35b/spec-102747-59964-27021597933495143.fits exists, skipping...
spectrum /n/holyscratch01/conroy_lab/vchandra/sdss5/spectra/v6_0_9/openfibertargets_nov2020_35b/spec-102747-59966-27021597933485059.fits exists, skipping...
spectrum /n/holyscratch01/conroy_lab/vchandra/sdss5/spectra/v6_0_9/openfibertargets_nov2020_35b/spec-102747-59966-27021597933488544.fits exists, skipping...
spectrum /n/holyscratch01/conroy_lab/vchandra/sdss5/spectra/v6_0_9/openfibertargets_nov2020_35b/spec-102747-59966-27021597933495143.fits exists, skipping...
spectrum /n/holyscratch01/conroy_lab/vchandra/sdss5/spectra/v6_0_9/openfibertargets_nov2020_35b/spec-103387-59977-27021598039626157.fits exists, skipping...
spectrum /n/holyscratch01/conroy_lab/vchandra/sdss5/spectra/v6_0_9/openfibertargets_nov2020_35b/spec-103490-59935-27021597929648503.fits exists, skipping...
spectrum /n/holyscratch01/conroy_lab/vchandra/sdss5/spectra/v6_0_9/openfibertargets_nov2020_35b/spec-103491-59895-27021597929628073.fits exists, skipping...
spectrum /n/holyscratch01/conroy_lab/vchandra/sdss5/spectra/v6_0_9/openfibertargets_nov2020_35b/spec-103491-59895-27021597929629944.fits exists, skipping...
spectrum /n/holyscratch01/conroy_lab/vchandra/sdss5/spectra/v6_0_9/openfibertargets_nov2020_35b/spec-103491-59895-27021597929636035.fits exists, skipping...
spectrum /n/holyscratch01/conroy_lab/vchandra/sdss5/spectra/v6_0_9/openfibertargets_nov2020_35b/spec-103499-59939-27021597929343473.fits exists, skipping...
spectrum /n/holyscratch01/conroy_lab/vchandra/sdss5/spectra/v6_0_9/openfibertargets_nov2020_35b/spec-103499-59939-27021597929547962.fits exists, skipping...
spectrum /n/holyscratch01/conroy_lab/vchandra/sdss5/spectra/v6_0_9/openfibertargets_nov2020_35b/spec-103499-59939-27021597929554839.fits exists, skipping...
spectrum /n/holyscratch01/conroy_lab/vchandra/sdss5/spectra/v6_0_9/openfibertargets_nov2020_35b/spec-103514-59934-27021597929137963.fits exists, skipping...
spectrum /n/holyscratch01/conroy_lab/vchandra/sdss5/spectra/v6_0_9/openfibertargets_nov2020_35b/spec-103514-59934-27021597929140330.fits exists, skipping...
spectrum /n/holyscratch01/conroy_lab/vchandra/sdss5/spectra/v6_0_9/openfibertargets_nov2020_35b/spec-103516-59933-27021597928837238.fits exists, skipping...
spectrum /n/holyscratch01/conroy_lab/vchandra/sdss5/spectra/v6_0_9/openfibertargets_nov2020_35b/spec-103516-59933-27021597928847903.fits exists, skipping...
spectrum /n/holyscratch01/conroy_lab/vchandra/sdss5/spectra/v6_0_9/openfibertargets_nov2020_35b/spec-103536-59904-27021597928935920.fits exists, skipping...
spectrum /n/holyscratch01/conroy_lab/vchandra/sdss5/spectra/v6_0_9/openfibertargets_nov2020_35b/spec-103558-59894-27021597927804321.fits exists, skipping...
spectrum /n/holyscratch01/conroy_lab/vchandra/sdss5/spectra/v6_0_9/openfibertargets_nov2020_35b/spec-103558-59894-27021597928565038.fits exists, skipping...
spectrum /n/holyscratch01/conroy_lab/vchandra/sdss5/spectra/v6_0_9/openfibertargets_nov2020_35b/spec-103558-59938-27021597927804321.fits exists, skipping...
spectrum /n/holyscratch01/conroy_lab/vchandra/sdss5/spectra/v6_0_9/openfibertargets_nov2020_35b/spec-103558-59938-27021597928565038.fits exists, skipping...
spectrum /n/holyscratch01/conroy_lab/vchandra/sdss5/spectra/v6_0_9/openfibertargets_nov2020_35b/spec-103561-59894-27021597925567536.fits exists, skipping...
spectrum /n/holyscratch01/conroy_lab/vchandra/sdss5/spectra/v6_0_9/openfibertargets_nov2020_35b/spec-103561-59894-27021597925597495.fits exists, skipping...
spectrum /n/holyscratch01/conroy_lab/vchandra/sdss5/spectra/v6_0_9/openfibertargets_nov2020_35b/spec-103561-59894-27021597925616125.fits exists, skipping...
spectrum /n/holyscratch01/conroy_lab/vchandra/sdss5/spectra/v6_0_9/openfibertargets_nov2020_35b/spec-103564-59872-27021597927141721.fits exists, skipping...
spectrum /n/holyscratch01/conroy_lab/vchandra/sdss5/spectra/v6_0_9/openfibertargets_nov2020_35b/spec-103565-59874-27021597927129514.fits exists, skipping...
spectrum /n/holyscratch01/conroy_lab/vchandra/sdss5/spectra/v6_0_9/openfibertargets_nov2020_35b/spec-103568-59890-27021597926831018.fits exists, skipping...
spectrum /n/holyscratch01/conroy_lab/vchandra/sdss5/spectra/v6_0_9/openfibertargets_nov2020_35b/spec-103568-59890-27021597926889667.fits exists, skipping...
spectrum /n/holyscratch01/conroy_lab/vchandra/sdss5/spectra/v6_0_9/openfibertargets_nov2020_35b/spec-103574-59846-27021597927101991.fits exists, skipping...
spectrum /n/holyscratch01/conroy_lab/vchandra/sdss5/spectra/v6_0_9/openfibertargets_nov2020_35b/spec-103600-59958-27021597970732615.fits exists, skipping...
spectrum /n/holyscratch01/conroy_lab/vchandra/sdss5/spectra/v6_0_9/openfibertargets_nov2020_35b/spec-103658-59939-27021597974959877.fits exists, skipping...
spectrum /n/holyscratch01/conroy_lab/vchandra/sdss5/spectra/v6_0_9/openfibertargets_nov2020_35b/spec-104357-59657-27021598044024205.fits exists, skipping...
spectrum /n/holyscratch01/conroy_lab/vchandra/sdss5/spectra/v6_0_9/openfibertargets_nov2020_35b/spec-104370-59654-27021598048543524.fits exists, skipping...
spectrum /n/holyscratch01/conroy_lab/vchandra/sdss5/spectra/v6_0_9/openfibertargets_nov2020_35b/spec-104375-59658-27021598049639363.fits exists, skipping...
spectrum /n/holyscratch01/conroy_lab/vchandra/sdss5/spectra/v6_0_9/openfibertargets_nov2020_35b/spec-104376-59923-27021598048809309.fits exists, skipping...
spectrum /n/holyscratch01/conroy_lab/vchandra/sdss5/spectra/v6_0_9/openfibertargets_nov2020_35b/spec-104376-59923-27021598048955371.fits exists, skipping...
spectrum /n/holyscratch01/conroy_lab/vchandra/sdss5/spectra/v6_0_9/openfibertargets_nov2020_35b/spec-104376-59923-27021598049577956.fits exists, skipping...
100 done...
spectrum /n/holyscratch01/conroy_lab/vchandra/sdss5/spectra/v6_0_9/openfibertargets_nov2020_35b/spec-104377-59900-27021598048915245.fits exists, skipping...
spectrum /n/holyscratch01/conroy_lab/vchandra/sdss5/spectra/v6_0_9/openfibertargets_nov2020_35b/spec-104377-59900-27021598048923701.fits exists, skipping...
spectrum /n/holyscratch01/conroy_lab/vchandra/sdss5/spectra/v6_0_9/openfibertargets_nov2020_35b/spec-104377-59900-27021598048966727.fits exists, skipping...
spectrum /n/holyscratch01/conroy_lab/vchandra/sdss5/spectra/v6_0_9/openfibertargets_nov2020_35b/spec-104377-59900-27021598048967579.fits exists, skipping...
spectrum /n/holyscratch01/conroy_lab/vchandra/sdss5/spectra/v6_0_9/openfibertargets_nov2020_35b/spec-104384-59679-27021598127849718.fits exists, skipping...
spectrum /n/holyscratch01/conroy_lab/vchandra/sdss5/spectra/v6_0_9/openfibertargets_nov2020_35b/spec-104384-59679-27021598127849874.fits exists, skipping...
spectrum /n/holyscratch01/conroy_lab/vchandra/sdss5/spectra/v6_0_9/openfibertargets_nov2020_35b/spec-104384-59679-27021598127854026.fits exists, skipping...
spectrum /n/holyscratch01/conroy_lab/vchandra/sdss5/spectra/v6_0_9/openfibertargets_nov2020_35b/spec-104384-59679-27021598127874292.fits exists, skipping...
spectrum /n/holyscratch01/conroy_lab/vchandra/sdss5/spectra/v6_0_9/openfibertargets_nov2020_35b/spec-104385-59658-27021598127767169.fits exists, skipping...
spectrum /n/holyscratch01/conroy_lab/vchandra/sdss5/spectra/v6_0_9/openfibertargets_nov2020_35b/spec-104386-59683-27021598127716183.fits exists, skipping...
spectrum /n/holyscratch01/conroy_lab/vchandra/sdss5/spectra/v6_0_9/openfibertargets_nov2020_35b/spec-104386-59683-27021598127718204.fits exists, skipping...
spectrum /n/holyscratch01/conroy_lab/vchandra/sdss5/spectra/v6_0_9/openfibertargets_nov2020_35b/spec-104386-59683-27021598127723725.fits exists, skipping...
spectrum /n/holyscratch01/conroy_lab/vchandra/sdss5/spectra/v6_0_9/openfibertargets_nov2020_35b/spec-104386-59683-27021598127727110.fits exists, skipping...
spectrum /n/holyscratch01/conroy_lab/vchandra/sdss5/spectra/v6_0_9/openfibertargets_nov2020_35b/spec-104387-59898-27021598049922553.fits exists, skipping...
spectrum /n/holyscratch01/conroy_lab/vchandra/sdss5/spectra/v6_0_9/openfibertargets_nov2020_35b/spec-104387-59898-27021598049937167.fits exists, skipping...
spectrum /n/holyscratch01/conroy_lab/vchandra/sdss5/spectra/v6_0_9/openfibertargets_nov2020_35b/spec-104387-59898-27021598049940314.fits exists, skipping...
spectrum /n/holyscratch01/conroy_lab/vchandra/sdss5/spectra/v6_0_9/openfibertargets_nov2020_35b/spec-104387-59898-27021598049945053.fits exists, skipping...
spectrum /n/holyscratch01/conroy_lab/vchandra/sdss5/spectra/v6_0_9/openfibertargets_nov2020_35b/spec-104388-59949-27021598049752718.fits exists, skipping...
spectrum /n/holyscratch01/conroy_lab/vchandra/sdss5/spectra/v6_0_9/openfibertargets_nov2020_35b/spec-104388-59949-27021598049775547.fits exists, skipping...
spectrum /n/holyscratch01/conroy_lab/vchandra/sdss5/spectra/v6_0_9/openfibertargets_nov2020_35b/spec-104388-59949-27021598049877970.fits exists, skipping...
spectrum /n/holyscratch01/conroy_lab/vchandra/sdss5/spectra/v6_0_9/openfibertargets_nov2020_35b/spec-104388-59949-27021598049878755.fits exists, skipping...
spectrum /n/holyscratch01/conroy_lab/vchandra/sdss5/spectra/v6_0_9/openfibertargets_nov2020_35b/spec-104388-59949-27021598049897126.fits exists, skipping...
spectrum /n/holyscratch01/conroy_lab/vchandra/sdss5/spectra/v6_0_9/openfibertargets_nov2020_35b/spec-104389-59902-27021598049678898.fits exists, skipping...
spectrum /n/holyscratch01/conroy_lab/vchandra/sdss5/spectra/v6_0_9/openfibertargets_nov2020_35b/spec-104396-59687-27021598127740277.fits exists, skipping...
spectrum /n/holyscratch01/conroy_lab/vchandra/sdss5/spectra/v6_0_9/openfibertargets_nov2020_35b/spec-104396-59687-27021598127741152.fits exists, skipping...
spectrum /n/holyscratch01/conroy_lab/vchandra/sdss5/spectra/v6_0_9/openfibertargets_nov2020_35b/spec-104396-59687-27021598127759522.fits exists, skipping...
spectrum /n/holyscratch01/conroy_lab/vchandra/sdss5/spectra/v6_0_9/openfibertargets_nov2020_35b/spec-104396-59687-27021598127765720.fits exists, skipping...
spectrum /n/holyscratch01/conroy_lab/vchandra/sdss5/spectra/v6_0_9/openfibertargets_nov2020_35b/spec-104637-59929-27021597933723835.fits exists, skipping...
Total took 0.4s
