spectro redux directory already exists
There are 30720 spectra from 13 cartons
['mwm_halo_bb_boss', 'mwm_halo_sm_boss', 'openfibertargets_nov2020_5', 'openfibertargets_nov2020_6a', 'openfibertargets_nov2020_6b', 'openfibertargets_nov2020_6c', 'openfibertargets_nov2020_25', 'openfibertargets_nov2020_28a', 'openfibertargets_nov2020_28b', 'openfibertargets_nov2020_28c', 'openfibertargets_nov2020_35a', 'openfibertargets_nov2020_35b', 'openfibertargets_nov2020_35c']
12
openfibertargets_nov2020_35c
downloading openfibertargets_nov2020_35c carton: 370 spectra
openfibertargets_nov2020_35c dir already exists
0 done...
spectrum /n/holyscratch01/conroy_lab/vchandra/sdss5/spectra/v6_0_9/openfibertargets_nov2020_35c/spec-023401-59971-27021597920091272.fits exists, skipping...
spectrum /n/holyscratch01/conroy_lab/vchandra/sdss5/spectra/v6_0_9/openfibertargets_nov2020_35c/spec-100144-59955-27021598149934689.fits exists, skipping...
spectrum /n/holyscratch01/conroy_lab/vchandra/sdss5/spectra/v6_0_9/openfibertargets_nov2020_35c/spec-100144-59955-27021598149935889.fits exists, skipping...
spectrum /n/holyscratch01/conroy_lab/vchandra/sdss5/spectra/v6_0_9/openfibertargets_nov2020_35c/spec-100144-59955-27021598149987996.fits exists, skipping...
spectrum /n/holyscratch01/conroy_lab/vchandra/sdss5/spectra/v6_0_9/openfibertargets_nov2020_35c/spec-100144-59955-27021598149988236.fits exists, skipping...
spectrum /n/holyscratch01/conroy_lab/vchandra/sdss5/spectra/v6_0_9/openfibertargets_nov2020_35c/spec-100144-59955-27021598149989900.fits exists, skipping...
spectrum /n/holyscratch01/conroy_lab/vchandra/sdss5/spectra/v6_0_9/openfibertargets_nov2020_35c/spec-100144-59955-27021598150002856.fits exists, skipping...
spectrum /n/holyscratch01/conroy_lab/vchandra/sdss5/spectra/v6_0_9/openfibertargets_nov2020_35c/spec-100144-59955-27021598150003270.fits exists, skipping...
spectrum /n/holyscratch01/conroy_lab/vchandra/sdss5/spectra/v6_0_9/openfibertargets_nov2020_35c/spec-100154-59940-27021598102043451.fits exists, skipping...
spectrum /n/holyscratch01/conroy_lab/vchandra/sdss5/spectra/v6_0_9/openfibertargets_nov2020_35c/spec-100154-59940-27021598102054210.fits exists, skipping...
spectrum /n/holyscratch01/conroy_lab/vchandra/sdss5/spectra/v6_0_9/openfibertargets_nov2020_35c/spec-100313-59817-27021597964638889.fits exists, skipping...
spectrum /n/holyscratch01/conroy_lab/vchandra/sdss5/spectra/v6_0_9/openfibertargets_nov2020_35c/spec-101042-59882-27021597936106286.fits exists, skipping...
spectrum /n/holyscratch01/conroy_lab/vchandra/sdss5/spectra/v6_0_9/openfibertargets_nov2020_35c/spec-101042-59882-27021597936108845.fits exists, skipping...
spectrum /n/holyscratch01/conroy_lab/vchandra/sdss5/spectra/v6_0_9/openfibertargets_nov2020_35c/spec-101042-59882-27021597936127786.fits exists, skipping...
spectrum /n/holyscratch01/conroy_lab/vchandra/sdss5/spectra/v6_0_9/openfibertargets_nov2020_35c/spec-101042-59882-27021597936129833.fits exists, skipping...
spectrum /n/holyscratch01/conroy_lab/vchandra/sdss5/spectra/v6_0_9/openfibertargets_nov2020_35c/spec-101042-59882-27021597936425879.fits exists, skipping...
spectrum /n/holyscratch01/conroy_lab/vchandra/sdss5/spectra/v6_0_9/openfibertargets_nov2020_35c/spec-101042-59882-27021597936444268.fits exists, skipping...
spectrum /n/holyscratch01/conroy_lab/vchandra/sdss5/spectra/v6_0_9/openfibertargets_nov2020_35c/spec-101055-59882-27021597935317121.fits exists, skipping...
spectrum /n/holyscratch01/conroy_lab/vchandra/sdss5/spectra/v6_0_9/openfibertargets_nov2020_35c/spec-101055-59882-27021597935732285.fits exists, skipping...
spectrum /n/holyscratch01/conroy_lab/vchandra/sdss5/spectra/v6_0_9/openfibertargets_nov2020_35c/spec-101056-59874-27021597935187556.fits exists, skipping...
spectrum /n/holyscratch01/conroy_lab/vchandra/sdss5/spectra/v6_0_9/openfibertargets_nov2020_35c/spec-101056-59874-27021597935292365.fits exists, skipping...
spectrum /n/holyscratch01/conroy_lab/vchandra/sdss5/spectra/v6_0_9/openfibertargets_nov2020_35c/spec-101056-59874-27021597935993733.fits exists, skipping...
spectrum /n/holyscratch01/conroy_lab/vchandra/sdss5/spectra/v6_0_9/openfibertargets_nov2020_35c/spec-101061-59866-27021598874801422.fits exists, skipping...
spectrum /n/holyscratch01/conroy_lab/vchandra/sdss5/spectra/v6_0_9/openfibertargets_nov2020_35c/spec-101066-59866-27021597935160624.fits exists, skipping...
spectrum /n/holyscratch01/conroy_lab/vchandra/sdss5/spectra/v6_0_9/openfibertargets_nov2020_35c/spec-101066-59866-27021597935223451.fits exists, skipping...
spectrum /n/holyscratch01/conroy_lab/vchandra/sdss5/spectra/v6_0_9/openfibertargets_nov2020_35c/spec-101066-59866-27021597935262572.fits exists, skipping...
spectrum /n/holyscratch01/conroy_lab/vchandra/sdss5/spectra/v6_0_9/openfibertargets_nov2020_35c/spec-101066-59866-27021597935262929.fits exists, skipping...
spectrum /n/holyscratch01/conroy_lab/vchandra/sdss5/spectra/v6_0_9/openfibertargets_nov2020_35c/spec-101067-59847-27021597935148261.fits exists, skipping...
spectrum /n/holyscratch01/conroy_lab/vchandra/sdss5/spectra/v6_0_9/openfibertargets_nov2020_35c/spec-101072-59874-27021597934987899.fits exists, skipping...
spectrum /n/holyscratch01/conroy_lab/vchandra/sdss5/spectra/v6_0_9/openfibertargets_nov2020_35c/spec-101072-59874-27021597935020820.fits exists, skipping...
spectrum /n/holyscratch01/conroy_lab/vchandra/sdss5/spectra/v6_0_9/openfibertargets_nov2020_35c/spec-101073-59847-27021597935013519.fits exists, skipping...
spectrum /n/holyscratch01/conroy_lab/vchandra/sdss5/spectra/v6_0_9/openfibertargets_nov2020_35c/spec-101073-59847-27021597935194210.fits exists, skipping...
spectrum /n/holyscratch01/conroy_lab/vchandra/sdss5/spectra/v6_0_9/openfibertargets_nov2020_35c/spec-101210-59662-27021598151858187.fits exists, skipping...
spectrum /n/holyscratch01/conroy_lab/vchandra/sdss5/spectra/v6_0_9/openfibertargets_nov2020_35c/spec-101210-59662-27021598151860828.fits exists, skipping...
spectrum /n/holyscratch01/conroy_lab/vchandra/sdss5/spectra/v6_0_9/openfibertargets_nov2020_35c/spec-101210-59673-27021598151858187.fits exists, skipping...
spectrum /n/holyscratch01/conroy_lab/vchandra/sdss5/spectra/v6_0_9/openfibertargets_nov2020_35c/spec-101212-59676-27021598151860918.fits exists, skipping...
spectrum /n/holyscratch01/conroy_lab/vchandra/sdss5/spectra/v6_0_9/openfibertargets_nov2020_35c/spec-101214-59951-27021598151738637.fits exists, skipping...
spectrum /n/holyscratch01/conroy_lab/vchandra/sdss5/spectra/v6_0_9/openfibertargets_nov2020_35c/spec-101214-59951-27021598151794164.fits exists, skipping...
spectrum /n/holyscratch01/conroy_lab/vchandra/sdss5/spectra/v6_0_9/openfibertargets_nov2020_35c/spec-101214-59951-27021598151795993.fits exists, skipping...
spectrum /n/holyscratch01/conroy_lab/vchandra/sdss5/spectra/v6_0_9/openfibertargets_nov2020_35c/spec-101214-59951-27021598151820832.fits exists, skipping...
spectrum /n/holyscratch01/conroy_lab/vchandra/sdss5/spectra/v6_0_9/openfibertargets_nov2020_35c/spec-101214-59951-27021598151821465.fits exists, skipping...
spectrum /n/holyscratch01/conroy_lab/vchandra/sdss5/spectra/v6_0_9/openfibertargets_nov2020_35c/spec-101219-59986-27021598151732006.fits exists, skipping...
spectrum /n/holyscratch01/conroy_lab/vchandra/sdss5/spectra/v6_0_9/openfibertargets_nov2020_35c/spec-101219-59986-27021598151732589.fits exists, skipping...
spectrum /n/holyscratch01/conroy_lab/vchandra/sdss5/spectra/v6_0_9/openfibertargets_nov2020_35c/spec-101219-59986-27021598151786016.fits exists, skipping...
spectrum /n/holyscratch01/conroy_lab/vchandra/sdss5/spectra/v6_0_9/openfibertargets_nov2020_35c/spec-101219-59986-27021598151786094.fits exists, skipping...
spectrum /n/holyscratch01/conroy_lab/vchandra/sdss5/spectra/v6_0_9/openfibertargets_nov2020_35c/spec-101225-59978-27021598151435303.fits exists, skipping...
spectrum /n/holyscratch01/conroy_lab/vchandra/sdss5/spectra/v6_0_9/openfibertargets_nov2020_35c/spec-101225-59978-27021598151435338.fits exists, skipping...
spectrum /n/holyscratch01/conroy_lab/vchandra/sdss5/spectra/v6_0_9/openfibertargets_nov2020_35c/spec-101225-59978-27021598151443222.fits exists, skipping...
spectrum /n/holyscratch01/conroy_lab/vchandra/sdss5/spectra/v6_0_9/openfibertargets_nov2020_35c/spec-101225-59978-27021598151448493.fits exists, skipping...
spectrum /n/holyscratch01/conroy_lab/vchandra/sdss5/spectra/v6_0_9/openfibertargets_nov2020_35c/spec-101225-59978-27021598151449495.fits exists, skipping...
spectrum /n/holyscratch01/conroy_lab/vchandra/sdss5/spectra/v6_0_9/openfibertargets_nov2020_35c/spec-101227-59975-27021598151705897.fits exists, skipping...
spectrum /n/holyscratch01/conroy_lab/vchandra/sdss5/spectra/v6_0_9/openfibertargets_nov2020_35c/spec-101227-59975-27021598151706568.fits exists, skipping...
spectrum /n/holyscratch01/conroy_lab/vchandra/sdss5/spectra/v6_0_9/openfibertargets_nov2020_35c/spec-101232-59977-27021598151410699.fits exists, skipping...
spectrum /n/holyscratch01/conroy_lab/vchandra/sdss5/spectra/v6_0_9/openfibertargets_nov2020_35c/spec-101232-59977-27021598151428320.fits exists, skipping...
spectrum /n/holyscratch01/conroy_lab/vchandra/sdss5/spectra/v6_0_9/openfibertargets_nov2020_35c/spec-101232-59977-27021598151435303.fits exists, skipping...
spectrum /n/holyscratch01/conroy_lab/vchandra/sdss5/spectra/v6_0_9/openfibertargets_nov2020_35c/spec-101232-59977-27021598151435338.fits exists, skipping...
spectrum /n/holyscratch01/conroy_lab/vchandra/sdss5/spectra/v6_0_9/openfibertargets_nov2020_35c/spec-101232-59977-27021598151437943.fits exists, skipping...
spectrum /n/holyscratch01/conroy_lab/vchandra/sdss5/spectra/v6_0_9/openfibertargets_nov2020_35c/spec-101232-59977-27021598151438166.fits exists, skipping...
spectrum /n/holyscratch01/conroy_lab/vchandra/sdss5/spectra/v6_0_9/openfibertargets_nov2020_35c/spec-101233-59958-27021598151359613.fits exists, skipping...
spectrum /n/holyscratch01/conroy_lab/vchandra/sdss5/spectra/v6_0_9/openfibertargets_nov2020_35c/spec-101233-59958-27021598151382639.fits exists, skipping...
spectrum /n/holyscratch01/conroy_lab/vchandra/sdss5/spectra/v6_0_9/openfibertargets_nov2020_35c/spec-101233-59958-27021598151386119.fits exists, skipping...
spectrum /n/holyscratch01/conroy_lab/vchandra/sdss5/spectra/v6_0_9/openfibertargets_nov2020_35c/spec-101234-59951-27021598151366015.fits exists, skipping...
spectrum /n/holyscratch01/conroy_lab/vchandra/sdss5/spectra/v6_0_9/openfibertargets_nov2020_35c/spec-101234-59951-27021598151368476.fits exists, skipping...
spectrum /n/holyscratch01/conroy_lab/vchandra/sdss5/spectra/v6_0_9/openfibertargets_nov2020_35c/spec-101241-59976-27021598151420617.fits exists, skipping...
spectrum /n/holyscratch01/conroy_lab/vchandra/sdss5/spectra/v6_0_9/openfibertargets_nov2020_35c/spec-101242-59958-27021598151336433.fits exists, skipping...
spectrum /n/holyscratch01/conroy_lab/vchandra/sdss5/spectra/v6_0_9/openfibertargets_nov2020_35c/spec-101242-59958-27021598151347036.fits exists, skipping...
spectrum /n/holyscratch01/conroy_lab/vchandra/sdss5/spectra/v6_0_9/openfibertargets_nov2020_35c/spec-101242-59958-27021598151348533.fits exists, skipping...
spectrum /n/holyscratch01/conroy_lab/vchandra/sdss5/spectra/v6_0_9/openfibertargets_nov2020_35c/spec-101242-59958-27021598151348729.fits exists, skipping...
spectrum /n/holyscratch01/conroy_lab/vchandra/sdss5/spectra/v6_0_9/openfibertargets_nov2020_35c/spec-101242-59958-27021598151349640.fits exists, skipping...
spectrum /n/holyscratch01/conroy_lab/vchandra/sdss5/spectra/v6_0_9/openfibertargets_nov2020_35c/spec-101242-59958-27021598151352658.fits exists, skipping...
spectrum /n/holyscratch01/conroy_lab/vchandra/sdss5/spectra/v6_0_9/openfibertargets_nov2020_35c/spec-101242-59958-27021598151353160.fits exists, skipping...
spectrum /n/holyscratch01/conroy_lab/vchandra/sdss5/spectra/v6_0_9/openfibertargets_nov2020_35c/spec-101242-59958-27021598151354165.fits exists, skipping...
spectrum /n/holyscratch01/conroy_lab/vchandra/sdss5/spectra/v6_0_9/openfibertargets_nov2020_35c/spec-101242-59958-27021598151354401.fits exists, skipping...
spectrum /n/holyscratch01/conroy_lab/vchandra/sdss5/spectra/v6_0_9/openfibertargets_nov2020_35c/spec-101242-59958-27021598151354677.fits exists, skipping...
spectrum /n/holyscratch01/conroy_lab/vchandra/sdss5/spectra/v6_0_9/openfibertargets_nov2020_35c/spec-101242-59958-27021598151355213.fits exists, skipping...
spectrum /n/holyscratch01/conroy_lab/vchandra/sdss5/spectra/v6_0_9/openfibertargets_nov2020_35c/spec-101242-59958-27021598151355495.fits exists, skipping...
spectrum /n/holyscratch01/conroy_lab/vchandra/sdss5/spectra/v6_0_9/openfibertargets_nov2020_35c/spec-101242-59958-27021598151356871.fits exists, skipping...
spectrum /n/holyscratch01/conroy_lab/vchandra/sdss5/spectra/v6_0_9/openfibertargets_nov2020_35c/spec-101242-59958-27021598151359938.fits exists, skipping...
spectrum /n/holyscratch01/conroy_lab/vchandra/sdss5/spectra/v6_0_9/openfibertargets_nov2020_35c/spec-101242-59958-27021598151360453.fits exists, skipping...
spectrum /n/holyscratch01/conroy_lab/vchandra/sdss5/spectra/v6_0_9/openfibertargets_nov2020_35c/spec-101242-59958-27021598151360525.fits exists, skipping...
spectrum /n/holyscratch01/conroy_lab/vchandra/sdss5/spectra/v6_0_9/openfibertargets_nov2020_35c/spec-101242-59958-27021598151360769.fits exists, skipping...
spectrum /n/holyscratch01/conroy_lab/vchandra/sdss5/spectra/v6_0_9/openfibertargets_nov2020_35c/spec-101243-59957-27021598151344632.fits exists, skipping...
spectrum /n/holyscratch01/conroy_lab/vchandra/sdss5/spectra/v6_0_9/openfibertargets_nov2020_35c/spec-101249-59697-27021598151533684.fits exists, skipping...
spectrum /n/holyscratch01/conroy_lab/vchandra/sdss5/spectra/v6_0_9/openfibertargets_nov2020_35c/spec-101249-59697-27021598151536015.fits exists, skipping...
spectrum /n/holyscratch01/conroy_lab/vchandra/sdss5/spectra/v6_0_9/openfibertargets_nov2020_35c/spec-101249-59697-27021598151557384.fits exists, skipping...
spectrum /n/holyscratch01/conroy_lab/vchandra/sdss5/spectra/v6_0_9/openfibertargets_nov2020_35c/spec-101250-59984-27021598151501249.fits exists, skipping...
spectrum /n/holyscratch01/conroy_lab/vchandra/sdss5/spectra/v6_0_9/openfibertargets_nov2020_35c/spec-101250-59984-27021598151503121.fits exists, skipping...
spectrum /n/holyscratch01/conroy_lab/vchandra/sdss5/spectra/v6_0_9/openfibertargets_nov2020_35c/spec-101251-59975-27021598151320361.fits exists, skipping...
spectrum /n/holyscratch01/conroy_lab/vchandra/sdss5/spectra/v6_0_9/openfibertargets_nov2020_35c/spec-101252-59706-27021598151255838.fits exists, skipping...
spectrum /n/holyscratch01/conroy_lab/vchandra/sdss5/spectra/v6_0_9/openfibertargets_nov2020_35c/spec-101252-59706-27021598151258324.fits exists, skipping...
spectrum /n/holyscratch01/conroy_lab/vchandra/sdss5/spectra/v6_0_9/openfibertargets_nov2020_35c/spec-101252-59706-27021598151259586.fits exists, skipping...
spectrum /n/holyscratch01/conroy_lab/vchandra/sdss5/spectra/v6_0_9/openfibertargets_nov2020_35c/spec-101252-59706-27021598151261319.fits exists, skipping...
spectrum /n/holyscratch01/conroy_lab/vchandra/sdss5/spectra/v6_0_9/openfibertargets_nov2020_35c/spec-101252-59706-27021598151303609.fits exists, skipping...
spectrum /n/holyscratch01/conroy_lab/vchandra/sdss5/spectra/v6_0_9/openfibertargets_nov2020_35c/spec-101253-59702-27021598151245559.fits exists, skipping...
spectrum /n/holyscratch01/conroy_lab/vchandra/sdss5/spectra/v6_0_9/openfibertargets_nov2020_35c/spec-101253-59702-27021598151246233.fits exists, skipping...
spectrum /n/holyscratch01/conroy_lab/vchandra/sdss5/spectra/v6_0_9/openfibertargets_nov2020_35c/spec-101253-59702-27021598151334100.fits exists, skipping...
spectrum /n/holyscratch01/conroy_lab/vchandra/sdss5/spectra/v6_0_9/openfibertargets_nov2020_35c/spec-101253-59704-27021598151245559.fits exists, skipping...
spectrum /n/holyscratch01/conroy_lab/vchandra/sdss5/spectra/v6_0_9/openfibertargets_nov2020_35c/spec-101253-59704-27021598151246233.fits exists, skipping...
spectrum /n/holyscratch01/conroy_lab/vchandra/sdss5/spectra/v6_0_9/openfibertargets_nov2020_35c/spec-101253-59704-27021598151334100.fits exists, skipping...
spectrum /n/holyscratch01/conroy_lab/vchandra/sdss5/spectra/v6_0_9/openfibertargets_nov2020_35c/spec-101259-59956-27021598151472812.fits exists, skipping...
100 done...
spectrum /n/holyscratch01/conroy_lab/vchandra/sdss5/spectra/v6_0_9/openfibertargets_nov2020_35c/spec-101259-59956-27021598151482755.fits exists, skipping...
spectrum /n/holyscratch01/conroy_lab/vchandra/sdss5/spectra/v6_0_9/openfibertargets_nov2020_35c/spec-101261-59640-27021598151295251.fits exists, skipping...
spectrum /n/holyscratch01/conroy_lab/vchandra/sdss5/spectra/v6_0_9/openfibertargets_nov2020_35c/spec-101261-59640-27021598151296824.fits exists, skipping...
spectrum /n/holyscratch01/conroy_lab/vchandra/sdss5/spectra/v6_0_9/openfibertargets_nov2020_35c/spec-101261-59640-27021598151298523.fits exists, skipping...
spectrum /n/holyscratch01/conroy_lab/vchandra/sdss5/spectra/v6_0_9/openfibertargets_nov2020_35c/spec-101261-59640-27021598151301426.fits exists, skipping...
spectrum /n/holyscratch01/conroy_lab/vchandra/sdss5/spectra/v6_0_9/openfibertargets_nov2020_35c/spec-101261-59641-27021598151295251.fits exists, skipping...
spectrum /n/holyscratch01/conroy_lab/vchandra/sdss5/spectra/v6_0_9/openfibertargets_nov2020_35c/spec-101261-59641-27021598151296824.fits exists, skipping...
spectrum /n/holyscratch01/conroy_lab/vchandra/sdss5/spectra/v6_0_9/openfibertargets_nov2020_35c/spec-101261-59641-27021598151298523.fits exists, skipping...
spectrum /n/holyscratch01/conroy_lab/vchandra/sdss5/spectra/v6_0_9/openfibertargets_nov2020_35c/spec-101261-59641-27021598151301426.fits exists, skipping...
spectrum /n/holyscratch01/conroy_lab/vchandra/sdss5/spectra/v6_0_9/openfibertargets_nov2020_35c/spec-101262-59950-27021598151207235.fits exists, skipping...
spectrum /n/holyscratch01/conroy_lab/vchandra/sdss5/spectra/v6_0_9/openfibertargets_nov2020_35c/spec-101262-59950-27021598151208265.fits exists, skipping...
spectrum /n/holyscratch01/conroy_lab/vchandra/sdss5/spectra/v6_0_9/openfibertargets_nov2020_35c/spec-101262-59950-27021598151236047.fits exists, skipping...
spectrum /n/holyscratch01/conroy_lab/vchandra/sdss5/spectra/v6_0_9/openfibertargets_nov2020_35c/spec-101262-59950-27021598151247949.fits exists, skipping...
spectrum /n/holyscratch01/conroy_lab/vchandra/sdss5/spectra/v6_0_9/openfibertargets_nov2020_35c/spec-101262-59950-27021598151248339.fits exists, skipping...
spectrum /n/holyscratch01/conroy_lab/vchandra/sdss5/spectra/v6_0_9/openfibertargets_nov2020_35c/spec-101266-59698-27021598150517360.fits exists, skipping...
spectrum /n/holyscratch01/conroy_lab/vchandra/sdss5/spectra/v6_0_9/openfibertargets_nov2020_35c/spec-101266-59939-27021598150517360.fits exists, skipping...
spectrum /n/holyscratch01/conroy_lab/vchandra/sdss5/spectra/v6_0_9/openfibertargets_nov2020_35c/spec-101270-59925-27021598151208634.fits exists, skipping...
spectrum /n/holyscratch01/conroy_lab/vchandra/sdss5/spectra/v6_0_9/openfibertargets_nov2020_35c/spec-101270-59925-27021598151216635.fits exists, skipping...
spectrum /n/holyscratch01/conroy_lab/vchandra/sdss5/spectra/v6_0_9/openfibertargets_nov2020_35c/spec-101270-59925-27021598151217448.fits exists, skipping...
spectrum /n/holyscratch01/conroy_lab/vchandra/sdss5/spectra/v6_0_9/openfibertargets_nov2020_35c/spec-101273-59974-27021598150487053.fits exists, skipping...
spectrum /n/holyscratch01/conroy_lab/vchandra/sdss5/spectra/v6_0_9/openfibertargets_nov2020_35c/spec-101273-59974-27021598150497608.fits exists, skipping...
spectrum /n/holyscratch01/conroy_lab/vchandra/sdss5/spectra/v6_0_9/openfibertargets_nov2020_35c/spec-101273-59974-27021598150938936.fits exists, skipping...
spectrum /n/holyscratch01/conroy_lab/vchandra/sdss5/spectra/v6_0_9/openfibertargets_nov2020_35c/spec-101273-59974-27021598150939430.fits exists, skipping...
spectrum /n/holyscratch01/conroy_lab/vchandra/sdss5/spectra/v6_0_9/openfibertargets_nov2020_35c/spec-101274-59975-27021598150436218.fits exists, skipping...
spectrum /n/holyscratch01/conroy_lab/vchandra/sdss5/spectra/v6_0_9/openfibertargets_nov2020_35c/spec-101274-59975-27021598150481353.fits exists, skipping...
spectrum /n/holyscratch01/conroy_lab/vchandra/sdss5/spectra/v6_0_9/openfibertargets_nov2020_35c/spec-101274-59975-27021598150484810.fits exists, skipping...
spectrum /n/holyscratch01/conroy_lab/vchandra/sdss5/spectra/v6_0_9/openfibertargets_nov2020_35c/spec-101275-59666-27021598150308811.fits exists, skipping...
spectrum /n/holyscratch01/conroy_lab/vchandra/sdss5/spectra/v6_0_9/openfibertargets_nov2020_35c/spec-101275-59666-27021598150447905.fits exists, skipping...
spectrum /n/holyscratch01/conroy_lab/vchandra/sdss5/spectra/v6_0_9/openfibertargets_nov2020_35c/spec-101275-59666-27021598150451540.fits exists, skipping...
spectrum /n/holyscratch01/conroy_lab/vchandra/sdss5/spectra/v6_0_9/openfibertargets_nov2020_35c/spec-101276-59644-27021598150250456.fits exists, skipping...
spectrum /n/holyscratch01/conroy_lab/vchandra/sdss5/spectra/v6_0_9/openfibertargets_nov2020_35c/spec-101276-59644-27021598150295105.fits exists, skipping...
spectrum /n/holyscratch01/conroy_lab/vchandra/sdss5/spectra/v6_0_9/openfibertargets_nov2020_35c/spec-101276-59644-27021598150304593.fits exists, skipping...
spectrum /n/holyscratch01/conroy_lab/vchandra/sdss5/spectra/v6_0_9/openfibertargets_nov2020_35c/spec-101276-59644-27021598150305876.fits exists, skipping...
spectrum /n/holyscratch01/conroy_lab/vchandra/sdss5/spectra/v6_0_9/openfibertargets_nov2020_35c/spec-101276-59644-27021598150308922.fits exists, skipping...
spectrum /n/holyscratch01/conroy_lab/vchandra/sdss5/spectra/v6_0_9/openfibertargets_nov2020_35c/spec-101277-59925-27021598150233342.fits exists, skipping...
spectrum /n/holyscratch01/conroy_lab/vchandra/sdss5/spectra/v6_0_9/openfibertargets_nov2020_35c/spec-101277-59925-27021598150239674.fits exists, skipping...
spectrum /n/holyscratch01/conroy_lab/vchandra/sdss5/spectra/v6_0_9/openfibertargets_nov2020_35c/spec-101277-59925-27021598150242844.fits exists, skipping...
spectrum /n/holyscratch01/conroy_lab/vchandra/sdss5/spectra/v6_0_9/openfibertargets_nov2020_35c/spec-101280-59958-27021598150401630.fits exists, skipping...
spectrum /n/holyscratch01/conroy_lab/vchandra/sdss5/spectra/v6_0_9/openfibertargets_nov2020_35c/spec-101280-59958-27021598150402773.fits exists, skipping...
spectrum /n/holyscratch01/conroy_lab/vchandra/sdss5/spectra/v6_0_9/openfibertargets_nov2020_35c/spec-101280-59958-27021598150404745.fits exists, skipping...
spectrum /n/holyscratch01/conroy_lab/vchandra/sdss5/spectra/v6_0_9/openfibertargets_nov2020_35c/spec-101280-59958-27021598150407013.fits exists, skipping...
spectrum /n/holyscratch01/conroy_lab/vchandra/sdss5/spectra/v6_0_9/openfibertargets_nov2020_35c/spec-101280-59958-27021598150473331.fits exists, skipping...
spectrum /n/holyscratch01/conroy_lab/vchandra/sdss5/spectra/v6_0_9/openfibertargets_nov2020_35c/spec-101280-59958-27021598150473538.fits exists, skipping...
spectrum /n/holyscratch01/conroy_lab/vchandra/sdss5/spectra/v6_0_9/openfibertargets_nov2020_35c/spec-101281-59641-27021598150364427.fits exists, skipping...
spectrum /n/holyscratch01/conroy_lab/vchandra/sdss5/spectra/v6_0_9/openfibertargets_nov2020_35c/spec-101281-59641-27021598150435069.fits exists, skipping...
spectrum /n/holyscratch01/conroy_lab/vchandra/sdss5/spectra/v6_0_9/openfibertargets_nov2020_35c/spec-101282-59666-27021598150274027.fits exists, skipping...
spectrum /n/holyscratch01/conroy_lab/vchandra/sdss5/spectra/v6_0_9/openfibertargets_nov2020_35c/spec-101283-59955-27021598150213145.fits exists, skipping...
spectrum /n/holyscratch01/conroy_lab/vchandra/sdss5/spectra/v6_0_9/openfibertargets_nov2020_35c/spec-101283-59955-27021598150221946.fits exists, skipping...
spectrum /n/holyscratch01/conroy_lab/vchandra/sdss5/spectra/v6_0_9/openfibertargets_nov2020_35c/spec-101283-59955-27021598150222020.fits exists, skipping...
spectrum /n/holyscratch01/conroy_lab/vchandra/sdss5/spectra/v6_0_9/openfibertargets_nov2020_35c/spec-101283-59955-27021598150224223.fits exists, skipping...
spectrum /n/holyscratch01/conroy_lab/vchandra/sdss5/spectra/v6_0_9/openfibertargets_nov2020_35c/spec-101283-59955-27021598150226012.fits exists, skipping...
spectrum /n/holyscratch01/conroy_lab/vchandra/sdss5/spectra/v6_0_9/openfibertargets_nov2020_35c/spec-101283-59955-27021598150269068.fits exists, skipping...
spectrum /n/holyscratch01/conroy_lab/vchandra/sdss5/spectra/v6_0_9/openfibertargets_nov2020_35c/spec-101293-59925-27021598150174763.fits exists, skipping...
spectrum /n/holyscratch01/conroy_lab/vchandra/sdss5/spectra/v6_0_9/openfibertargets_nov2020_35c/spec-101293-59925-27021598150179395.fits exists, skipping...
spectrum /n/holyscratch01/conroy_lab/vchandra/sdss5/spectra/v6_0_9/openfibertargets_nov2020_35c/spec-101294-59923-27021598150197562.fits exists, skipping...
spectrum /n/holyscratch01/conroy_lab/vchandra/sdss5/spectra/v6_0_9/openfibertargets_nov2020_35c/spec-101294-59923-27021598150198824.fits exists, skipping...
spectrum /n/holyscratch01/conroy_lab/vchandra/sdss5/spectra/v6_0_9/openfibertargets_nov2020_35c/spec-101296-59694-27021598150094046.fits exists, skipping...
spectrum /n/holyscratch01/conroy_lab/vchandra/sdss5/spectra/v6_0_9/openfibertargets_nov2020_35c/spec-101296-59694-27021598150097323.fits exists, skipping...
spectrum /n/holyscratch01/conroy_lab/vchandra/sdss5/spectra/v6_0_9/openfibertargets_nov2020_35c/spec-101296-59694-27021598150097866.fits exists, skipping...
spectrum /n/holyscratch01/conroy_lab/vchandra/sdss5/spectra/v6_0_9/openfibertargets_nov2020_35c/spec-101299-59957-27021598150326835.fits exists, skipping...
spectrum /n/holyscratch01/conroy_lab/vchandra/sdss5/spectra/v6_0_9/openfibertargets_nov2020_35c/spec-101300-59665-27021598150171593.fits exists, skipping...
spectrum /n/holyscratch01/conroy_lab/vchandra/sdss5/spectra/v6_0_9/openfibertargets_nov2020_35c/spec-101303-59958-27021598149882783.fits exists, skipping...
spectrum /n/holyscratch01/conroy_lab/vchandra/sdss5/spectra/v6_0_9/openfibertargets_nov2020_35c/spec-101303-59958-27021598150016556.fits exists, skipping...
spectrum /n/holyscratch01/conroy_lab/vchandra/sdss5/spectra/v6_0_9/openfibertargets_nov2020_35c/spec-101303-59958-27021598150017015.fits exists, skipping...
spectrum /n/holyscratch01/conroy_lab/vchandra/sdss5/spectra/v6_0_9/openfibertargets_nov2020_35c/spec-101303-59958-27021598150019808.fits exists, skipping...
spectrum /n/holyscratch01/conroy_lab/vchandra/sdss5/spectra/v6_0_9/openfibertargets_nov2020_35c/spec-101303-59958-27021598150020238.fits exists, skipping...
spectrum /n/holyscratch01/conroy_lab/vchandra/sdss5/spectra/v6_0_9/openfibertargets_nov2020_35c/spec-101303-59958-27021598150021315.fits exists, skipping...
spectrum /n/holyscratch01/conroy_lab/vchandra/sdss5/spectra/v6_0_9/openfibertargets_nov2020_35c/spec-101303-59958-27021598150022331.fits exists, skipping...
spectrum /n/holyscratch01/conroy_lab/vchandra/sdss5/spectra/v6_0_9/openfibertargets_nov2020_35c/spec-101439-59977-27021598151970718.fits exists, skipping...
spectrum /n/holyscratch01/conroy_lab/vchandra/sdss5/spectra/v6_0_9/openfibertargets_nov2020_35c/spec-101439-59977-27021598152160808.fits exists, skipping...
spectrum /n/holyscratch01/conroy_lab/vchandra/sdss5/spectra/v6_0_9/openfibertargets_nov2020_35c/spec-101446-59978-27021598151966337.fits exists, skipping...
spectrum /n/holyscratch01/conroy_lab/vchandra/sdss5/spectra/v6_0_9/openfibertargets_nov2020_35c/spec-101446-59978-27021598152066639.fits exists, skipping...
spectrum /n/holyscratch01/conroy_lab/vchandra/sdss5/spectra/v6_0_9/openfibertargets_nov2020_35c/spec-101446-59978-27021598152149528.fits exists, skipping...
spectrum /n/holyscratch01/conroy_lab/vchandra/sdss5/spectra/v6_0_9/openfibertargets_nov2020_35c/spec-101446-59978-27021598152151578.fits exists, skipping...
spectrum /n/holyscratch01/conroy_lab/vchandra/sdss5/spectra/v6_0_9/openfibertargets_nov2020_35c/spec-101944-59884-27021598103763829.fits exists, skipping...
spectrum /n/holyscratch01/conroy_lab/vchandra/sdss5/spectra/v6_0_9/openfibertargets_nov2020_35c/spec-101975-59672-27021598151138532.fits exists, skipping...
spectrum /n/holyscratch01/conroy_lab/vchandra/sdss5/spectra/v6_0_9/openfibertargets_nov2020_35c/spec-101975-59672-27021598151144995.fits exists, skipping...
spectrum /n/holyscratch01/conroy_lab/vchandra/sdss5/spectra/v6_0_9/openfibertargets_nov2020_35c/spec-101976-59640-27021598102209480.fits exists, skipping...
spectrum /n/holyscratch01/conroy_lab/vchandra/sdss5/spectra/v6_0_9/openfibertargets_nov2020_35c/spec-101976-59640-27021598102362120.fits exists, skipping...
spectrum /n/holyscratch01/conroy_lab/vchandra/sdss5/spectra/v6_0_9/openfibertargets_nov2020_35c/spec-101976-59640-27021598102367993.fits exists, skipping...
spectrum /n/holyscratch01/conroy_lab/vchandra/sdss5/spectra/v6_0_9/openfibertargets_nov2020_35c/spec-101992-59883-27021598103509815.fits exists, skipping...
spectrum /n/holyscratch01/conroy_lab/vchandra/sdss5/spectra/v6_0_9/openfibertargets_nov2020_35c/spec-102022-59644-27021598104200283.fits exists, skipping...
spectrum /n/holyscratch01/conroy_lab/vchandra/sdss5/spectra/v6_0_9/openfibertargets_nov2020_35c/spec-102023-59974-27021598104280693.fits exists, skipping...
spectrum /n/holyscratch01/conroy_lab/vchandra/sdss5/spectra/v6_0_9/openfibertargets_nov2020_35c/spec-102030-59978-27021598150652923.fits exists, skipping...
spectrum /n/holyscratch01/conroy_lab/vchandra/sdss5/spectra/v6_0_9/openfibertargets_nov2020_35c/spec-102030-59978-27021598150684987.fits exists, skipping...
spectrum /n/holyscratch01/conroy_lab/vchandra/sdss5/spectra/v6_0_9/openfibertargets_nov2020_35c/spec-102030-59978-27021598150691900.fits exists, skipping...
spectrum /n/holyscratch01/conroy_lab/vchandra/sdss5/spectra/v6_0_9/openfibertargets_nov2020_35c/spec-102032-59972-27021598103076046.fits exists, skipping...
spectrum /n/holyscratch01/conroy_lab/vchandra/sdss5/spectra/v6_0_9/openfibertargets_nov2020_35c/spec-102032-59972-27021598103078067.fits exists, skipping...
spectrum /n/holyscratch01/conroy_lab/vchandra/sdss5/spectra/v6_0_9/openfibertargets_nov2020_35c/spec-102032-59972-27021598103078417.fits exists, skipping...
spectrum /n/holyscratch01/conroy_lab/vchandra/sdss5/spectra/v6_0_9/openfibertargets_nov2020_35c/spec-102032-59972-27021598103091596.fits exists, skipping...
spectrum /n/holyscratch01/conroy_lab/vchandra/sdss5/spectra/v6_0_9/openfibertargets_nov2020_35c/spec-102041-59646-27021598150555385.fits exists, skipping...
spectrum /n/holyscratch01/conroy_lab/vchandra/sdss5/spectra/v6_0_9/openfibertargets_nov2020_35c/spec-102041-59912-27021598150548632.fits exists, skipping...
spectrum /n/holyscratch01/conroy_lab/vchandra/sdss5/spectra/v6_0_9/openfibertargets_nov2020_35c/spec-102041-59912-27021598150555220.fits exists, skipping...
spectrum /n/holyscratch01/conroy_lab/vchandra/sdss5/spectra/v6_0_9/openfibertargets_nov2020_35c/spec-102041-59912-27021598150555385.fits exists, skipping...
spectrum /n/holyscratch01/conroy_lab/vchandra/sdss5/spectra/v6_0_9/openfibertargets_nov2020_35c/spec-102041-59912-27021598150555416.fits exists, skipping...
spectrum /n/holyscratch01/conroy_lab/vchandra/sdss5/spectra/v6_0_9/openfibertargets_nov2020_35c/spec-102041-59912-27021598150558376.fits exists, skipping...
spectrum /n/holyscratch01/conroy_lab/vchandra/sdss5/spectra/v6_0_9/openfibertargets_nov2020_35c/spec-102042-59984-27021598150596193.fits exists, skipping...
spectrum /n/holyscratch01/conroy_lab/vchandra/sdss5/spectra/v6_0_9/openfibertargets_nov2020_35c/spec-102042-59984-27021598150614642.fits exists, skipping...
spectrum /n/holyscratch01/conroy_lab/vchandra/sdss5/spectra/v6_0_9/openfibertargets_nov2020_35c/spec-102042-59984-27021598150655354.fits exists, skipping...
spectrum /n/holyscratch01/conroy_lab/vchandra/sdss5/spectra/v6_0_9/openfibertargets_nov2020_35c/spec-102043-59976-27021598150054175.fits exists, skipping...
200 done...
spectrum /n/holyscratch01/conroy_lab/vchandra/sdss5/spectra/v6_0_9/openfibertargets_nov2020_35c/spec-102043-59976-27021598150055333.fits exists, skipping...
spectrum /n/holyscratch01/conroy_lab/vchandra/sdss5/spectra/v6_0_9/openfibertargets_nov2020_35c/spec-102043-59976-27021598150072555.fits exists, skipping...
spectrum /n/holyscratch01/conroy_lab/vchandra/sdss5/spectra/v6_0_9/openfibertargets_nov2020_35c/spec-102043-59976-27021598150631188.fits exists, skipping...
spectrum /n/holyscratch01/conroy_lab/vchandra/sdss5/spectra/v6_0_9/openfibertargets_nov2020_35c/spec-102044-59973-27021598150004274.fits exists, skipping...
spectrum /n/holyscratch01/conroy_lab/vchandra/sdss5/spectra/v6_0_9/openfibertargets_nov2020_35c/spec-102044-59973-27021598150006800.fits exists, skipping...
spectrum /n/holyscratch01/conroy_lab/vchandra/sdss5/spectra/v6_0_9/openfibertargets_nov2020_35c/spec-102044-59973-27021598150008440.fits exists, skipping...
spectrum /n/holyscratch01/conroy_lab/vchandra/sdss5/spectra/v6_0_9/openfibertargets_nov2020_35c/spec-102044-59973-27021598150009081.fits exists, skipping...
spectrum /n/holyscratch01/conroy_lab/vchandra/sdss5/spectra/v6_0_9/openfibertargets_nov2020_35c/spec-102044-59973-27021598150027176.fits exists, skipping...
spectrum /n/holyscratch01/conroy_lab/vchandra/sdss5/spectra/v6_0_9/openfibertargets_nov2020_35c/spec-102044-59973-27021598150028549.fits exists, skipping...
spectrum /n/holyscratch01/conroy_lab/vchandra/sdss5/spectra/v6_0_9/openfibertargets_nov2020_35c/spec-102044-59973-27021598150041554.fits exists, skipping...
spectrum /n/holyscratch01/conroy_lab/vchandra/sdss5/spectra/v6_0_9/openfibertargets_nov2020_35c/spec-102044-59973-27021598150061818.fits exists, skipping...
spectrum /n/holyscratch01/conroy_lab/vchandra/sdss5/spectra/v6_0_9/openfibertargets_nov2020_35c/spec-102044-59974-27021598150004274.fits exists, skipping...
spectrum /n/holyscratch01/conroy_lab/vchandra/sdss5/spectra/v6_0_9/openfibertargets_nov2020_35c/spec-102044-59974-27021598150006800.fits exists, skipping...
spectrum /n/holyscratch01/conroy_lab/vchandra/sdss5/spectra/v6_0_9/openfibertargets_nov2020_35c/spec-102044-59974-27021598150008440.fits exists, skipping...
spectrum /n/holyscratch01/conroy_lab/vchandra/sdss5/spectra/v6_0_9/openfibertargets_nov2020_35c/spec-102044-59974-27021598150009081.fits exists, skipping...
spectrum /n/holyscratch01/conroy_lab/vchandra/sdss5/spectra/v6_0_9/openfibertargets_nov2020_35c/spec-102044-59974-27021598150027176.fits exists, skipping...
spectrum /n/holyscratch01/conroy_lab/vchandra/sdss5/spectra/v6_0_9/openfibertargets_nov2020_35c/spec-102044-59974-27021598150028549.fits exists, skipping...
spectrum /n/holyscratch01/conroy_lab/vchandra/sdss5/spectra/v6_0_9/openfibertargets_nov2020_35c/spec-102044-59974-27021598150041554.fits exists, skipping...
spectrum /n/holyscratch01/conroy_lab/vchandra/sdss5/spectra/v6_0_9/openfibertargets_nov2020_35c/spec-102044-59974-27021598150061818.fits exists, skipping...
spectrum /n/holyscratch01/conroy_lab/vchandra/sdss5/spectra/v6_0_9/openfibertargets_nov2020_35c/spec-102045-59949-27021598149940359.fits exists, skipping...
spectrum /n/holyscratch01/conroy_lab/vchandra/sdss5/spectra/v6_0_9/openfibertargets_nov2020_35c/spec-102045-59949-27021598149965103.fits exists, skipping...
spectrum /n/holyscratch01/conroy_lab/vchandra/sdss5/spectra/v6_0_9/openfibertargets_nov2020_35c/spec-102045-59949-27021598149965162.fits exists, skipping...
spectrum /n/holyscratch01/conroy_lab/vchandra/sdss5/spectra/v6_0_9/openfibertargets_nov2020_35c/spec-102045-59949-27021598149971290.fits exists, skipping...
spectrum /n/holyscratch01/conroy_lab/vchandra/sdss5/spectra/v6_0_9/openfibertargets_nov2020_35c/spec-102045-59949-27021598149973523.fits exists, skipping...
spectrum /n/holyscratch01/conroy_lab/vchandra/sdss5/spectra/v6_0_9/openfibertargets_nov2020_35c/spec-102045-59949-27021598149981843.fits exists, skipping...
spectrum /n/holyscratch01/conroy_lab/vchandra/sdss5/spectra/v6_0_9/openfibertargets_nov2020_35c/spec-102045-59949-27021598150036349.fits exists, skipping...
spectrum /n/holyscratch01/conroy_lab/vchandra/sdss5/spectra/v6_0_9/openfibertargets_nov2020_35c/spec-102045-59949-27021598150037650.fits exists, skipping...
spectrum /n/holyscratch01/conroy_lab/vchandra/sdss5/spectra/v6_0_9/openfibertargets_nov2020_35c/spec-102045-59949-27021598150037788.fits exists, skipping...
spectrum /n/holyscratch01/conroy_lab/vchandra/sdss5/spectra/v6_0_9/openfibertargets_nov2020_35c/spec-102709-59954-27021597958258920.fits exists, skipping...
spectrum /n/holyscratch01/conroy_lab/vchandra/sdss5/spectra/v6_0_9/openfibertargets_nov2020_35c/spec-102709-59954-27021597958261280.fits exists, skipping...
spectrum /n/holyscratch01/conroy_lab/vchandra/sdss5/spectra/v6_0_9/openfibertargets_nov2020_35c/spec-102709-59954-27021597958262779.fits exists, skipping...
spectrum /n/holyscratch01/conroy_lab/vchandra/sdss5/spectra/v6_0_9/openfibertargets_nov2020_35c/spec-102719-59958-27021597958152594.fits exists, skipping...
spectrum /n/holyscratch01/conroy_lab/vchandra/sdss5/spectra/v6_0_9/openfibertargets_nov2020_35c/spec-102719-59958-27021597958154970.fits exists, skipping...
spectrum /n/holyscratch01/conroy_lab/vchandra/sdss5/spectra/v6_0_9/openfibertargets_nov2020_35c/spec-102719-59958-27021597958163671.fits exists, skipping...
spectrum /n/holyscratch01/conroy_lab/vchandra/sdss5/spectra/v6_0_9/openfibertargets_nov2020_35c/spec-102719-59958-27021597958164287.fits exists, skipping...
spectrum /n/holyscratch01/conroy_lab/vchandra/sdss5/spectra/v6_0_9/openfibertargets_nov2020_35c/spec-102719-59958-27021597958166866.fits exists, skipping...
spectrum /n/holyscratch01/conroy_lab/vchandra/sdss5/spectra/v6_0_9/openfibertargets_nov2020_35c/spec-102719-59958-27021597958166875.fits exists, skipping...
spectrum /n/holyscratch01/conroy_lab/vchandra/sdss5/spectra/v6_0_9/openfibertargets_nov2020_35c/spec-102719-59958-27021597958250077.fits exists, skipping...
spectrum /n/holyscratch01/conroy_lab/vchandra/sdss5/spectra/v6_0_9/openfibertargets_nov2020_35c/spec-103490-59935-27021597939935032.fits exists, skipping...
spectrum /n/holyscratch01/conroy_lab/vchandra/sdss5/spectra/v6_0_9/openfibertargets_nov2020_35c/spec-103490-59935-27021597939945624.fits exists, skipping...
spectrum /n/holyscratch01/conroy_lab/vchandra/sdss5/spectra/v6_0_9/openfibertargets_nov2020_35c/spec-103490-59935-27021597940508885.fits exists, skipping...
spectrum /n/holyscratch01/conroy_lab/vchandra/sdss5/spectra/v6_0_9/openfibertargets_nov2020_35c/spec-103523-59882-27021597939672904.fits exists, skipping...
spectrum /n/holyscratch01/conroy_lab/vchandra/sdss5/spectra/v6_0_9/openfibertargets_nov2020_35c/spec-103523-59882-27021597939679876.fits exists, skipping...
spectrum /n/holyscratch01/conroy_lab/vchandra/sdss5/spectra/v6_0_9/openfibertargets_nov2020_35c/spec-103523-59882-27021597939683940.fits exists, skipping...
spectrum /n/holyscratch01/conroy_lab/vchandra/sdss5/spectra/v6_0_9/openfibertargets_nov2020_35c/spec-103532-59899-27021597936240621.fits exists, skipping...
spectrum /n/holyscratch01/conroy_lab/vchandra/sdss5/spectra/v6_0_9/openfibertargets_nov2020_35c/spec-103532-59899-27021597936287233.fits exists, skipping...
spectrum /n/holyscratch01/conroy_lab/vchandra/sdss5/spectra/v6_0_9/openfibertargets_nov2020_35c/spec-103532-59899-27021597936289202.fits exists, skipping...
spectrum /n/holyscratch01/conroy_lab/vchandra/sdss5/spectra/v6_0_9/openfibertargets_nov2020_35c/spec-103532-59899-27021597936297147.fits exists, skipping...
spectrum /n/holyscratch01/conroy_lab/vchandra/sdss5/spectra/v6_0_9/openfibertargets_nov2020_35c/spec-103532-59899-27021597936299349.fits exists, skipping...
spectrum /n/holyscratch01/conroy_lab/vchandra/sdss5/spectra/v6_0_9/openfibertargets_nov2020_35c/spec-103532-59899-27021597936299914.fits exists, skipping...
spectrum /n/holyscratch01/conroy_lab/vchandra/sdss5/spectra/v6_0_9/openfibertargets_nov2020_35c/spec-103532-59899-27021597936362934.fits exists, skipping...
spectrum /n/holyscratch01/conroy_lab/vchandra/sdss5/spectra/v6_0_9/openfibertargets_nov2020_35c/spec-103532-59899-27021597936365313.fits exists, skipping...
spectrum /n/holyscratch01/conroy_lab/vchandra/sdss5/spectra/v6_0_9/openfibertargets_nov2020_35c/spec-103532-59899-27021597936368160.fits exists, skipping...
spectrum /n/holyscratch01/conroy_lab/vchandra/sdss5/spectra/v6_0_9/openfibertargets_nov2020_35c/spec-103532-59899-27021597936376027.fits exists, skipping...
spectrum /n/holyscratch01/conroy_lab/vchandra/sdss5/spectra/v6_0_9/openfibertargets_nov2020_35c/spec-103532-59899-27021597936376470.fits exists, skipping...
spectrum /n/holyscratch01/conroy_lab/vchandra/sdss5/spectra/v6_0_9/openfibertargets_nov2020_35c/spec-103532-59899-27021597936376681.fits exists, skipping...
spectrum /n/holyscratch01/conroy_lab/vchandra/sdss5/spectra/v6_0_9/openfibertargets_nov2020_35c/spec-103532-59899-27021597936377670.fits exists, skipping...
spectrum /n/holyscratch01/conroy_lab/vchandra/sdss5/spectra/v6_0_9/openfibertargets_nov2020_35c/spec-103541-59881-27021597936148084.fits exists, skipping...
spectrum /n/holyscratch01/conroy_lab/vchandra/sdss5/spectra/v6_0_9/openfibertargets_nov2020_35c/spec-103541-59881-27021597936148368.fits exists, skipping...
spectrum /n/holyscratch01/conroy_lab/vchandra/sdss5/spectra/v6_0_9/openfibertargets_nov2020_35c/spec-103541-59881-27021597936149217.fits exists, skipping...
spectrum /n/holyscratch01/conroy_lab/vchandra/sdss5/spectra/v6_0_9/openfibertargets_nov2020_35c/spec-103541-59881-27021597936153755.fits exists, skipping...
spectrum /n/holyscratch01/conroy_lab/vchandra/sdss5/spectra/v6_0_9/openfibertargets_nov2020_35c/spec-103541-59881-27021597936154165.fits exists, skipping...
spectrum /n/holyscratch01/conroy_lab/vchandra/sdss5/spectra/v6_0_9/openfibertargets_nov2020_35c/spec-103541-59881-27021597936178468.fits exists, skipping...
spectrum /n/holyscratch01/conroy_lab/vchandra/sdss5/spectra/v6_0_9/openfibertargets_nov2020_35c/spec-103541-59881-27021597936316464.fits exists, skipping...
spectrum /n/holyscratch01/conroy_lab/vchandra/sdss5/spectra/v6_0_9/openfibertargets_nov2020_35c/spec-103541-59881-27021597936316602.fits exists, skipping...
spectrum /n/holyscratch01/conroy_lab/vchandra/sdss5/spectra/v6_0_9/openfibertargets_nov2020_35c/spec-103541-59881-27021597936335314.fits exists, skipping...
spectrum /n/holyscratch01/conroy_lab/vchandra/sdss5/spectra/v6_0_9/openfibertargets_nov2020_35c/spec-103550-59879-27021597936048164.fits exists, skipping...
spectrum /n/holyscratch01/conroy_lab/vchandra/sdss5/spectra/v6_0_9/openfibertargets_nov2020_35c/spec-103550-59879-27021597936093797.fits exists, skipping...
spectrum /n/holyscratch01/conroy_lab/vchandra/sdss5/spectra/v6_0_9/openfibertargets_nov2020_35c/spec-103550-59879-27021597936148084.fits exists, skipping...
spectrum /n/holyscratch01/conroy_lab/vchandra/sdss5/spectra/v6_0_9/openfibertargets_nov2020_35c/spec-103950-59937-27021598052323689.fits exists, skipping...
spectrum /n/holyscratch01/conroy_lab/vchandra/sdss5/spectra/v6_0_9/openfibertargets_nov2020_35c/spec-103950-59937-27021598052326871.fits exists, skipping...
spectrum /n/holyscratch01/conroy_lab/vchandra/sdss5/spectra/v6_0_9/openfibertargets_nov2020_35c/spec-104363-59936-27021598101825472.fits exists, skipping...
spectrum /n/holyscratch01/conroy_lab/vchandra/sdss5/spectra/v6_0_9/openfibertargets_nov2020_35c/spec-104363-59936-27021598101843316.fits exists, skipping...
spectrum /n/holyscratch01/conroy_lab/vchandra/sdss5/spectra/v6_0_9/openfibertargets_nov2020_35c/spec-104363-59937-27021598101825472.fits exists, skipping...
spectrum /n/holyscratch01/conroy_lab/vchandra/sdss5/spectra/v6_0_9/openfibertargets_nov2020_35c/spec-104363-59937-27021598101843316.fits exists, skipping...
spectrum /n/holyscratch01/conroy_lab/vchandra/sdss5/spectra/v6_0_9/openfibertargets_nov2020_35c/spec-104365-59881-27021598101043406.fits exists, skipping...
spectrum /n/holyscratch01/conroy_lab/vchandra/sdss5/spectra/v6_0_9/openfibertargets_nov2020_35c/spec-104365-59881-27021598101339918.fits exists, skipping...
spectrum /n/holyscratch01/conroy_lab/vchandra/sdss5/spectra/v6_0_9/openfibertargets_nov2020_35c/spec-104365-59881-27021598101341167.fits exists, skipping...
spectrum /n/holyscratch01/conroy_lab/vchandra/sdss5/spectra/v6_0_9/openfibertargets_nov2020_35c/spec-104365-59881-27021598101353789.fits exists, skipping...
spectrum /n/holyscratch01/conroy_lab/vchandra/sdss5/spectra/v6_0_9/openfibertargets_nov2020_35c/spec-104366-59902-27021598101353789.fits exists, skipping...
spectrum /n/holyscratch01/conroy_lab/vchandra/sdss5/spectra/v6_0_9/openfibertargets_nov2020_35c/spec-104366-59902-27021598101360581.fits exists, skipping...
spectrum /n/holyscratch01/conroy_lab/vchandra/sdss5/spectra/v6_0_9/openfibertargets_nov2020_35c/spec-104366-59902-27021598101427897.fits exists, skipping...
spectrum /n/holyscratch01/conroy_lab/vchandra/sdss5/spectra/v6_0_9/openfibertargets_nov2020_35c/spec-104366-59902-27021598101431216.fits exists, skipping...
spectrum /n/holyscratch01/conroy_lab/vchandra/sdss5/spectra/v6_0_9/openfibertargets_nov2020_35c/spec-104366-59902-27021598101434438.fits exists, skipping...
spectrum /n/holyscratch01/conroy_lab/vchandra/sdss5/spectra/v6_0_9/openfibertargets_nov2020_35c/spec-104366-59904-27021598101355105.fits exists, skipping...
spectrum /n/holyscratch01/conroy_lab/vchandra/sdss5/spectra/v6_0_9/openfibertargets_nov2020_35c/spec-104366-59904-27021598101362886.fits exists, skipping...
spectrum /n/holyscratch01/conroy_lab/vchandra/sdss5/spectra/v6_0_9/openfibertargets_nov2020_35c/spec-104366-59904-27021598101374735.fits exists, skipping...
spectrum /n/holyscratch01/conroy_lab/vchandra/sdss5/spectra/v6_0_9/openfibertargets_nov2020_35c/spec-104366-59904-27021598101435124.fits exists, skipping...
spectrum /n/holyscratch01/conroy_lab/vchandra/sdss5/spectra/v6_0_9/openfibertargets_nov2020_35c/spec-104366-59905-27021598101355105.fits exists, skipping...
spectrum /n/holyscratch01/conroy_lab/vchandra/sdss5/spectra/v6_0_9/openfibertargets_nov2020_35c/spec-104366-59905-27021598101362886.fits exists, skipping...
spectrum /n/holyscratch01/conroy_lab/vchandra/sdss5/spectra/v6_0_9/openfibertargets_nov2020_35c/spec-104366-59905-27021598101374735.fits exists, skipping...
spectrum /n/holyscratch01/conroy_lab/vchandra/sdss5/spectra/v6_0_9/openfibertargets_nov2020_35c/spec-104370-59654-27021598101026150.fits exists, skipping...
spectrum /n/holyscratch01/conroy_lab/vchandra/sdss5/spectra/v6_0_9/openfibertargets_nov2020_35c/spec-104370-59654-27021598101063037.fits exists, skipping...
spectrum /n/holyscratch01/conroy_lab/vchandra/sdss5/spectra/v6_0_9/openfibertargets_nov2020_35c/spec-104370-59654-27021598101075201.fits exists, skipping...
spectrum /n/holyscratch01/conroy_lab/vchandra/sdss5/spectra/v6_0_9/openfibertargets_nov2020_35c/spec-104370-59654-27021598101123612.fits exists, skipping...
spectrum /n/holyscratch01/conroy_lab/vchandra/sdss5/spectra/v6_0_9/openfibertargets_nov2020_35c/spec-104370-59654-27021598101129598.fits exists, skipping...
spectrum /n/holyscratch01/conroy_lab/vchandra/sdss5/spectra/v6_0_9/openfibertargets_nov2020_35c/spec-104371-59911-27021598101159681.fits exists, skipping...
spectrum /n/holyscratch01/conroy_lab/vchandra/sdss5/spectra/v6_0_9/openfibertargets_nov2020_35c/spec-104371-59911-27021598101178574.fits exists, skipping...
spectrum /n/holyscratch01/conroy_lab/vchandra/sdss5/spectra/v6_0_9/openfibertargets_nov2020_35c/spec-104371-59911-27021598101628747.fits exists, skipping...
spectrum /n/holyscratch01/conroy_lab/vchandra/sdss5/spectra/v6_0_9/openfibertargets_nov2020_35c/spec-104371-59911-27021598101633734.fits exists, skipping...
300 done...
spectrum /n/holyscratch01/conroy_lab/vchandra/sdss5/spectra/v6_0_9/openfibertargets_nov2020_35c/spec-104372-59958-27021598101633734.fits exists, skipping...
spectrum /n/holyscratch01/conroy_lab/vchandra/sdss5/spectra/v6_0_9/openfibertargets_nov2020_35c/spec-104372-59958-27021598101644100.fits exists, skipping...
spectrum /n/holyscratch01/conroy_lab/vchandra/sdss5/spectra/v6_0_9/openfibertargets_nov2020_35c/spec-104374-59641-27021598102440817.fits exists, skipping...
spectrum /n/holyscratch01/conroy_lab/vchandra/sdss5/spectra/v6_0_9/openfibertargets_nov2020_35c/spec-104389-59902-27021598102491910.fits exists, skipping...
spectrum /n/holyscratch01/conroy_lab/vchandra/sdss5/spectra/v6_0_9/openfibertargets_nov2020_35c/spec-104392-59954-27021598102602101.fits exists, skipping...
spectrum /n/holyscratch01/conroy_lab/vchandra/sdss5/spectra/v6_0_9/openfibertargets_nov2020_35c/spec-104392-59954-27021598102640284.fits exists, skipping...
spectrum /n/holyscratch01/conroy_lab/vchandra/sdss5/spectra/v6_0_9/openfibertargets_nov2020_35c/spec-104392-59954-27021598102643361.fits exists, skipping...
spectrum /n/holyscratch01/conroy_lab/vchandra/sdss5/spectra/v6_0_9/openfibertargets_nov2020_35c/spec-104393-59900-27021598102665850.fits exists, skipping...
spectrum /n/holyscratch01/conroy_lab/vchandra/sdss5/spectra/v6_0_9/openfibertargets_nov2020_35c/spec-104393-59900-27021598102666891.fits exists, skipping...
spectrum /n/holyscratch01/conroy_lab/vchandra/sdss5/spectra/v6_0_9/openfibertargets_nov2020_35c/spec-104393-59900-27021598102669003.fits exists, skipping...
spectrum /n/holyscratch01/conroy_lab/vchandra/sdss5/spectra/v6_0_9/openfibertargets_nov2020_35c/spec-104393-59900-27021598102877296.fits exists, skipping...
spectrum /n/holyscratch01/conroy_lab/vchandra/sdss5/spectra/v6_0_9/openfibertargets_nov2020_35c/spec-104393-59900-27021598102879846.fits exists, skipping...
spectrum /n/holyscratch01/conroy_lab/vchandra/sdss5/spectra/v6_0_9/openfibertargets_nov2020_35c/spec-104393-59900-27021598102880127.fits exists, skipping...
spectrum /n/holyscratch01/conroy_lab/vchandra/sdss5/spectra/v6_0_9/openfibertargets_nov2020_35c/spec-104393-59900-27021598102881221.fits exists, skipping...
spectrum /n/holyscratch01/conroy_lab/vchandra/sdss5/spectra/v6_0_9/openfibertargets_nov2020_35c/spec-104393-59900-27021598102888928.fits exists, skipping...
spectrum /n/holyscratch01/conroy_lab/vchandra/sdss5/spectra/v6_0_9/openfibertargets_nov2020_35c/spec-104394-59645-27021598102904524.fits exists, skipping...
spectrum /n/holyscratch01/conroy_lab/vchandra/sdss5/spectra/v6_0_9/openfibertargets_nov2020_35c/spec-104395-59686-27021598149781932.fits exists, skipping...
spectrum /n/holyscratch01/conroy_lab/vchandra/sdss5/spectra/v6_0_9/openfibertargets_nov2020_35c/spec-104395-59686-27021598149791078.fits exists, skipping...
spectrum /n/holyscratch01/conroy_lab/vchandra/sdss5/spectra/v6_0_9/openfibertargets_nov2020_35c/spec-104396-59687-27021598149702249.fits exists, skipping...
spectrum /n/holyscratch01/conroy_lab/vchandra/sdss5/spectra/v6_0_9/openfibertargets_nov2020_35c/spec-104396-59687-27021598149710907.fits exists, skipping...
spectrum /n/holyscratch01/conroy_lab/vchandra/sdss5/spectra/v6_0_9/openfibertargets_nov2020_35c/spec-104397-59955-27021598102722168.fits exists, skipping...
spectrum /n/holyscratch01/conroy_lab/vchandra/sdss5/spectra/v6_0_9/openfibertargets_nov2020_35c/spec-104398-59898-27021598102558205.fits exists, skipping...
spectrum /n/holyscratch01/conroy_lab/vchandra/sdss5/spectra/v6_0_9/openfibertargets_nov2020_35c/spec-104398-59898-27021598102684145.fits exists, skipping...
spectrum /n/holyscratch01/conroy_lab/vchandra/sdss5/spectra/v6_0_9/openfibertargets_nov2020_35c/spec-104398-59898-27021598102702724.fits exists, skipping...
spectrum /n/holyscratch01/conroy_lab/vchandra/sdss5/spectra/v6_0_9/openfibertargets_nov2020_35c/spec-104399-59896-27021598102560736.fits exists, skipping...
spectrum /n/holyscratch01/conroy_lab/vchandra/sdss5/spectra/v6_0_9/openfibertargets_nov2020_35c/spec-104400-59957-27021598102642629.fits exists, skipping...
spectrum /n/holyscratch01/conroy_lab/vchandra/sdss5/spectra/v6_0_9/openfibertargets_nov2020_35c/spec-104400-59957-27021598102649833.fits exists, skipping...
spectrum /n/holyscratch01/conroy_lab/vchandra/sdss5/spectra/v6_0_9/openfibertargets_nov2020_35c/spec-104400-59957-27021598102654757.fits exists, skipping...
spectrum /n/holyscratch01/conroy_lab/vchandra/sdss5/spectra/v6_0_9/openfibertargets_nov2020_35c/spec-104400-59957-27021598102655438.fits exists, skipping...
spectrum /n/holyscratch01/conroy_lab/vchandra/sdss5/spectra/v6_0_9/openfibertargets_nov2020_35c/spec-104400-59957-27021598102756599.fits exists, skipping...
spectrum /n/holyscratch01/conroy_lab/vchandra/sdss5/spectra/v6_0_9/openfibertargets_nov2020_35c/spec-104400-59957-27021598102761640.fits exists, skipping...
spectrum /n/holyscratch01/conroy_lab/vchandra/sdss5/spectra/v6_0_9/openfibertargets_nov2020_35c/spec-104400-59957-27021598102769245.fits exists, skipping...
spectrum /n/holyscratch01/conroy_lab/vchandra/sdss5/spectra/v6_0_9/openfibertargets_nov2020_35c/spec-104400-59957-27021598102776185.fits exists, skipping...
spectrum /n/holyscratch01/conroy_lab/vchandra/sdss5/spectra/v6_0_9/openfibertargets_nov2020_35c/spec-104401-59958-27021598102779060.fits exists, skipping...
spectrum /n/holyscratch01/conroy_lab/vchandra/sdss5/spectra/v6_0_9/openfibertargets_nov2020_35c/spec-104401-59958-27021598102779306.fits exists, skipping...
spectrum /n/holyscratch01/conroy_lab/vchandra/sdss5/spectra/v6_0_9/openfibertargets_nov2020_35c/spec-104401-59958-27021598102811620.fits exists, skipping...
spectrum /n/holyscratch01/conroy_lab/vchandra/sdss5/spectra/v6_0_9/openfibertargets_nov2020_35c/spec-104401-59958-27021598102992203.fits exists, skipping...
spectrum /n/holyscratch01/conroy_lab/vchandra/sdss5/spectra/v6_0_9/openfibertargets_nov2020_35c/spec-104401-59958-27021598103000548.fits exists, skipping...
spectrum /n/holyscratch01/conroy_lab/vchandra/sdss5/spectra/v6_0_9/openfibertargets_nov2020_35c/spec-104401-59958-27021598103002473.fits exists, skipping...
spectrum /n/holyscratch01/conroy_lab/vchandra/sdss5/spectra/v6_0_9/openfibertargets_nov2020_35c/spec-104401-59958-27021598103002957.fits exists, skipping...
spectrum /n/holyscratch01/conroy_lab/vchandra/sdss5/spectra/v6_0_9/openfibertargets_nov2020_35c/spec-104401-59958-27021598103004192.fits exists, skipping...
spectrum /n/holyscratch01/conroy_lab/vchandra/sdss5/spectra/v6_0_9/openfibertargets_nov2020_35c/spec-104403-59691-27021598149722297.fits exists, skipping...
spectrum /n/holyscratch01/conroy_lab/vchandra/sdss5/spectra/v6_0_9/openfibertargets_nov2020_35c/spec-104403-59691-27021598149725766.fits exists, skipping...
spectrum /n/holyscratch01/conroy_lab/vchandra/sdss5/spectra/v6_0_9/openfibertargets_nov2020_35c/spec-104403-59691-27021598149800990.fits exists, skipping...
spectrum /n/holyscratch01/conroy_lab/vchandra/sdss5/spectra/v6_0_9/openfibertargets_nov2020_35c/spec-104406-59904-27021598149894303.fits exists, skipping...
spectrum /n/holyscratch01/conroy_lab/vchandra/sdss5/spectra/v6_0_9/openfibertargets_nov2020_35c/spec-104407-59957-27021598149900593.fits exists, skipping...
spectrum /n/holyscratch01/conroy_lab/vchandra/sdss5/spectra/v6_0_9/openfibertargets_nov2020_35c/spec-104407-59957-27021598149903168.fits exists, skipping...
spectrum /n/holyscratch01/conroy_lab/vchandra/sdss5/spectra/v6_0_9/openfibertargets_nov2020_35c/spec-104407-59957-27021598149906194.fits exists, skipping...
spectrum /n/holyscratch01/conroy_lab/vchandra/sdss5/spectra/v6_0_9/openfibertargets_nov2020_35c/spec-104407-59957-27021598149931051.fits exists, skipping...
spectrum /n/holyscratch01/conroy_lab/vchandra/sdss5/spectra/v6_0_9/openfibertargets_nov2020_35c/spec-104407-59957-27021598149932852.fits exists, skipping...
spectrum /n/holyscratch01/conroy_lab/vchandra/sdss5/spectra/v6_0_9/openfibertargets_nov2020_35c/spec-104593-59911-27021597957605483.fits exists, skipping...
spectrum /n/holyscratch01/conroy_lab/vchandra/sdss5/spectra/v6_0_9/openfibertargets_nov2020_35c/spec-104593-59911-27021597957618833.fits exists, skipping...
spectrum /n/holyscratch01/conroy_lab/vchandra/sdss5/spectra/v6_0_9/openfibertargets_nov2020_35c/spec-104593-59911-27021597957632166.fits exists, skipping...
spectrum /n/holyscratch01/conroy_lab/vchandra/sdss5/spectra/v6_0_9/openfibertargets_nov2020_35c/spec-104593-59911-27021597957639493.fits exists, skipping...
spectrum /n/holyscratch01/conroy_lab/vchandra/sdss5/spectra/v6_0_9/openfibertargets_nov2020_35c/spec-104605-59905-27021597957503831.fits exists, skipping...
spectrum /n/holyscratch01/conroy_lab/vchandra/sdss5/spectra/v6_0_9/openfibertargets_nov2020_35c/spec-104605-59905-27021597957515880.fits exists, skipping...
spectrum /n/holyscratch01/conroy_lab/vchandra/sdss5/spectra/v6_0_9/openfibertargets_nov2020_35c/spec-104605-59905-27021597957516434.fits exists, skipping...
spectrum /n/holyscratch01/conroy_lab/vchandra/sdss5/spectra/v6_0_9/openfibertargets_nov2020_35c/spec-104610-59846-27021597939722520.fits exists, skipping...
spectrum /n/holyscratch01/conroy_lab/vchandra/sdss5/spectra/v6_0_9/openfibertargets_nov2020_35c/spec-104619-59910-27021597957554690.fits exists, skipping...
spectrum /n/holyscratch01/conroy_lab/vchandra/sdss5/spectra/v6_0_9/openfibertargets_nov2020_35c/spec-104642-59847-27021597957493289.fits exists, skipping...
spectrum /n/holyscratch01/conroy_lab/vchandra/sdss5/spectra/v6_0_9/openfibertargets_nov2020_35c/spec-104642-59847-27021597957497914.fits exists, skipping...
spectrum /n/holyscratch01/conroy_lab/vchandra/sdss5/spectra/v6_0_9/openfibertargets_nov2020_35c/spec-104642-59879-27021597957493289.fits exists, skipping...
spectrum /n/holyscratch01/conroy_lab/vchandra/sdss5/spectra/v6_0_9/openfibertargets_nov2020_35c/spec-104642-59879-27021597957497914.fits exists, skipping...
spectrum /n/holyscratch01/conroy_lab/vchandra/sdss5/spectra/v6_0_9/openfibertargets_nov2020_35c/spec-104643-59934-27021597959813930.fits exists, skipping...
spectrum /n/holyscratch01/conroy_lab/vchandra/sdss5/spectra/v6_0_9/openfibertargets_nov2020_35c/spec-104643-59935-27021597959813930.fits exists, skipping...
spectrum /n/holyscratch01/conroy_lab/vchandra/sdss5/spectra/v6_0_9/openfibertargets_nov2020_35c/spec-104652-59883-27021597960188959.fits exists, skipping...
spectrum /n/holyscratch01/conroy_lab/vchandra/sdss5/spectra/v6_0_9/openfibertargets_nov2020_35c/spec-104657-59820-27021597939678840.fits exists, skipping...
spectrum /n/holyscratch01/conroy_lab/vchandra/sdss5/spectra/v6_0_9/openfibertargets_nov2020_35c/spec-104657-59874-27021597939683859.fits exists, skipping...
spectrum /n/holyscratch01/conroy_lab/vchandra/sdss5/spectra/v6_0_9/openfibertargets_nov2020_35c/spec-104659-59902-27021597961135452.fits exists, skipping...
spectrum /n/holyscratch01/conroy_lab/vchandra/sdss5/spectra/v6_0_9/openfibertargets_nov2020_35c/spec-104659-59902-27021597961137613.fits exists, skipping...
Total took 1.5s
