spectro redux directory already exists
There are 30720 spectra from 13 cartons
['mwm_halo_bb_boss', 'mwm_halo_sm_boss', 'openfibertargets_nov2020_5', 'openfibertargets_nov2020_6a', 'openfibertargets_nov2020_6b', 'openfibertargets_nov2020_6c', 'openfibertargets_nov2020_25', 'openfibertargets_nov2020_28a', 'openfibertargets_nov2020_28b', 'openfibertargets_nov2020_28c', 'openfibertargets_nov2020_35a', 'openfibertargets_nov2020_35b', 'openfibertargets_nov2020_35c']
3
openfibertargets_nov2020_6a
downloading openfibertargets_nov2020_6a carton: 523 spectra
openfibertargets_nov2020_6a dir already exists
0 done...
spectrum /n/holyscratch01/conroy_lab/vchandra/sdss5/spectra/v6_0_9/openfibertargets_nov2020_6a/spec-100516-59845-27021598711721379.fits exists, skipping...
spectrum /n/holyscratch01/conroy_lab/vchandra/sdss5/spectra/v6_0_9/openfibertargets_nov2020_6a/spec-100516-59845-27021598711753035.fits exists, skipping...
spectrum /n/holyscratch01/conroy_lab/vchandra/sdss5/spectra/v6_0_9/openfibertargets_nov2020_6a/spec-100516-59845-27021598711806335.fits exists, skipping...
spectrum /n/holyscratch01/conroy_lab/vchandra/sdss5/spectra/v6_0_9/openfibertargets_nov2020_6a/spec-100516-59845-27021598711906829.fits exists, skipping...
spectrum /n/holyscratch01/conroy_lab/vchandra/sdss5/spectra/v6_0_9/openfibertargets_nov2020_6a/spec-100516-59845-27021598711937725.fits exists, skipping...
spectrum /n/holyscratch01/conroy_lab/vchandra/sdss5/spectra/v6_0_9/openfibertargets_nov2020_6a/spec-100516-59845-27021598711949294.fits exists, skipping...
spectrum /n/holyscratch01/conroy_lab/vchandra/sdss5/spectra/v6_0_9/openfibertargets_nov2020_6a/spec-100516-59845-27021598712006652.fits exists, skipping...
spectrum /n/holyscratch01/conroy_lab/vchandra/sdss5/spectra/v6_0_9/openfibertargets_nov2020_6a/spec-100543-59737-27021598789268978.fits exists, skipping...
spectrum /n/holyscratch01/conroy_lab/vchandra/sdss5/spectra/v6_0_9/openfibertargets_nov2020_6a/spec-100544-59736-27021598713043205.fits exists, skipping...
spectrum /n/holyscratch01/conroy_lab/vchandra/sdss5/spectra/v6_0_9/openfibertargets_nov2020_6a/spec-100544-59736-27021598713050178.fits exists, skipping...
spectrum /n/holyscratch01/conroy_lab/vchandra/sdss5/spectra/v6_0_9/openfibertargets_nov2020_6a/spec-100980-59838-27021598723302850.fits exists, skipping...
spectrum /n/holyscratch01/conroy_lab/vchandra/sdss5/spectra/v6_0_9/openfibertargets_nov2020_6a/spec-100980-59838-27021598864119909.fits exists, skipping...
spectrum /n/holyscratch01/conroy_lab/vchandra/sdss5/spectra/v6_0_9/openfibertargets_nov2020_6a/spec-100980-59838-27021598864161944.fits exists, skipping...
spectrum /n/holyscratch01/conroy_lab/vchandra/sdss5/spectra/v6_0_9/openfibertargets_nov2020_6a/spec-101002-59734-27021598723711482.fits exists, skipping...
spectrum /n/holyscratch01/conroy_lab/vchandra/sdss5/spectra/v6_0_9/openfibertargets_nov2020_6a/spec-101002-59734-27021598724314775.fits exists, skipping...
spectrum /n/holyscratch01/conroy_lab/vchandra/sdss5/spectra/v6_0_9/openfibertargets_nov2020_6a/spec-101002-59734-27021598724333763.fits exists, skipping...
spectrum /n/holyscratch01/conroy_lab/vchandra/sdss5/spectra/v6_0_9/openfibertargets_nov2020_6a/spec-101002-59734-27021598724338248.fits exists, skipping...
spectrum /n/holyscratch01/conroy_lab/vchandra/sdss5/spectra/v6_0_9/openfibertargets_nov2020_6a/spec-101002-59734-27021598724348258.fits exists, skipping...
spectrum /n/holyscratch01/conroy_lab/vchandra/sdss5/spectra/v6_0_9/openfibertargets_nov2020_6a/spec-101002-59734-27021598724360900.fits exists, skipping...
spectrum /n/holyscratch01/conroy_lab/vchandra/sdss5/spectra/v6_0_9/openfibertargets_nov2020_6a/spec-101002-59734-27021598724395028.fits exists, skipping...
spectrum /n/holyscratch01/conroy_lab/vchandra/sdss5/spectra/v6_0_9/openfibertargets_nov2020_6a/spec-101002-59734-27021598724404880.fits exists, skipping...
spectrum /n/holyscratch01/conroy_lab/vchandra/sdss5/spectra/v6_0_9/openfibertargets_nov2020_6a/spec-101002-59734-27021598724405804.fits exists, skipping...
spectrum /n/holyscratch01/conroy_lab/vchandra/sdss5/spectra/v6_0_9/openfibertargets_nov2020_6a/spec-101002-59734-27021598724410820.fits exists, skipping...
spectrum /n/holyscratch01/conroy_lab/vchandra/sdss5/spectra/v6_0_9/openfibertargets_nov2020_6a/spec-101002-59734-27021598724410836.fits exists, skipping...
spectrum /n/holyscratch01/conroy_lab/vchandra/sdss5/spectra/v6_0_9/openfibertargets_nov2020_6a/spec-101002-59734-27021598724410889.fits exists, skipping...
spectrum /n/holyscratch01/conroy_lab/vchandra/sdss5/spectra/v6_0_9/openfibertargets_nov2020_6a/spec-101002-59734-27021598724428065.fits exists, skipping...
spectrum /n/holyscratch01/conroy_lab/vchandra/sdss5/spectra/v6_0_9/openfibertargets_nov2020_6a/spec-101002-59734-27021598724428945.fits exists, skipping...
spectrum /n/holyscratch01/conroy_lab/vchandra/sdss5/spectra/v6_0_9/openfibertargets_nov2020_6a/spec-101002-59734-27021598724432975.fits exists, skipping...
spectrum /n/holyscratch01/conroy_lab/vchandra/sdss5/spectra/v6_0_9/openfibertargets_nov2020_6a/spec-101002-59734-27021598724434160.fits exists, skipping...
spectrum /n/holyscratch01/conroy_lab/vchandra/sdss5/spectra/v6_0_9/openfibertargets_nov2020_6a/spec-101002-59734-27021598724435144.fits exists, skipping...
spectrum /n/holyscratch01/conroy_lab/vchandra/sdss5/spectra/v6_0_9/openfibertargets_nov2020_6a/spec-101002-59734-27021598724440313.fits exists, skipping...
spectrum /n/holyscratch01/conroy_lab/vchandra/sdss5/spectra/v6_0_9/openfibertargets_nov2020_6a/spec-101002-59734-27021598724440930.fits exists, skipping...
spectrum /n/holyscratch01/conroy_lab/vchandra/sdss5/spectra/v6_0_9/openfibertargets_nov2020_6a/spec-101002-59734-27021598724444459.fits exists, skipping...
spectrum /n/holyscratch01/conroy_lab/vchandra/sdss5/spectra/v6_0_9/openfibertargets_nov2020_6a/spec-101002-59734-27021598724453663.fits exists, skipping...
spectrum /n/holyscratch01/conroy_lab/vchandra/sdss5/spectra/v6_0_9/openfibertargets_nov2020_6a/spec-101012-59820-27021598720938365.fits exists, skipping...
spectrum /n/holyscratch01/conroy_lab/vchandra/sdss5/spectra/v6_0_9/openfibertargets_nov2020_6a/spec-101012-59820-27021598720952936.fits exists, skipping...
spectrum /n/holyscratch01/conroy_lab/vchandra/sdss5/spectra/v6_0_9/openfibertargets_nov2020_6a/spec-101012-59820-27021598720960582.fits exists, skipping...
spectrum /n/holyscratch01/conroy_lab/vchandra/sdss5/spectra/v6_0_9/openfibertargets_nov2020_6a/spec-101012-59820-27021598720974001.fits exists, skipping...
spectrum /n/holyscratch01/conroy_lab/vchandra/sdss5/spectra/v6_0_9/openfibertargets_nov2020_6a/spec-101012-59820-27021598721504424.fits exists, skipping...
spectrum /n/holyscratch01/conroy_lab/vchandra/sdss5/spectra/v6_0_9/openfibertargets_nov2020_6a/spec-101012-59820-27021598721515644.fits exists, skipping...
spectrum /n/holyscratch01/conroy_lab/vchandra/sdss5/spectra/v6_0_9/openfibertargets_nov2020_6a/spec-101012-59820-27021598721540159.fits exists, skipping...
spectrum /n/holyscratch01/conroy_lab/vchandra/sdss5/spectra/v6_0_9/openfibertargets_nov2020_6a/spec-101012-59820-27021598721541902.fits exists, skipping...
spectrum /n/holyscratch01/conroy_lab/vchandra/sdss5/spectra/v6_0_9/openfibertargets_nov2020_6a/spec-101012-59820-27021598721561314.fits exists, skipping...
spectrum /n/holyscratch01/conroy_lab/vchandra/sdss5/spectra/v6_0_9/openfibertargets_nov2020_6a/spec-101012-59820-27021598722458000.fits exists, skipping...
spectrum /n/holyscratch01/conroy_lab/vchandra/sdss5/spectra/v6_0_9/openfibertargets_nov2020_6a/spec-101015-59740-27021598724578026.fits exists, skipping...
spectrum /n/holyscratch01/conroy_lab/vchandra/sdss5/spectra/v6_0_9/openfibertargets_nov2020_6a/spec-101015-59740-27021598724580079.fits exists, skipping...
spectrum /n/holyscratch01/conroy_lab/vchandra/sdss5/spectra/v6_0_9/openfibertargets_nov2020_6a/spec-101015-59740-27021598724591395.fits exists, skipping...
spectrum /n/holyscratch01/conroy_lab/vchandra/sdss5/spectra/v6_0_9/openfibertargets_nov2020_6a/spec-101015-59740-27021598724594211.fits exists, skipping...
spectrum /n/holyscratch01/conroy_lab/vchandra/sdss5/spectra/v6_0_9/openfibertargets_nov2020_6a/spec-101015-59740-27021598724598165.fits exists, skipping...
spectrum /n/holyscratch01/conroy_lab/vchandra/sdss5/spectra/v6_0_9/openfibertargets_nov2020_6a/spec-101015-59740-27021598724599363.fits exists, skipping...
spectrum /n/holyscratch01/conroy_lab/vchandra/sdss5/spectra/v6_0_9/openfibertargets_nov2020_6a/spec-101015-59740-27021598724600917.fits exists, skipping...
spectrum /n/holyscratch01/conroy_lab/vchandra/sdss5/spectra/v6_0_9/openfibertargets_nov2020_6a/spec-101015-59740-27021598724603903.fits exists, skipping...
spectrum /n/holyscratch01/conroy_lab/vchandra/sdss5/spectra/v6_0_9/openfibertargets_nov2020_6a/spec-101015-59740-27021598724605561.fits exists, skipping...
spectrum /n/holyscratch01/conroy_lab/vchandra/sdss5/spectra/v6_0_9/openfibertargets_nov2020_6a/spec-101015-59740-27021598724608437.fits exists, skipping...
spectrum /n/holyscratch01/conroy_lab/vchandra/sdss5/spectra/v6_0_9/openfibertargets_nov2020_6a/spec-101015-59740-27021598724622719.fits exists, skipping...
spectrum /n/holyscratch01/conroy_lab/vchandra/sdss5/spectra/v6_0_9/openfibertargets_nov2020_6a/spec-101015-59740-27021598724639816.fits exists, skipping...
spectrum /n/holyscratch01/conroy_lab/vchandra/sdss5/spectra/v6_0_9/openfibertargets_nov2020_6a/spec-101015-59740-27021598724654483.fits exists, skipping...
spectrum /n/holyscratch01/conroy_lab/vchandra/sdss5/spectra/v6_0_9/openfibertargets_nov2020_6a/spec-101015-59740-27021598724656102.fits exists, skipping...
spectrum /n/holyscratch01/conroy_lab/vchandra/sdss5/spectra/v6_0_9/openfibertargets_nov2020_6a/spec-101015-59740-27021598724668693.fits exists, skipping...
spectrum /n/holyscratch01/conroy_lab/vchandra/sdss5/spectra/v6_0_9/openfibertargets_nov2020_6a/spec-101015-59741-27021598724578026.fits exists, skipping...
spectrum /n/holyscratch01/conroy_lab/vchandra/sdss5/spectra/v6_0_9/openfibertargets_nov2020_6a/spec-101015-59741-27021598724580079.fits exists, skipping...
spectrum /n/holyscratch01/conroy_lab/vchandra/sdss5/spectra/v6_0_9/openfibertargets_nov2020_6a/spec-101015-59741-27021598724591395.fits exists, skipping...
spectrum /n/holyscratch01/conroy_lab/vchandra/sdss5/spectra/v6_0_9/openfibertargets_nov2020_6a/spec-101015-59741-27021598724594211.fits exists, skipping...
spectrum /n/holyscratch01/conroy_lab/vchandra/sdss5/spectra/v6_0_9/openfibertargets_nov2020_6a/spec-101015-59741-27021598724598165.fits exists, skipping...
spectrum /n/holyscratch01/conroy_lab/vchandra/sdss5/spectra/v6_0_9/openfibertargets_nov2020_6a/spec-101015-59741-27021598724599363.fits exists, skipping...
spectrum /n/holyscratch01/conroy_lab/vchandra/sdss5/spectra/v6_0_9/openfibertargets_nov2020_6a/spec-101015-59741-27021598724600917.fits exists, skipping...
spectrum /n/holyscratch01/conroy_lab/vchandra/sdss5/spectra/v6_0_9/openfibertargets_nov2020_6a/spec-101015-59741-27021598724603903.fits exists, skipping...
spectrum /n/holyscratch01/conroy_lab/vchandra/sdss5/spectra/v6_0_9/openfibertargets_nov2020_6a/spec-101015-59741-27021598724605561.fits exists, skipping...
spectrum /n/holyscratch01/conroy_lab/vchandra/sdss5/spectra/v6_0_9/openfibertargets_nov2020_6a/spec-101015-59741-27021598724608437.fits exists, skipping...
spectrum /n/holyscratch01/conroy_lab/vchandra/sdss5/spectra/v6_0_9/openfibertargets_nov2020_6a/spec-101015-59741-27021598724622719.fits exists, skipping...
spectrum /n/holyscratch01/conroy_lab/vchandra/sdss5/spectra/v6_0_9/openfibertargets_nov2020_6a/spec-101015-59741-27021598724639816.fits exists, skipping...
spectrum /n/holyscratch01/conroy_lab/vchandra/sdss5/spectra/v6_0_9/openfibertargets_nov2020_6a/spec-101015-59741-27021598724654483.fits exists, skipping...
spectrum /n/holyscratch01/conroy_lab/vchandra/sdss5/spectra/v6_0_9/openfibertargets_nov2020_6a/spec-101015-59741-27021598724656102.fits exists, skipping...
spectrum /n/holyscratch01/conroy_lab/vchandra/sdss5/spectra/v6_0_9/openfibertargets_nov2020_6a/spec-101015-59741-27021598724668693.fits exists, skipping...
spectrum /n/holyscratch01/conroy_lab/vchandra/sdss5/spectra/v6_0_9/openfibertargets_nov2020_6a/spec-101030-59741-27021598725877351.fits exists, skipping...
spectrum /n/holyscratch01/conroy_lab/vchandra/sdss5/spectra/v6_0_9/openfibertargets_nov2020_6a/spec-101030-59741-27021598725889164.fits exists, skipping...
spectrum /n/holyscratch01/conroy_lab/vchandra/sdss5/spectra/v6_0_9/openfibertargets_nov2020_6a/spec-101030-59741-27021598725910090.fits exists, skipping...
spectrum /n/holyscratch01/conroy_lab/vchandra/sdss5/spectra/v6_0_9/openfibertargets_nov2020_6a/spec-101030-59741-27021598725922096.fits exists, skipping...
spectrum /n/holyscratch01/conroy_lab/vchandra/sdss5/spectra/v6_0_9/openfibertargets_nov2020_6a/spec-101030-59741-27021598725924569.fits exists, skipping...
spectrum /n/holyscratch01/conroy_lab/vchandra/sdss5/spectra/v6_0_9/openfibertargets_nov2020_6a/spec-101030-59741-27021598725925080.fits exists, skipping...
spectrum /n/holyscratch01/conroy_lab/vchandra/sdss5/spectra/v6_0_9/openfibertargets_nov2020_6a/spec-101030-59741-27021598725935288.fits exists, skipping...
spectrum /n/holyscratch01/conroy_lab/vchandra/sdss5/spectra/v6_0_9/openfibertargets_nov2020_6a/spec-101030-59741-27021598873732770.fits exists, skipping...
spectrum /n/holyscratch01/conroy_lab/vchandra/sdss5/spectra/v6_0_9/openfibertargets_nov2020_6a/spec-101030-59741-27021598873790700.fits exists, skipping...
spectrum /n/holyscratch01/conroy_lab/vchandra/sdss5/spectra/v6_0_9/openfibertargets_nov2020_6a/spec-101043-59844-27021598725001234.fits exists, skipping...
spectrum /n/holyscratch01/conroy_lab/vchandra/sdss5/spectra/v6_0_9/openfibertargets_nov2020_6a/spec-101043-59844-27021598725048794.fits exists, skipping...
spectrum /n/holyscratch01/conroy_lab/vchandra/sdss5/spectra/v6_0_9/openfibertargets_nov2020_6a/spec-101043-59844-27021598725051295.fits exists, skipping...
spectrum /n/holyscratch01/conroy_lab/vchandra/sdss5/spectra/v6_0_9/openfibertargets_nov2020_6a/spec-101043-59844-27021598725493658.fits exists, skipping...
spectrum /n/holyscratch01/conroy_lab/vchandra/sdss5/spectra/v6_0_9/openfibertargets_nov2020_6a/spec-101043-59844-27021598725503925.fits exists, skipping...
spectrum /n/holyscratch01/conroy_lab/vchandra/sdss5/spectra/v6_0_9/openfibertargets_nov2020_6a/spec-101044-59794-27021598725561938.fits exists, skipping...
spectrum /n/holyscratch01/conroy_lab/vchandra/sdss5/spectra/v6_0_9/openfibertargets_nov2020_6a/spec-101044-59794-27021598725562172.fits exists, skipping...
spectrum /n/holyscratch01/conroy_lab/vchandra/sdss5/spectra/v6_0_9/openfibertargets_nov2020_6a/spec-101044-59794-27021598725628076.fits exists, skipping...
spectrum /n/holyscratch01/conroy_lab/vchandra/sdss5/spectra/v6_0_9/openfibertargets_nov2020_6a/spec-101044-59817-27021598725557052.fits exists, skipping...
spectrum /n/holyscratch01/conroy_lab/vchandra/sdss5/spectra/v6_0_9/openfibertargets_nov2020_6a/spec-101044-59817-27021598725562172.fits exists, skipping...
spectrum /n/holyscratch01/conroy_lab/vchandra/sdss5/spectra/v6_0_9/openfibertargets_nov2020_6a/spec-101044-59817-27021598725619182.fits exists, skipping...
spectrum /n/holyscratch01/conroy_lab/vchandra/sdss5/spectra/v6_0_9/openfibertargets_nov2020_6a/spec-101044-59817-27021598725628076.fits exists, skipping...
spectrum /n/holyscratch01/conroy_lab/vchandra/sdss5/spectra/v6_0_9/openfibertargets_nov2020_6a/spec-101044-59817-27021598725639560.fits exists, skipping...
spectrum /n/holyscratch01/conroy_lab/vchandra/sdss5/spectra/v6_0_9/openfibertargets_nov2020_6a/spec-101044-59817-27021598725727619.fits exists, skipping...
spectrum /n/holyscratch01/conroy_lab/vchandra/sdss5/spectra/v6_0_9/openfibertargets_nov2020_6a/spec-101045-59763-27021598725847093.fits exists, skipping...
spectrum /n/holyscratch01/conroy_lab/vchandra/sdss5/spectra/v6_0_9/openfibertargets_nov2020_6a/spec-101045-59763-27021598725854831.fits exists, skipping...
spectrum /n/holyscratch01/conroy_lab/vchandra/sdss5/spectra/v6_0_9/openfibertargets_nov2020_6a/spec-101045-59763-27021598725912974.fits exists, skipping...
100 done...
spectrum /n/holyscratch01/conroy_lab/vchandra/sdss5/spectra/v6_0_9/openfibertargets_nov2020_6a/spec-101045-59763-27021598725914866.fits exists, skipping...
spectrum /n/holyscratch01/conroy_lab/vchandra/sdss5/spectra/v6_0_9/openfibertargets_nov2020_6a/spec-101045-59763-27021598725946742.fits exists, skipping...
spectrum /n/holyscratch01/conroy_lab/vchandra/sdss5/spectra/v6_0_9/openfibertargets_nov2020_6a/spec-101045-59763-27021598725968453.fits exists, skipping...
spectrum /n/holyscratch01/conroy_lab/vchandra/sdss5/spectra/v6_0_9/openfibertargets_nov2020_6a/spec-101045-59763-27021598725973781.fits exists, skipping...
spectrum /n/holyscratch01/conroy_lab/vchandra/sdss5/spectra/v6_0_9/openfibertargets_nov2020_6a/spec-101045-59763-27021598725997145.fits exists, skipping...
spectrum /n/holyscratch01/conroy_lab/vchandra/sdss5/spectra/v6_0_9/openfibertargets_nov2020_6a/spec-101045-59763-27021598726015796.fits exists, skipping...
spectrum /n/holyscratch01/conroy_lab/vchandra/sdss5/spectra/v6_0_9/openfibertargets_nov2020_6a/spec-101045-59763-27021598726018397.fits exists, skipping...
spectrum /n/holyscratch01/conroy_lab/vchandra/sdss5/spectra/v6_0_9/openfibertargets_nov2020_6a/spec-101045-59763-27021598726021149.fits exists, skipping...
spectrum /n/holyscratch01/conroy_lab/vchandra/sdss5/spectra/v6_0_9/openfibertargets_nov2020_6a/spec-101045-59763-27021598726023377.fits exists, skipping...
spectrum /n/holyscratch01/conroy_lab/vchandra/sdss5/spectra/v6_0_9/openfibertargets_nov2020_6a/spec-101045-59763-27021598726032527.fits exists, skipping...
spectrum /n/holyscratch01/conroy_lab/vchandra/sdss5/spectra/v6_0_9/openfibertargets_nov2020_6a/spec-101045-59763-27021598726043533.fits exists, skipping...
spectrum /n/holyscratch01/conroy_lab/vchandra/sdss5/spectra/v6_0_9/openfibertargets_nov2020_6a/spec-101046-59789-27021598726070727.fits exists, skipping...
spectrum /n/holyscratch01/conroy_lab/vchandra/sdss5/spectra/v6_0_9/openfibertargets_nov2020_6a/spec-101046-59789-27021598873956163.fits exists, skipping...
spectrum /n/holyscratch01/conroy_lab/vchandra/sdss5/spectra/v6_0_9/openfibertargets_nov2020_6a/spec-101046-59789-27021598873987503.fits exists, skipping...
spectrum /n/holyscratch01/conroy_lab/vchandra/sdss5/spectra/v6_0_9/openfibertargets_nov2020_6a/spec-101056-59874-27021597935188075.fits exists, skipping...
spectrum /n/holyscratch01/conroy_lab/vchandra/sdss5/spectra/v6_0_9/openfibertargets_nov2020_6a/spec-101057-59847-27021598725675934.fits exists, skipping...
spectrum /n/holyscratch01/conroy_lab/vchandra/sdss5/spectra/v6_0_9/openfibertargets_nov2020_6a/spec-101058-59840-27021598725742274.fits exists, skipping...
spectrum /n/holyscratch01/conroy_lab/vchandra/sdss5/spectra/v6_0_9/openfibertargets_nov2020_6a/spec-101058-59840-27021598725989425.fits exists, skipping...
spectrum /n/holyscratch01/conroy_lab/vchandra/sdss5/spectra/v6_0_9/openfibertargets_nov2020_6a/spec-101058-59840-27021598726132092.fits exists, skipping...
spectrum /n/holyscratch01/conroy_lab/vchandra/sdss5/spectra/v6_0_9/openfibertargets_nov2020_6a/spec-101058-59840-27021598726257634.fits exists, skipping...
spectrum /n/holyscratch01/conroy_lab/vchandra/sdss5/spectra/v6_0_9/openfibertargets_nov2020_6a/spec-101059-59797-27021598726259983.fits exists, skipping...
spectrum /n/holyscratch01/conroy_lab/vchandra/sdss5/spectra/v6_0_9/openfibertargets_nov2020_6a/spec-101059-59797-27021598726265130.fits exists, skipping...
spectrum /n/holyscratch01/conroy_lab/vchandra/sdss5/spectra/v6_0_9/openfibertargets_nov2020_6a/spec-101059-59797-27021598726293049.fits exists, skipping...
spectrum /n/holyscratch01/conroy_lab/vchandra/sdss5/spectra/v6_0_9/openfibertargets_nov2020_6a/spec-101059-59797-27021598726293973.fits exists, skipping...
spectrum /n/holyscratch01/conroy_lab/vchandra/sdss5/spectra/v6_0_9/openfibertargets_nov2020_6a/spec-101059-59797-27021598726315821.fits exists, skipping...
spectrum /n/holyscratch01/conroy_lab/vchandra/sdss5/spectra/v6_0_9/openfibertargets_nov2020_6a/spec-101059-59797-27021598726345245.fits exists, skipping...
spectrum /n/holyscratch01/conroy_lab/vchandra/sdss5/spectra/v6_0_9/openfibertargets_nov2020_6a/spec-101059-59797-27021598726345810.fits exists, skipping...
spectrum /n/holyscratch01/conroy_lab/vchandra/sdss5/spectra/v6_0_9/openfibertargets_nov2020_6a/spec-101059-59797-27021598874430577.fits exists, skipping...
spectrum /n/holyscratch01/conroy_lab/vchandra/sdss5/spectra/v6_0_9/openfibertargets_nov2020_6a/spec-101060-59840-27021598874464268.fits exists, skipping...
spectrum /n/holyscratch01/conroy_lab/vchandra/sdss5/spectra/v6_0_9/openfibertargets_nov2020_6a/spec-101060-59840-27021598874503259.fits exists, skipping...
spectrum /n/holyscratch01/conroy_lab/vchandra/sdss5/spectra/v6_0_9/openfibertargets_nov2020_6a/spec-101060-59840-27021598874513475.fits exists, skipping...
spectrum /n/holyscratch01/conroy_lab/vchandra/sdss5/spectra/v6_0_9/openfibertargets_nov2020_6a/spec-101060-59840-27021598874576793.fits exists, skipping...
spectrum /n/holyscratch01/conroy_lab/vchandra/sdss5/spectra/v6_0_9/openfibertargets_nov2020_6a/spec-101061-59866-27021598874608797.fits exists, skipping...
spectrum /n/holyscratch01/conroy_lab/vchandra/sdss5/spectra/v6_0_9/openfibertargets_nov2020_6a/spec-101066-59866-27021597935113656.fits exists, skipping...
spectrum /n/holyscratch01/conroy_lab/vchandra/sdss5/spectra/v6_0_9/openfibertargets_nov2020_6a/spec-101066-59866-27021597935115206.fits exists, skipping...
spectrum /n/holyscratch01/conroy_lab/vchandra/sdss5/spectra/v6_0_9/openfibertargets_nov2020_6a/spec-101066-59866-27021597935119485.fits exists, skipping...
spectrum /n/holyscratch01/conroy_lab/vchandra/sdss5/spectra/v6_0_9/openfibertargets_nov2020_6a/spec-101066-59866-27021597935160571.fits exists, skipping...
spectrum /n/holyscratch01/conroy_lab/vchandra/sdss5/spectra/v6_0_9/openfibertargets_nov2020_6a/spec-101066-59866-27021597935162903.fits exists, skipping...
spectrum /n/holyscratch01/conroy_lab/vchandra/sdss5/spectra/v6_0_9/openfibertargets_nov2020_6a/spec-101066-59866-27021597935172097.fits exists, skipping...
spectrum /n/holyscratch01/conroy_lab/vchandra/sdss5/spectra/v6_0_9/openfibertargets_nov2020_6a/spec-101067-59847-27021597926528688.fits exists, skipping...
spectrum /n/holyscratch01/conroy_lab/vchandra/sdss5/spectra/v6_0_9/openfibertargets_nov2020_6a/spec-101067-59847-27021597926543592.fits exists, skipping...
spectrum /n/holyscratch01/conroy_lab/vchandra/sdss5/spectra/v6_0_9/openfibertargets_nov2020_6a/spec-101067-59847-27021597935131338.fits exists, skipping...
spectrum /n/holyscratch01/conroy_lab/vchandra/sdss5/spectra/v6_0_9/openfibertargets_nov2020_6a/spec-101067-59847-27021597935132175.fits exists, skipping...
spectrum /n/holyscratch01/conroy_lab/vchandra/sdss5/spectra/v6_0_9/openfibertargets_nov2020_6a/spec-101067-59847-27021597935133592.fits exists, skipping...
spectrum /n/holyscratch01/conroy_lab/vchandra/sdss5/spectra/v6_0_9/openfibertargets_nov2020_6a/spec-101067-59847-27021597935138387.fits exists, skipping...
spectrum /n/holyscratch01/conroy_lab/vchandra/sdss5/spectra/v6_0_9/openfibertargets_nov2020_6a/spec-101067-59847-27021597935140694.fits exists, skipping...
spectrum /n/holyscratch01/conroy_lab/vchandra/sdss5/spectra/v6_0_9/openfibertargets_nov2020_6a/spec-101067-59847-27021597935141812.fits exists, skipping...
spectrum /n/holyscratch01/conroy_lab/vchandra/sdss5/spectra/v6_0_9/openfibertargets_nov2020_6a/spec-101067-59847-27021597935150319.fits exists, skipping...
spectrum /n/holyscratch01/conroy_lab/vchandra/sdss5/spectra/v6_0_9/openfibertargets_nov2020_6a/spec-101067-59847-27021597935167215.fits exists, skipping...
spectrum /n/holyscratch01/conroy_lab/vchandra/sdss5/spectra/v6_0_9/openfibertargets_nov2020_6a/spec-101068-59866-27021598725399704.fits exists, skipping...
spectrum /n/holyscratch01/conroy_lab/vchandra/sdss5/spectra/v6_0_9/openfibertargets_nov2020_6a/spec-101068-59866-27021598725405367.fits exists, skipping...
spectrum /n/holyscratch01/conroy_lab/vchandra/sdss5/spectra/v6_0_9/openfibertargets_nov2020_6a/spec-101073-59847-27021597934885643.fits exists, skipping...
spectrum /n/holyscratch01/conroy_lab/vchandra/sdss5/spectra/v6_0_9/openfibertargets_nov2020_6a/spec-101076-59872-27021597926078204.fits exists, skipping...
spectrum /n/holyscratch01/conroy_lab/vchandra/sdss5/spectra/v6_0_9/openfibertargets_nov2020_6a/spec-101076-59872-27021597926090716.fits exists, skipping...
spectrum /n/holyscratch01/conroy_lab/vchandra/sdss5/spectra/v6_0_9/openfibertargets_nov2020_6a/spec-101076-59872-27021598725485312.fits exists, skipping...
spectrum /n/holyscratch01/conroy_lab/vchandra/sdss5/spectra/v6_0_9/openfibertargets_nov2020_6a/spec-101076-59872-27021598726191889.fits exists, skipping...
spectrum /n/holyscratch01/conroy_lab/vchandra/sdss5/spectra/v6_0_9/openfibertargets_nov2020_6a/spec-101077-59845-27021597926194363.fits exists, skipping...
spectrum /n/holyscratch01/conroy_lab/vchandra/sdss5/spectra/v6_0_9/openfibertargets_nov2020_6a/spec-101077-59845-27021597926205390.fits exists, skipping...
spectrum /n/holyscratch01/conroy_lab/vchandra/sdss5/spectra/v6_0_9/openfibertargets_nov2020_6a/spec-101077-59845-27021597926206398.fits exists, skipping...
spectrum /n/holyscratch01/conroy_lab/vchandra/sdss5/spectra/v6_0_9/openfibertargets_nov2020_6a/spec-101078-59762-27021597926235158.fits exists, skipping...
spectrum /n/holyscratch01/conroy_lab/vchandra/sdss5/spectra/v6_0_9/openfibertargets_nov2020_6a/spec-101078-59762-27021597926238211.fits exists, skipping...
spectrum /n/holyscratch01/conroy_lab/vchandra/sdss5/spectra/v6_0_9/openfibertargets_nov2020_6a/spec-101078-59762-27021597926306738.fits exists, skipping...
spectrum /n/holyscratch01/conroy_lab/vchandra/sdss5/spectra/v6_0_9/openfibertargets_nov2020_6a/spec-101079-59764-27021597926253586.fits exists, skipping...
spectrum /n/holyscratch01/conroy_lab/vchandra/sdss5/spectra/v6_0_9/openfibertargets_nov2020_6a/spec-101079-59764-27021597926265140.fits exists, skipping...
spectrum /n/holyscratch01/conroy_lab/vchandra/sdss5/spectra/v6_0_9/openfibertargets_nov2020_6a/spec-101079-59764-27021597926266933.fits exists, skipping...
spectrum /n/holyscratch01/conroy_lab/vchandra/sdss5/spectra/v6_0_9/openfibertargets_nov2020_6a/spec-101079-59764-27021597926271431.fits exists, skipping...
spectrum /n/holyscratch01/conroy_lab/vchandra/sdss5/spectra/v6_0_9/openfibertargets_nov2020_6a/spec-101079-59764-27021597926299374.fits exists, skipping...
spectrum /n/holyscratch01/conroy_lab/vchandra/sdss5/spectra/v6_0_9/openfibertargets_nov2020_6a/spec-101079-59764-27021597926427838.fits exists, skipping...
spectrum /n/holyscratch01/conroy_lab/vchandra/sdss5/spectra/v6_0_9/openfibertargets_nov2020_6a/spec-101079-59764-27021597926436862.fits exists, skipping...
spectrum /n/holyscratch01/conroy_lab/vchandra/sdss5/spectra/v6_0_9/openfibertargets_nov2020_6a/spec-101079-59764-27021597926440115.fits exists, skipping...
spectrum /n/holyscratch01/conroy_lab/vchandra/sdss5/spectra/v6_0_9/openfibertargets_nov2020_6a/spec-101079-59764-27021597926457382.fits exists, skipping...
spectrum /n/holyscratch01/conroy_lab/vchandra/sdss5/spectra/v6_0_9/openfibertargets_nov2020_6a/spec-101079-59764-27021597926458633.fits exists, skipping...
spectrum /n/holyscratch01/conroy_lab/vchandra/sdss5/spectra/v6_0_9/openfibertargets_nov2020_6a/spec-101210-59662-27021598131879639.fits exists, skipping...
spectrum /n/holyscratch01/conroy_lab/vchandra/sdss5/spectra/v6_0_9/openfibertargets_nov2020_6a/spec-101210-59662-27021598131890280.fits exists, skipping...
spectrum /n/holyscratch01/conroy_lab/vchandra/sdss5/spectra/v6_0_9/openfibertargets_nov2020_6a/spec-101210-59662-27021598151860637.fits exists, skipping...
spectrum /n/holyscratch01/conroy_lab/vchandra/sdss5/spectra/v6_0_9/openfibertargets_nov2020_6a/spec-101212-59676-27021598131747471.fits exists, skipping...
spectrum /n/holyscratch01/conroy_lab/vchandra/sdss5/spectra/v6_0_9/openfibertargets_nov2020_6a/spec-101212-59676-27021598151754473.fits exists, skipping...
spectrum /n/holyscratch01/conroy_lab/vchandra/sdss5/spectra/v6_0_9/openfibertargets_nov2020_6a/spec-101212-59676-27021598151756565.fits exists, skipping...
spectrum /n/holyscratch01/conroy_lab/vchandra/sdss5/spectra/v6_0_9/openfibertargets_nov2020_6a/spec-101212-59676-27021598151757465.fits exists, skipping...
spectrum /n/holyscratch01/conroy_lab/vchandra/sdss5/spectra/v6_0_9/openfibertargets_nov2020_6a/spec-101212-59676-27021598151761277.fits exists, skipping...
spectrum /n/holyscratch01/conroy_lab/vchandra/sdss5/spectra/v6_0_9/openfibertargets_nov2020_6a/spec-101219-59986-27021598151797954.fits exists, skipping...
spectrum /n/holyscratch01/conroy_lab/vchandra/sdss5/spectra/v6_0_9/openfibertargets_nov2020_6a/spec-101221-59986-27021598131672848.fits exists, skipping...
spectrum /n/holyscratch01/conroy_lab/vchandra/sdss5/spectra/v6_0_9/openfibertargets_nov2020_6a/spec-101221-59986-27021598131680866.fits exists, skipping...
spectrum /n/holyscratch01/conroy_lab/vchandra/sdss5/spectra/v6_0_9/openfibertargets_nov2020_6a/spec-101221-59986-27021598131688796.fits exists, skipping...
spectrum /n/holyscratch01/conroy_lab/vchandra/sdss5/spectra/v6_0_9/openfibertargets_nov2020_6a/spec-101221-59986-27021598131689273.fits exists, skipping...
spectrum /n/holyscratch01/conroy_lab/vchandra/sdss5/spectra/v6_0_9/openfibertargets_nov2020_6a/spec-101221-59986-27021598131700953.fits exists, skipping...
spectrum /n/holyscratch01/conroy_lab/vchandra/sdss5/spectra/v6_0_9/openfibertargets_nov2020_6a/spec-101221-59986-27021598131703592.fits exists, skipping...
spectrum /n/holyscratch01/conroy_lab/vchandra/sdss5/spectra/v6_0_9/openfibertargets_nov2020_6a/spec-101227-59975-27021598131137082.fits exists, skipping...
spectrum /n/holyscratch01/conroy_lab/vchandra/sdss5/spectra/v6_0_9/openfibertargets_nov2020_6a/spec-101227-59975-27021598131684704.fits exists, skipping...
spectrum /n/holyscratch01/conroy_lab/vchandra/sdss5/spectra/v6_0_9/openfibertargets_nov2020_6a/spec-101227-59975-27021598131692222.fits exists, skipping...
spectrum /n/holyscratch01/conroy_lab/vchandra/sdss5/spectra/v6_0_9/openfibertargets_nov2020_6a/spec-101227-59975-27021598151705343.fits exists, skipping...
spectrum /n/holyscratch01/conroy_lab/vchandra/sdss5/spectra/v6_0_9/openfibertargets_nov2020_6a/spec-101234-59951-27021598131098239.fits exists, skipping...
spectrum /n/holyscratch01/conroy_lab/vchandra/sdss5/spectra/v6_0_9/openfibertargets_nov2020_6a/spec-101235-59974-27021598131059608.fits exists, skipping...
spectrum /n/holyscratch01/conroy_lab/vchandra/sdss5/spectra/v6_0_9/openfibertargets_nov2020_6a/spec-101243-59957-27021598131098786.fits exists, skipping...
spectrum /n/holyscratch01/conroy_lab/vchandra/sdss5/spectra/v6_0_9/openfibertargets_nov2020_6a/spec-101244-59658-27021598131120277.fits exists, skipping...
spectrum /n/holyscratch01/conroy_lab/vchandra/sdss5/spectra/v6_0_9/openfibertargets_nov2020_6a/spec-101253-59702-27021598151238770.fits exists, skipping...
spectrum /n/holyscratch01/conroy_lab/vchandra/sdss5/spectra/v6_0_9/openfibertargets_nov2020_6a/spec-101253-59702-27021598151242521.fits exists, skipping...
spectrum /n/holyscratch01/conroy_lab/vchandra/sdss5/spectra/v6_0_9/openfibertargets_nov2020_6a/spec-101253-59704-27021598151238770.fits exists, skipping...
spectrum /n/holyscratch01/conroy_lab/vchandra/sdss5/spectra/v6_0_9/openfibertargets_nov2020_6a/spec-101253-59704-27021598151242521.fits exists, skipping...
spectrum /n/holyscratch01/conroy_lab/vchandra/sdss5/spectra/v6_0_9/openfibertargets_nov2020_6a/spec-101254-59658-27021598131066327.fits exists, skipping...
200 done...
spectrum /n/holyscratch01/conroy_lab/vchandra/sdss5/spectra/v6_0_9/openfibertargets_nov2020_6a/spec-101254-59658-27021598131069626.fits exists, skipping...
spectrum /n/holyscratch01/conroy_lab/vchandra/sdss5/spectra/v6_0_9/openfibertargets_nov2020_6a/spec-101254-59658-27021598131070490.fits exists, skipping...
spectrum /n/holyscratch01/conroy_lab/vchandra/sdss5/spectra/v6_0_9/openfibertargets_nov2020_6a/spec-101254-59658-27021598131081553.fits exists, skipping...
spectrum /n/holyscratch01/conroy_lab/vchandra/sdss5/spectra/v6_0_9/openfibertargets_nov2020_6a/spec-101254-59658-27021598131083346.fits exists, skipping...
spectrum /n/holyscratch01/conroy_lab/vchandra/sdss5/spectra/v6_0_9/openfibertargets_nov2020_6a/spec-101254-59658-27021598131086182.fits exists, skipping...
spectrum /n/holyscratch01/conroy_lab/vchandra/sdss5/spectra/v6_0_9/openfibertargets_nov2020_6a/spec-101254-59658-27021598131087729.fits exists, skipping...
spectrum /n/holyscratch01/conroy_lab/vchandra/sdss5/spectra/v6_0_9/openfibertargets_nov2020_6a/spec-101262-59950-27021598151242390.fits exists, skipping...
spectrum /n/holyscratch01/conroy_lab/vchandra/sdss5/spectra/v6_0_9/openfibertargets_nov2020_6a/spec-101271-59924-27021598130911022.fits exists, skipping...
spectrum /n/holyscratch01/conroy_lab/vchandra/sdss5/spectra/v6_0_9/openfibertargets_nov2020_6a/spec-101271-59924-27021598130925133.fits exists, skipping...
spectrum /n/holyscratch01/conroy_lab/vchandra/sdss5/spectra/v6_0_9/openfibertargets_nov2020_6a/spec-101284-59699-27021598128462543.fits exists, skipping...
spectrum /n/holyscratch01/conroy_lab/vchandra/sdss5/spectra/v6_0_9/openfibertargets_nov2020_6a/spec-101284-59699-27021598128463317.fits exists, skipping...
spectrum /n/holyscratch01/conroy_lab/vchandra/sdss5/spectra/v6_0_9/openfibertargets_nov2020_6a/spec-101284-59699-27021598150229308.fits exists, skipping...
spectrum /n/holyscratch01/conroy_lab/vchandra/sdss5/spectra/v6_0_9/openfibertargets_nov2020_6a/spec-101285-59924-27021598128464739.fits exists, skipping...
spectrum /n/holyscratch01/conroy_lab/vchandra/sdss5/spectra/v6_0_9/openfibertargets_nov2020_6a/spec-101286-59658-27021598128433099.fits exists, skipping...
spectrum /n/holyscratch01/conroy_lab/vchandra/sdss5/spectra/v6_0_9/openfibertargets_nov2020_6a/spec-101286-59658-27021598128442122.fits exists, skipping...
spectrum /n/holyscratch01/conroy_lab/vchandra/sdss5/spectra/v6_0_9/openfibertargets_nov2020_6a/spec-101287-59679-27021598128332699.fits exists, skipping...
spectrum /n/holyscratch01/conroy_lab/vchandra/sdss5/spectra/v6_0_9/openfibertargets_nov2020_6a/spec-101287-59679-27021598128350951.fits exists, skipping...
spectrum /n/holyscratch01/conroy_lab/vchandra/sdss5/spectra/v6_0_9/openfibertargets_nov2020_6a/spec-101288-59683-27021598128309712.fits exists, skipping...
spectrum /n/holyscratch01/conroy_lab/vchandra/sdss5/spectra/v6_0_9/openfibertargets_nov2020_6a/spec-101288-59683-27021598128313256.fits exists, skipping...
spectrum /n/holyscratch01/conroy_lab/vchandra/sdss5/spectra/v6_0_9/openfibertargets_nov2020_6a/spec-101288-59683-27021598128330833.fits exists, skipping...
spectrum /n/holyscratch01/conroy_lab/vchandra/sdss5/spectra/v6_0_9/openfibertargets_nov2020_6a/spec-101289-59683-27021598127893630.fits exists, skipping...
spectrum /n/holyscratch01/conroy_lab/vchandra/sdss5/spectra/v6_0_9/openfibertargets_nov2020_6a/spec-101289-59683-27021598128313753.fits exists, skipping...
spectrum /n/holyscratch01/conroy_lab/vchandra/sdss5/spectra/v6_0_9/openfibertargets_nov2020_6a/spec-101294-59923-27021598128452140.fits exists, skipping...
spectrum /n/holyscratch01/conroy_lab/vchandra/sdss5/spectra/v6_0_9/openfibertargets_nov2020_6a/spec-101296-59694-27021598149820224.fits exists, skipping...
spectrum /n/holyscratch01/conroy_lab/vchandra/sdss5/spectra/v6_0_9/openfibertargets_nov2020_6a/spec-101296-59694-27021598149834229.fits exists, skipping...
spectrum /n/holyscratch01/conroy_lab/vchandra/sdss5/spectra/v6_0_9/openfibertargets_nov2020_6a/spec-101296-59694-27021598150083451.fits exists, skipping...
spectrum /n/holyscratch01/conroy_lab/vchandra/sdss5/spectra/v6_0_9/openfibertargets_nov2020_6a/spec-101296-59694-27021598150085122.fits exists, skipping...
spectrum /n/holyscratch01/conroy_lab/vchandra/sdss5/spectra/v6_0_9/openfibertargets_nov2020_6a/spec-101296-59694-27021598150085638.fits exists, skipping...
spectrum /n/holyscratch01/conroy_lab/vchandra/sdss5/spectra/v6_0_9/openfibertargets_nov2020_6a/spec-101296-59694-27021598150087538.fits exists, skipping...
spectrum /n/holyscratch01/conroy_lab/vchandra/sdss5/spectra/v6_0_9/openfibertargets_nov2020_6a/spec-101446-59978-27021598152151123.fits exists, skipping...
spectrum /n/holyscratch01/conroy_lab/vchandra/sdss5/spectra/v6_0_9/openfibertargets_nov2020_6a/spec-101817-59844-27021597970646305.fits exists, skipping...
spectrum /n/holyscratch01/conroy_lab/vchandra/sdss5/spectra/v6_0_9/openfibertargets_nov2020_6a/spec-101817-59845-27021597970643229.fits exists, skipping...
spectrum /n/holyscratch01/conroy_lab/vchandra/sdss5/spectra/v6_0_9/openfibertargets_nov2020_6a/spec-101903-59967-27021597934560716.fits exists, skipping...
spectrum /n/holyscratch01/conroy_lab/vchandra/sdss5/spectra/v6_0_9/openfibertargets_nov2020_6a/spec-101903-59967-27021597934571593.fits exists, skipping...
spectrum /n/holyscratch01/conroy_lab/vchandra/sdss5/spectra/v6_0_9/openfibertargets_nov2020_6a/spec-101910-59964-27021597934307143.fits exists, skipping...
spectrum /n/holyscratch01/conroy_lab/vchandra/sdss5/spectra/v6_0_9/openfibertargets_nov2020_6a/spec-101910-59965-27021597934307143.fits exists, skipping...
spectrum /n/holyscratch01/conroy_lab/vchandra/sdss5/spectra/v6_0_9/openfibertargets_nov2020_6a/spec-102329-59671-27021598333213296.fits exists, skipping...
spectrum /n/holyscratch01/conroy_lab/vchandra/sdss5/spectra/v6_0_9/openfibertargets_nov2020_6a/spec-102329-59671-27021598333230053.fits exists, skipping...
spectrum /n/holyscratch01/conroy_lab/vchandra/sdss5/spectra/v6_0_9/openfibertargets_nov2020_6a/spec-102329-59674-27021598333188266.fits exists, skipping...
spectrum /n/holyscratch01/conroy_lab/vchandra/sdss5/spectra/v6_0_9/openfibertargets_nov2020_6a/spec-102329-59674-27021598333188664.fits exists, skipping...
spectrum /n/holyscratch01/conroy_lab/vchandra/sdss5/spectra/v6_0_9/openfibertargets_nov2020_6a/spec-102329-59674-27021598333203571.fits exists, skipping...
spectrum /n/holyscratch01/conroy_lab/vchandra/sdss5/spectra/v6_0_9/openfibertargets_nov2020_6a/spec-102329-59674-27021598333221360.fits exists, skipping...
spectrum /n/holyscratch01/conroy_lab/vchandra/sdss5/spectra/v6_0_9/openfibertargets_nov2020_6a/spec-102329-59674-27021598333229648.fits exists, skipping...
spectrum /n/holyscratch01/conroy_lab/vchandra/sdss5/spectra/v6_0_9/openfibertargets_nov2020_6a/spec-102329-59722-27021598333213296.fits exists, skipping...
spectrum /n/holyscratch01/conroy_lab/vchandra/sdss5/spectra/v6_0_9/openfibertargets_nov2020_6a/spec-102329-59722-27021598333230053.fits exists, skipping...
spectrum /n/holyscratch01/conroy_lab/vchandra/sdss5/spectra/v6_0_9/openfibertargets_nov2020_6a/spec-102329-59723-27021598333213296.fits exists, skipping...
spectrum /n/holyscratch01/conroy_lab/vchandra/sdss5/spectra/v6_0_9/openfibertargets_nov2020_6a/spec-102329-59723-27021598333230053.fits exists, skipping...
spectrum /n/holyscratch01/conroy_lab/vchandra/sdss5/spectra/v6_0_9/openfibertargets_nov2020_6a/spec-102329-59731-27021598333213296.fits exists, skipping...
spectrum /n/holyscratch01/conroy_lab/vchandra/sdss5/spectra/v6_0_9/openfibertargets_nov2020_6a/spec-102329-59731-27021598333230053.fits exists, skipping...
spectrum /n/holyscratch01/conroy_lab/vchandra/sdss5/spectra/v6_0_9/openfibertargets_nov2020_6a/spec-102358-59651-27021598149542433.fits exists, skipping...
spectrum /n/holyscratch01/conroy_lab/vchandra/sdss5/spectra/v6_0_9/openfibertargets_nov2020_6a/spec-102358-59651-27021598157727936.fits exists, skipping...
spectrum /n/holyscratch01/conroy_lab/vchandra/sdss5/spectra/v6_0_9/openfibertargets_nov2020_6a/spec-102358-59651-27021598157738880.fits exists, skipping...
spectrum /n/holyscratch01/conroy_lab/vchandra/sdss5/spectra/v6_0_9/openfibertargets_nov2020_6a/spec-102358-59651-27021598157815472.fits exists, skipping...
spectrum /n/holyscratch01/conroy_lab/vchandra/sdss5/spectra/v6_0_9/openfibertargets_nov2020_6a/spec-102358-59651-27021598157817484.fits exists, skipping...
spectrum /n/holyscratch01/conroy_lab/vchandra/sdss5/spectra/v6_0_9/openfibertargets_nov2020_6a/spec-102358-59651-27021598157820228.fits exists, skipping...
spectrum /n/holyscratch01/conroy_lab/vchandra/sdss5/spectra/v6_0_9/openfibertargets_nov2020_6a/spec-102719-59958-27021597958163936.fits exists, skipping...
spectrum /n/holyscratch01/conroy_lab/vchandra/sdss5/spectra/v6_0_9/openfibertargets_nov2020_6a/spec-102882-59647-27021598131873582.fits exists, skipping...
spectrum /n/holyscratch01/conroy_lab/vchandra/sdss5/spectra/v6_0_9/openfibertargets_nov2020_6a/spec-102882-59647-27021598131874031.fits exists, skipping...
spectrum /n/holyscratch01/conroy_lab/vchandra/sdss5/spectra/v6_0_9/openfibertargets_nov2020_6a/spec-102882-59647-27021598131875188.fits exists, skipping...
spectrum /n/holyscratch01/conroy_lab/vchandra/sdss5/spectra/v6_0_9/openfibertargets_nov2020_6a/spec-102883-59645-27021598131887266.fits exists, skipping...
spectrum /n/holyscratch01/conroy_lab/vchandra/sdss5/spectra/v6_0_9/openfibertargets_nov2020_6a/spec-103284-59643-27021598146793269.fits exists, skipping...
spectrum /n/holyscratch01/conroy_lab/vchandra/sdss5/spectra/v6_0_9/openfibertargets_nov2020_6a/spec-103284-59643-27021598146853968.fits exists, skipping...
spectrum /n/holyscratch01/conroy_lab/vchandra/sdss5/spectra/v6_0_9/openfibertargets_nov2020_6a/spec-103284-59643-27021598146860688.fits exists, skipping...
spectrum /n/holyscratch01/conroy_lab/vchandra/sdss5/spectra/v6_0_9/openfibertargets_nov2020_6a/spec-103284-59645-27021598146793269.fits exists, skipping...
spectrum /n/holyscratch01/conroy_lab/vchandra/sdss5/spectra/v6_0_9/openfibertargets_nov2020_6a/spec-103284-59645-27021598146853968.fits exists, skipping...
spectrum /n/holyscratch01/conroy_lab/vchandra/sdss5/spectra/v6_0_9/openfibertargets_nov2020_6a/spec-103284-59645-27021598146860688.fits exists, skipping...
spectrum /n/holyscratch01/conroy_lab/vchandra/sdss5/spectra/v6_0_9/openfibertargets_nov2020_6a/spec-103296-59647-27021598148911425.fits exists, skipping...
spectrum /n/holyscratch01/conroy_lab/vchandra/sdss5/spectra/v6_0_9/openfibertargets_nov2020_6a/spec-103297-59734-27021598146878054.fits exists, skipping...
spectrum /n/holyscratch01/conroy_lab/vchandra/sdss5/spectra/v6_0_9/openfibertargets_nov2020_6a/spec-103490-59935-27021597939935312.fits exists, skipping...
spectrum /n/holyscratch01/conroy_lab/vchandra/sdss5/spectra/v6_0_9/openfibertargets_nov2020_6a/spec-103491-59895-27021597929627057.fits exists, skipping...
spectrum /n/holyscratch01/conroy_lab/vchandra/sdss5/spectra/v6_0_9/openfibertargets_nov2020_6a/spec-103491-59895-27021597929642531.fits exists, skipping...
spectrum /n/holyscratch01/conroy_lab/vchandra/sdss5/spectra/v6_0_9/openfibertargets_nov2020_6a/spec-103491-59895-27021597929645399.fits exists, skipping...
spectrum /n/holyscratch01/conroy_lab/vchandra/sdss5/spectra/v6_0_9/openfibertargets_nov2020_6a/spec-103491-59895-27021597929650007.fits exists, skipping...
spectrum /n/holyscratch01/conroy_lab/vchandra/sdss5/spectra/v6_0_9/openfibertargets_nov2020_6a/spec-103499-59939-27021597929548904.fits exists, skipping...
spectrum /n/holyscratch01/conroy_lab/vchandra/sdss5/spectra/v6_0_9/openfibertargets_nov2020_6a/spec-103499-59939-27021597929553682.fits exists, skipping...
spectrum /n/holyscratch01/conroy_lab/vchandra/sdss5/spectra/v6_0_9/openfibertargets_nov2020_6a/spec-103514-59934-27021597929145434.fits exists, skipping...
spectrum /n/holyscratch01/conroy_lab/vchandra/sdss5/spectra/v6_0_9/openfibertargets_nov2020_6a/spec-103514-59934-27021597929152529.fits exists, skipping...
spectrum /n/holyscratch01/conroy_lab/vchandra/sdss5/spectra/v6_0_9/openfibertargets_nov2020_6a/spec-103514-59934-27021597929155307.fits exists, skipping...
spectrum /n/holyscratch01/conroy_lab/vchandra/sdss5/spectra/v6_0_9/openfibertargets_nov2020_6a/spec-103523-59882-27021597939689159.fits exists, skipping...
spectrum /n/holyscratch01/conroy_lab/vchandra/sdss5/spectra/v6_0_9/openfibertargets_nov2020_6a/spec-103523-59882-27021597939692263.fits exists, skipping...
spectrum /n/holyscratch01/conroy_lab/vchandra/sdss5/spectra/v6_0_9/openfibertargets_nov2020_6a/spec-103523-59882-27021597939708895.fits exists, skipping...
spectrum /n/holyscratch01/conroy_lab/vchandra/sdss5/spectra/v6_0_9/openfibertargets_nov2020_6a/spec-103532-59899-27021597936279224.fits exists, skipping...
spectrum /n/holyscratch01/conroy_lab/vchandra/sdss5/spectra/v6_0_9/openfibertargets_nov2020_6a/spec-103532-59899-27021597936281099.fits exists, skipping...
spectrum /n/holyscratch01/conroy_lab/vchandra/sdss5/spectra/v6_0_9/openfibertargets_nov2020_6a/spec-103536-59904-27021597928681836.fits exists, skipping...
spectrum /n/holyscratch01/conroy_lab/vchandra/sdss5/spectra/v6_0_9/openfibertargets_nov2020_6a/spec-103536-59904-27021597928900682.fits exists, skipping...
spectrum /n/holyscratch01/conroy_lab/vchandra/sdss5/spectra/v6_0_9/openfibertargets_nov2020_6a/spec-103536-59904-27021597928901431.fits exists, skipping...
spectrum /n/holyscratch01/conroy_lab/vchandra/sdss5/spectra/v6_0_9/openfibertargets_nov2020_6a/spec-103536-59904-27021597928904180.fits exists, skipping...
spectrum /n/holyscratch01/conroy_lab/vchandra/sdss5/spectra/v6_0_9/openfibertargets_nov2020_6a/spec-103536-59904-27021597928907270.fits exists, skipping...
spectrum /n/holyscratch01/conroy_lab/vchandra/sdss5/spectra/v6_0_9/openfibertargets_nov2020_6a/spec-103536-59904-27021597928908128.fits exists, skipping...
spectrum /n/holyscratch01/conroy_lab/vchandra/sdss5/spectra/v6_0_9/openfibertargets_nov2020_6a/spec-103536-59904-27021597928913151.fits exists, skipping...
spectrum /n/holyscratch01/conroy_lab/vchandra/sdss5/spectra/v6_0_9/openfibertargets_nov2020_6a/spec-103536-59904-27021597928937200.fits exists, skipping...
spectrum /n/holyscratch01/conroy_lab/vchandra/sdss5/spectra/v6_0_9/openfibertargets_nov2020_6a/spec-103554-59901-27021597927225641.fits exists, skipping...
spectrum /n/holyscratch01/conroy_lab/vchandra/sdss5/spectra/v6_0_9/openfibertargets_nov2020_6a/spec-103554-59901-27021597927250731.fits exists, skipping...
spectrum /n/holyscratch01/conroy_lab/vchandra/sdss5/spectra/v6_0_9/openfibertargets_nov2020_6a/spec-103558-59894-27021597928568804.fits exists, skipping...
spectrum /n/holyscratch01/conroy_lab/vchandra/sdss5/spectra/v6_0_9/openfibertargets_nov2020_6a/spec-103558-59894-27021597928572793.fits exists, skipping...
spectrum /n/holyscratch01/conroy_lab/vchandra/sdss5/spectra/v6_0_9/openfibertargets_nov2020_6a/spec-103558-59938-27021597928568804.fits exists, skipping...
spectrum /n/holyscratch01/conroy_lab/vchandra/sdss5/spectra/v6_0_9/openfibertargets_nov2020_6a/spec-103558-59938-27021597928572793.fits exists, skipping...
spectrum /n/holyscratch01/conroy_lab/vchandra/sdss5/spectra/v6_0_9/openfibertargets_nov2020_6a/spec-103561-59894-27021597925591004.fits exists, skipping...
spectrum /n/holyscratch01/conroy_lab/vchandra/sdss5/spectra/v6_0_9/openfibertargets_nov2020_6a/spec-103561-59894-27021597925595394.fits exists, skipping...
spectrum /n/holyscratch01/conroy_lab/vchandra/sdss5/spectra/v6_0_9/openfibertargets_nov2020_6a/spec-103561-59894-27021597925596419.fits exists, skipping...
300 done...
spectrum /n/holyscratch01/conroy_lab/vchandra/sdss5/spectra/v6_0_9/openfibertargets_nov2020_6a/spec-103561-59894-27021597925597049.fits exists, skipping...
spectrum /n/holyscratch01/conroy_lab/vchandra/sdss5/spectra/v6_0_9/openfibertargets_nov2020_6a/spec-103561-59894-27021597925611650.fits exists, skipping...
spectrum /n/holyscratch01/conroy_lab/vchandra/sdss5/spectra/v6_0_9/openfibertargets_nov2020_6a/spec-103561-59894-27021597925612433.fits exists, skipping...
spectrum /n/holyscratch01/conroy_lab/vchandra/sdss5/spectra/v6_0_9/openfibertargets_nov2020_6a/spec-103561-59894-27021597925620940.fits exists, skipping...
spectrum /n/holyscratch01/conroy_lab/vchandra/sdss5/spectra/v6_0_9/openfibertargets_nov2020_6a/spec-103564-59872-27021597927064098.fits exists, skipping...
spectrum /n/holyscratch01/conroy_lab/vchandra/sdss5/spectra/v6_0_9/openfibertargets_nov2020_6a/spec-103564-59872-27021597927121908.fits exists, skipping...
spectrum /n/holyscratch01/conroy_lab/vchandra/sdss5/spectra/v6_0_9/openfibertargets_nov2020_6a/spec-103564-59872-27021597927136816.fits exists, skipping...
spectrum /n/holyscratch01/conroy_lab/vchandra/sdss5/spectra/v6_0_9/openfibertargets_nov2020_6a/spec-103564-59872-27021597927146369.fits exists, skipping...
spectrum /n/holyscratch01/conroy_lab/vchandra/sdss5/spectra/v6_0_9/openfibertargets_nov2020_6a/spec-103564-59872-27021597927158464.fits exists, skipping...
spectrum /n/holyscratch01/conroy_lab/vchandra/sdss5/spectra/v6_0_9/openfibertargets_nov2020_6a/spec-103564-59872-27021597936011016.fits exists, skipping...
spectrum /n/holyscratch01/conroy_lab/vchandra/sdss5/spectra/v6_0_9/openfibertargets_nov2020_6a/spec-103564-59872-27021597936015213.fits exists, skipping...
spectrum /n/holyscratch01/conroy_lab/vchandra/sdss5/spectra/v6_0_9/openfibertargets_nov2020_6a/spec-103564-59872-27021597936016077.fits exists, skipping...
spectrum /n/holyscratch01/conroy_lab/vchandra/sdss5/spectra/v6_0_9/openfibertargets_nov2020_6a/spec-103565-59874-27021597927030189.fits exists, skipping...
spectrum /n/holyscratch01/conroy_lab/vchandra/sdss5/spectra/v6_0_9/openfibertargets_nov2020_6a/spec-103565-59874-27021597927114198.fits exists, skipping...
spectrum /n/holyscratch01/conroy_lab/vchandra/sdss5/spectra/v6_0_9/openfibertargets_nov2020_6a/spec-103565-59874-27021597927125515.fits exists, skipping...
spectrum /n/holyscratch01/conroy_lab/vchandra/sdss5/spectra/v6_0_9/openfibertargets_nov2020_6a/spec-103565-59874-27021597927128654.fits exists, skipping...
spectrum /n/holyscratch01/conroy_lab/vchandra/sdss5/spectra/v6_0_9/openfibertargets_nov2020_6a/spec-103565-59874-27021597927268348.fits exists, skipping...
spectrum /n/holyscratch01/conroy_lab/vchandra/sdss5/spectra/v6_0_9/openfibertargets_nov2020_6a/spec-103568-59890-27021597926820942.fits exists, skipping...
spectrum /n/holyscratch01/conroy_lab/vchandra/sdss5/spectra/v6_0_9/openfibertargets_nov2020_6a/spec-103568-59890-27021597926891787.fits exists, skipping...
spectrum /n/holyscratch01/conroy_lab/vchandra/sdss5/spectra/v6_0_9/openfibertargets_nov2020_6a/spec-103568-59890-27021597926891878.fits exists, skipping...
spectrum /n/holyscratch01/conroy_lab/vchandra/sdss5/spectra/v6_0_9/openfibertargets_nov2020_6a/spec-103568-59890-27021597926892306.fits exists, skipping...
spectrum /n/holyscratch01/conroy_lab/vchandra/sdss5/spectra/v6_0_9/openfibertargets_nov2020_6a/spec-103568-59890-27021597926893365.fits exists, skipping...
spectrum /n/holyscratch01/conroy_lab/vchandra/sdss5/spectra/v6_0_9/openfibertargets_nov2020_6a/spec-103568-59890-27021597926893725.fits exists, skipping...
spectrum /n/holyscratch01/conroy_lab/vchandra/sdss5/spectra/v6_0_9/openfibertargets_nov2020_6a/spec-103568-59890-27021597926893797.fits exists, skipping...
spectrum /n/holyscratch01/conroy_lab/vchandra/sdss5/spectra/v6_0_9/openfibertargets_nov2020_6a/spec-103568-59890-27021597926894206.fits exists, skipping...
spectrum /n/holyscratch01/conroy_lab/vchandra/sdss5/spectra/v6_0_9/openfibertargets_nov2020_6a/spec-103568-59890-27021597926901372.fits exists, skipping...
spectrum /n/holyscratch01/conroy_lab/vchandra/sdss5/spectra/v6_0_9/openfibertargets_nov2020_6a/spec-103568-59890-27021597926902382.fits exists, skipping...
spectrum /n/holyscratch01/conroy_lab/vchandra/sdss5/spectra/v6_0_9/openfibertargets_nov2020_6a/spec-103568-59890-27021597926916221.fits exists, skipping...
spectrum /n/holyscratch01/conroy_lab/vchandra/sdss5/spectra/v6_0_9/openfibertargets_nov2020_6a/spec-103568-59890-27021597926916263.fits exists, skipping...
spectrum /n/holyscratch01/conroy_lab/vchandra/sdss5/spectra/v6_0_9/openfibertargets_nov2020_6a/spec-103574-59846-27021597926513480.fits exists, skipping...
spectrum /n/holyscratch01/conroy_lab/vchandra/sdss5/spectra/v6_0_9/openfibertargets_nov2020_6a/spec-103574-59846-27021597926516772.fits exists, skipping...
spectrum /n/holyscratch01/conroy_lab/vchandra/sdss5/spectra/v6_0_9/openfibertargets_nov2020_6a/spec-103574-59846-27021597927048824.fits exists, skipping...
spectrum /n/holyscratch01/conroy_lab/vchandra/sdss5/spectra/v6_0_9/openfibertargets_nov2020_6a/spec-103574-59846-27021597927096994.fits exists, skipping...
spectrum /n/holyscratch01/conroy_lab/vchandra/sdss5/spectra/v6_0_9/openfibertargets_nov2020_6a/spec-103574-59846-27021597927102776.fits exists, skipping...
spectrum /n/holyscratch01/conroy_lab/vchandra/sdss5/spectra/v6_0_9/openfibertargets_nov2020_6a/spec-103574-59846-27021597927102948.fits exists, skipping...
spectrum /n/holyscratch01/conroy_lab/vchandra/sdss5/spectra/v6_0_9/openfibertargets_nov2020_6a/spec-103618-59970-27021597973469159.fits exists, skipping...
spectrum /n/holyscratch01/conroy_lab/vchandra/sdss5/spectra/v6_0_9/openfibertargets_nov2020_6a/spec-103656-59871-27021597973781981.fits exists, skipping...
spectrum /n/holyscratch01/conroy_lab/vchandra/sdss5/spectra/v6_0_9/openfibertargets_nov2020_6a/spec-103656-59872-27021597973781981.fits exists, skipping...
spectrum /n/holyscratch01/conroy_lab/vchandra/sdss5/spectra/v6_0_9/openfibertargets_nov2020_6a/spec-103656-59878-27021597973782949.fits exists, skipping...
spectrum /n/holyscratch01/conroy_lab/vchandra/sdss5/spectra/v6_0_9/openfibertargets_nov2020_6a/spec-103656-59878-27021597973874879.fits exists, skipping...
spectrum /n/holyscratch01/conroy_lab/vchandra/sdss5/spectra/v6_0_9/openfibertargets_nov2020_6a/spec-103656-59878-27021597973909507.fits exists, skipping...
spectrum /n/holyscratch01/conroy_lab/vchandra/sdss5/spectra/v6_0_9/openfibertargets_nov2020_6a/spec-103667-59882-27021597973735414.fits exists, skipping...
spectrum /n/holyscratch01/conroy_lab/vchandra/sdss5/spectra/v6_0_9/openfibertargets_nov2020_6a/spec-103949-59911-27021598052153100.fits exists, skipping...
spectrum /n/holyscratch01/conroy_lab/vchandra/sdss5/spectra/v6_0_9/openfibertargets_nov2020_6a/spec-103957-59879-27021597975223224.fits exists, skipping...
spectrum /n/holyscratch01/conroy_lab/vchandra/sdss5/spectra/v6_0_9/openfibertargets_nov2020_6a/spec-103967-59978-27021597975328707.fits exists, skipping...
spectrum /n/holyscratch01/conroy_lab/vchandra/sdss5/spectra/v6_0_9/openfibertargets_nov2020_6a/spec-104203-59847-27021598721145210.fits exists, skipping...
spectrum /n/holyscratch01/conroy_lab/vchandra/sdss5/spectra/v6_0_9/openfibertargets_nov2020_6a/spec-104203-59847-27021598721192792.fits exists, skipping...
spectrum /n/holyscratch01/conroy_lab/vchandra/sdss5/spectra/v6_0_9/openfibertargets_nov2020_6a/spec-104203-59847-27021598721403192.fits exists, skipping...
spectrum /n/holyscratch01/conroy_lab/vchandra/sdss5/spectra/v6_0_9/openfibertargets_nov2020_6a/spec-104203-59847-27021598721447225.fits exists, skipping...
spectrum /n/holyscratch01/conroy_lab/vchandra/sdss5/spectra/v6_0_9/openfibertargets_nov2020_6a/spec-104203-59847-27021598721482007.fits exists, skipping...
spectrum /n/holyscratch01/conroy_lab/vchandra/sdss5/spectra/v6_0_9/openfibertargets_nov2020_6a/spec-104203-59847-27021598721483421.fits exists, skipping...
spectrum /n/holyscratch01/conroy_lab/vchandra/sdss5/spectra/v6_0_9/openfibertargets_nov2020_6a/spec-104203-59847-27021598721652753.fits exists, skipping...
spectrum /n/holyscratch01/conroy_lab/vchandra/sdss5/spectra/v6_0_9/openfibertargets_nov2020_6a/spec-104220-59878-27021598725429887.fits exists, skipping...
spectrum /n/holyscratch01/conroy_lab/vchandra/sdss5/spectra/v6_0_9/openfibertargets_nov2020_6a/spec-104220-59878-27021598725446403.fits exists, skipping...
spectrum /n/holyscratch01/conroy_lab/vchandra/sdss5/spectra/v6_0_9/openfibertargets_nov2020_6a/spec-104355-59978-27021598046998573.fits exists, skipping...
spectrum /n/holyscratch01/conroy_lab/vchandra/sdss5/spectra/v6_0_9/openfibertargets_nov2020_6a/spec-104370-59654-27021598100962203.fits exists, skipping...
spectrum /n/holyscratch01/conroy_lab/vchandra/sdss5/spectra/v6_0_9/openfibertargets_nov2020_6a/spec-104370-59654-27021598101057100.fits exists, skipping...
spectrum /n/holyscratch01/conroy_lab/vchandra/sdss5/spectra/v6_0_9/openfibertargets_nov2020_6a/spec-104375-59658-27021598049596841.fits exists, skipping...
spectrum /n/holyscratch01/conroy_lab/vchandra/sdss5/spectra/v6_0_9/openfibertargets_nov2020_6a/spec-104375-59658-27021598049689071.fits exists, skipping...
spectrum /n/holyscratch01/conroy_lab/vchandra/sdss5/spectra/v6_0_9/openfibertargets_nov2020_6a/spec-104376-59923-27021598048807738.fits exists, skipping...
spectrum /n/holyscratch01/conroy_lab/vchandra/sdss5/spectra/v6_0_9/openfibertargets_nov2020_6a/spec-104376-59923-27021598048810371.fits exists, skipping...
spectrum /n/holyscratch01/conroy_lab/vchandra/sdss5/spectra/v6_0_9/openfibertargets_nov2020_6a/spec-104376-59923-27021598048954109.fits exists, skipping...
spectrum /n/holyscratch01/conroy_lab/vchandra/sdss5/spectra/v6_0_9/openfibertargets_nov2020_6a/spec-104376-59923-27021598049576963.fits exists, skipping...
spectrum /n/holyscratch01/conroy_lab/vchandra/sdss5/spectra/v6_0_9/openfibertargets_nov2020_6a/spec-104377-59900-27021598048838766.fits exists, skipping...
spectrum /n/holyscratch01/conroy_lab/vchandra/sdss5/spectra/v6_0_9/openfibertargets_nov2020_6a/spec-104377-59900-27021598048839109.fits exists, skipping...
spectrum /n/holyscratch01/conroy_lab/vchandra/sdss5/spectra/v6_0_9/openfibertargets_nov2020_6a/spec-104377-59900-27021598048857776.fits exists, skipping...
spectrum /n/holyscratch01/conroy_lab/vchandra/sdss5/spectra/v6_0_9/openfibertargets_nov2020_6a/spec-104377-59900-27021598048900359.fits exists, skipping...
spectrum /n/holyscratch01/conroy_lab/vchandra/sdss5/spectra/v6_0_9/openfibertargets_nov2020_6a/spec-104377-59900-27021598048901796.fits exists, skipping...
spectrum /n/holyscratch01/conroy_lab/vchandra/sdss5/spectra/v6_0_9/openfibertargets_nov2020_6a/spec-104377-59900-27021598048939694.fits exists, skipping...
spectrum /n/holyscratch01/conroy_lab/vchandra/sdss5/spectra/v6_0_9/openfibertargets_nov2020_6a/spec-104378-59910-27021598048503444.fits exists, skipping...
spectrum /n/holyscratch01/conroy_lab/vchandra/sdss5/spectra/v6_0_9/openfibertargets_nov2020_6a/spec-104378-59910-27021598048569878.fits exists, skipping...
spectrum /n/holyscratch01/conroy_lab/vchandra/sdss5/spectra/v6_0_9/openfibertargets_nov2020_6a/spec-104378-59910-27021598048573536.fits exists, skipping...
spectrum /n/holyscratch01/conroy_lab/vchandra/sdss5/spectra/v6_0_9/openfibertargets_nov2020_6a/spec-104384-59679-27021598127851252.fits exists, skipping...
spectrum /n/holyscratch01/conroy_lab/vchandra/sdss5/spectra/v6_0_9/openfibertargets_nov2020_6a/spec-104384-59679-27021598127853092.fits exists, skipping...
spectrum /n/holyscratch01/conroy_lab/vchandra/sdss5/spectra/v6_0_9/openfibertargets_nov2020_6a/spec-104384-59679-27021598127853499.fits exists, skipping...
spectrum /n/holyscratch01/conroy_lab/vchandra/sdss5/spectra/v6_0_9/openfibertargets_nov2020_6a/spec-104385-59658-27021598127743591.fits exists, skipping...
spectrum /n/holyscratch01/conroy_lab/vchandra/sdss5/spectra/v6_0_9/openfibertargets_nov2020_6a/spec-104385-59658-27021598127750018.fits exists, skipping...
spectrum /n/holyscratch01/conroy_lab/vchandra/sdss5/spectra/v6_0_9/openfibertargets_nov2020_6a/spec-104385-59658-27021598127753474.fits exists, skipping...
spectrum /n/holyscratch01/conroy_lab/vchandra/sdss5/spectra/v6_0_9/openfibertargets_nov2020_6a/spec-104385-59658-27021598127755411.fits exists, skipping...
spectrum /n/holyscratch01/conroy_lab/vchandra/sdss5/spectra/v6_0_9/openfibertargets_nov2020_6a/spec-104386-59683-27021598049932933.fits exists, skipping...
spectrum /n/holyscratch01/conroy_lab/vchandra/sdss5/spectra/v6_0_9/openfibertargets_nov2020_6a/spec-104386-59683-27021598127711746.fits exists, skipping...
spectrum /n/holyscratch01/conroy_lab/vchandra/sdss5/spectra/v6_0_9/openfibertargets_nov2020_6a/spec-104386-59683-27021598127736444.fits exists, skipping...
spectrum /n/holyscratch01/conroy_lab/vchandra/sdss5/spectra/v6_0_9/openfibertargets_nov2020_6a/spec-104387-59898-27021598049882985.fits exists, skipping...
spectrum /n/holyscratch01/conroy_lab/vchandra/sdss5/spectra/v6_0_9/openfibertargets_nov2020_6a/spec-104387-59898-27021598049918363.fits exists, skipping...
spectrum /n/holyscratch01/conroy_lab/vchandra/sdss5/spectra/v6_0_9/openfibertargets_nov2020_6a/spec-104387-59898-27021598049944932.fits exists, skipping...
spectrum /n/holyscratch01/conroy_lab/vchandra/sdss5/spectra/v6_0_9/openfibertargets_nov2020_6a/spec-104388-59949-27021598049760623.fits exists, skipping...
spectrum /n/holyscratch01/conroy_lab/vchandra/sdss5/spectra/v6_0_9/openfibertargets_nov2020_6a/spec-104388-59949-27021598049896766.fits exists, skipping...
spectrum /n/holyscratch01/conroy_lab/vchandra/sdss5/spectra/v6_0_9/openfibertargets_nov2020_6a/spec-104389-59902-27021598049706265.fits exists, skipping...
spectrum /n/holyscratch01/conroy_lab/vchandra/sdss5/spectra/v6_0_9/openfibertargets_nov2020_6a/spec-104389-59902-27021598049716758.fits exists, skipping...
spectrum /n/holyscratch01/conroy_lab/vchandra/sdss5/spectra/v6_0_9/openfibertargets_nov2020_6a/spec-104389-59902-27021598049766740.fits exists, skipping...
spectrum /n/holyscratch01/conroy_lab/vchandra/sdss5/spectra/v6_0_9/openfibertargets_nov2020_6a/spec-104395-59686-27021598127865672.fits exists, skipping...
spectrum /n/holyscratch01/conroy_lab/vchandra/sdss5/spectra/v6_0_9/openfibertargets_nov2020_6a/spec-104395-59686-27021598127868414.fits exists, skipping...
spectrum /n/holyscratch01/conroy_lab/vchandra/sdss5/spectra/v6_0_9/openfibertargets_nov2020_6a/spec-104395-59686-27021598149788301.fits exists, skipping...
spectrum /n/holyscratch01/conroy_lab/vchandra/sdss5/spectra/v6_0_9/openfibertargets_nov2020_6a/spec-104395-59686-27021598149791201.fits exists, skipping...
spectrum /n/holyscratch01/conroy_lab/vchandra/sdss5/spectra/v6_0_9/openfibertargets_nov2020_6a/spec-104396-59687-27021598127741844.fits exists, skipping...
spectrum /n/holyscratch01/conroy_lab/vchandra/sdss5/spectra/v6_0_9/openfibertargets_nov2020_6a/spec-104396-59687-27021598127743156.fits exists, skipping...
spectrum /n/holyscratch01/conroy_lab/vchandra/sdss5/spectra/v6_0_9/openfibertargets_nov2020_6a/spec-104396-59687-27021598149705887.fits exists, skipping...
spectrum /n/holyscratch01/conroy_lab/vchandra/sdss5/spectra/v6_0_9/openfibertargets_nov2020_6a/spec-104396-59687-27021598149706419.fits exists, skipping...
spectrum /n/holyscratch01/conroy_lab/vchandra/sdss5/spectra/v6_0_9/openfibertargets_nov2020_6a/spec-104397-59955-27021598149671591.fits exists, skipping...
spectrum /n/holyscratch01/conroy_lab/vchandra/sdss5/spectra/v6_0_9/openfibertargets_nov2020_6a/spec-104397-59955-27021598149686306.fits exists, skipping...
400 done...
spectrum /n/holyscratch01/conroy_lab/vchandra/sdss5/spectra/v6_0_9/openfibertargets_nov2020_6a/spec-104398-59898-27021598102683941.fits exists, skipping...
spectrum /n/holyscratch01/conroy_lab/vchandra/sdss5/spectra/v6_0_9/openfibertargets_nov2020_6a/spec-104400-59957-27021598102758362.fits exists, skipping...
spectrum /n/holyscratch01/conroy_lab/vchandra/sdss5/spectra/v6_0_9/openfibertargets_nov2020_6a/spec-104403-59691-27021598149712223.fits exists, skipping...
spectrum /n/holyscratch01/conroy_lab/vchandra/sdss5/spectra/v6_0_9/openfibertargets_nov2020_6a/spec-104406-59904-27021598149747735.fits exists, skipping...
spectrum /n/holyscratch01/conroy_lab/vchandra/sdss5/spectra/v6_0_9/openfibertargets_nov2020_6a/spec-104566-59881-27021597929698502.fits exists, skipping...
spectrum /n/holyscratch01/conroy_lab/vchandra/sdss5/spectra/v6_0_9/openfibertargets_nov2020_6a/spec-104566-59881-27021597940560869.fits exists, skipping...
spectrum /n/holyscratch01/conroy_lab/vchandra/sdss5/spectra/v6_0_9/openfibertargets_nov2020_6a/spec-104567-59957-27021597934527413.fits exists, skipping...
spectrum /n/holyscratch01/conroy_lab/vchandra/sdss5/spectra/v6_0_9/openfibertargets_nov2020_6a/spec-104567-59957-27021597934534102.fits exists, skipping...
spectrum /n/holyscratch01/conroy_lab/vchandra/sdss5/spectra/v6_0_9/openfibertargets_nov2020_6a/spec-104567-59957-27021597934534186.fits exists, skipping...
spectrum /n/holyscratch01/conroy_lab/vchandra/sdss5/spectra/v6_0_9/openfibertargets_nov2020_6a/spec-104567-59957-27021597959932095.fits exists, skipping...
spectrum /n/holyscratch01/conroy_lab/vchandra/sdss5/spectra/v6_0_9/openfibertargets_nov2020_6a/spec-104567-59957-27021597959938307.fits exists, skipping...
spectrum /n/holyscratch01/conroy_lab/vchandra/sdss5/spectra/v6_0_9/openfibertargets_nov2020_6a/spec-104569-59820-27021597927088437.fits exists, skipping...
spectrum /n/holyscratch01/conroy_lab/vchandra/sdss5/spectra/v6_0_9/openfibertargets_nov2020_6a/spec-104569-59820-27021597927102776.fits exists, skipping...
spectrum /n/holyscratch01/conroy_lab/vchandra/sdss5/spectra/v6_0_9/openfibertargets_nov2020_6a/spec-104569-59820-27021597927102948.fits exists, skipping...
spectrum /n/holyscratch01/conroy_lab/vchandra/sdss5/spectra/v6_0_9/openfibertargets_nov2020_6a/spec-104569-59820-27021597927104417.fits exists, skipping...
spectrum /n/holyscratch01/conroy_lab/vchandra/sdss5/spectra/v6_0_9/openfibertargets_nov2020_6a/spec-104569-59820-27021597935958258.fits exists, skipping...
spectrum /n/holyscratch01/conroy_lab/vchandra/sdss5/spectra/v6_0_9/openfibertargets_nov2020_6a/spec-104569-59820-27021597935959021.fits exists, skipping...
spectrum /n/holyscratch01/conroy_lab/vchandra/sdss5/spectra/v6_0_9/openfibertargets_nov2020_6a/spec-104569-59820-27021597935964334.fits exists, skipping...
spectrum /n/holyscratch01/conroy_lab/vchandra/sdss5/spectra/v6_0_9/openfibertargets_nov2020_6a/spec-104578-59907-27021597933109898.fits exists, skipping...
spectrum /n/holyscratch01/conroy_lab/vchandra/sdss5/spectra/v6_0_9/openfibertargets_nov2020_6a/spec-104579-59879-27021597929657224.fits exists, skipping...
spectrum /n/holyscratch01/conroy_lab/vchandra/sdss5/spectra/v6_0_9/openfibertargets_nov2020_6a/spec-104585-59886-27021597970241033.fits exists, skipping...
spectrum /n/holyscratch01/conroy_lab/vchandra/sdss5/spectra/v6_0_9/openfibertargets_nov2020_6a/spec-104589-59845-27021597927351891.fits exists, skipping...
spectrum /n/holyscratch01/conroy_lab/vchandra/sdss5/spectra/v6_0_9/openfibertargets_nov2020_6a/spec-104589-59845-27021597927352484.fits exists, skipping...
spectrum /n/holyscratch01/conroy_lab/vchandra/sdss5/spectra/v6_0_9/openfibertargets_nov2020_6a/spec-104589-59845-27021597928978261.fits exists, skipping...
spectrum /n/holyscratch01/conroy_lab/vchandra/sdss5/spectra/v6_0_9/openfibertargets_nov2020_6a/spec-104589-59845-27021597939671532.fits exists, skipping...
spectrum /n/holyscratch01/conroy_lab/vchandra/sdss5/spectra/v6_0_9/openfibertargets_nov2020_6a/spec-104598-59817-27021597926463484.fits exists, skipping...
spectrum /n/holyscratch01/conroy_lab/vchandra/sdss5/spectra/v6_0_9/openfibertargets_nov2020_6a/spec-104598-59817-27021597926472516.fits exists, skipping...
spectrum /n/holyscratch01/conroy_lab/vchandra/sdss5/spectra/v6_0_9/openfibertargets_nov2020_6a/spec-104598-59817-27021597926473617.fits exists, skipping...
spectrum /n/holyscratch01/conroy_lab/vchandra/sdss5/spectra/v6_0_9/openfibertargets_nov2020_6a/spec-104598-59817-27021597935069100.fits exists, skipping...
spectrum /n/holyscratch01/conroy_lab/vchandra/sdss5/spectra/v6_0_9/openfibertargets_nov2020_6a/spec-104598-59820-27021597926463484.fits exists, skipping...
spectrum /n/holyscratch01/conroy_lab/vchandra/sdss5/spectra/v6_0_9/openfibertargets_nov2020_6a/spec-104598-59820-27021597926472516.fits exists, skipping...
spectrum /n/holyscratch01/conroy_lab/vchandra/sdss5/spectra/v6_0_9/openfibertargets_nov2020_6a/spec-104598-59820-27021597926473617.fits exists, skipping...
spectrum /n/holyscratch01/conroy_lab/vchandra/sdss5/spectra/v6_0_9/openfibertargets_nov2020_6a/spec-104598-59820-27021597935069100.fits exists, skipping...
spectrum /n/holyscratch01/conroy_lab/vchandra/sdss5/spectra/v6_0_9/openfibertargets_nov2020_6a/spec-104608-59907-27021597934687664.fits exists, skipping...
spectrum /n/holyscratch01/conroy_lab/vchandra/sdss5/spectra/v6_0_9/openfibertargets_nov2020_6a/spec-104608-59907-27021597934695437.fits exists, skipping...
spectrum /n/holyscratch01/conroy_lab/vchandra/sdss5/spectra/v6_0_9/openfibertargets_nov2020_6a/spec-104608-59907-27021597934698937.fits exists, skipping...
spectrum /n/holyscratch01/conroy_lab/vchandra/sdss5/spectra/v6_0_9/openfibertargets_nov2020_6a/spec-104608-59910-27021597934687664.fits exists, skipping...
spectrum /n/holyscratch01/conroy_lab/vchandra/sdss5/spectra/v6_0_9/openfibertargets_nov2020_6a/spec-104608-59910-27021597934695437.fits exists, skipping...
spectrum /n/holyscratch01/conroy_lab/vchandra/sdss5/spectra/v6_0_9/openfibertargets_nov2020_6a/spec-104608-59910-27021597934698937.fits exists, skipping...
spectrum /n/holyscratch01/conroy_lab/vchandra/sdss5/spectra/v6_0_9/openfibertargets_nov2020_6a/spec-104608-59913-27021597934687664.fits exists, skipping...
spectrum /n/holyscratch01/conroy_lab/vchandra/sdss5/spectra/v6_0_9/openfibertargets_nov2020_6a/spec-104608-59913-27021597934695437.fits exists, skipping...
spectrum /n/holyscratch01/conroy_lab/vchandra/sdss5/spectra/v6_0_9/openfibertargets_nov2020_6a/spec-104608-59913-27021597934698937.fits exists, skipping...
spectrum /n/holyscratch01/conroy_lab/vchandra/sdss5/spectra/v6_0_9/openfibertargets_nov2020_6a/spec-104610-59846-27021597928994504.fits exists, skipping...
spectrum /n/holyscratch01/conroy_lab/vchandra/sdss5/spectra/v6_0_9/openfibertargets_nov2020_6a/spec-104610-59846-27021597929028913.fits exists, skipping...
spectrum /n/holyscratch01/conroy_lab/vchandra/sdss5/spectra/v6_0_9/openfibertargets_nov2020_6a/spec-104618-59912-27021597933205549.fits exists, skipping...
spectrum /n/holyscratch01/conroy_lab/vchandra/sdss5/spectra/v6_0_9/openfibertargets_nov2020_6a/spec-104618-59912-27021597933223900.fits exists, skipping...
spectrum /n/holyscratch01/conroy_lab/vchandra/sdss5/spectra/v6_0_9/openfibertargets_nov2020_6a/spec-104618-59912-27021597933231007.fits exists, skipping...
spectrum /n/holyscratch01/conroy_lab/vchandra/sdss5/spectra/v6_0_9/openfibertargets_nov2020_6a/spec-104618-59925-27021597933205549.fits exists, skipping...
spectrum /n/holyscratch01/conroy_lab/vchandra/sdss5/spectra/v6_0_9/openfibertargets_nov2020_6a/spec-104618-59925-27021597933223900.fits exists, skipping...
spectrum /n/holyscratch01/conroy_lab/vchandra/sdss5/spectra/v6_0_9/openfibertargets_nov2020_6a/spec-104618-59925-27021597933231007.fits exists, skipping...
spectrum /n/holyscratch01/conroy_lab/vchandra/sdss5/spectra/v6_0_9/openfibertargets_nov2020_6a/spec-104621-59884-27021598049967985.fits exists, skipping...
spectrum /n/holyscratch01/conroy_lab/vchandra/sdss5/spectra/v6_0_9/openfibertargets_nov2020_6a/spec-104630-59902-27021597960256503.fits exists, skipping...
spectrum /n/holyscratch01/conroy_lab/vchandra/sdss5/spectra/v6_0_9/openfibertargets_nov2020_6a/spec-104637-59820-27021597933721605.fits exists, skipping...
spectrum /n/holyscratch01/conroy_lab/vchandra/sdss5/spectra/v6_0_9/openfibertargets_nov2020_6a/spec-104637-59820-27021597933722699.fits exists, skipping...
spectrum /n/holyscratch01/conroy_lab/vchandra/sdss5/spectra/v6_0_9/openfibertargets_nov2020_6a/spec-104637-59820-27021597933722862.fits exists, skipping...
spectrum /n/holyscratch01/conroy_lab/vchandra/sdss5/spectra/v6_0_9/openfibertargets_nov2020_6a/spec-104637-59820-27021597958266029.fits exists, skipping...
spectrum /n/holyscratch01/conroy_lab/vchandra/sdss5/spectra/v6_0_9/openfibertargets_nov2020_6a/spec-104637-59826-27021597933721605.fits exists, skipping...
spectrum /n/holyscratch01/conroy_lab/vchandra/sdss5/spectra/v6_0_9/openfibertargets_nov2020_6a/spec-104637-59826-27021597933722699.fits exists, skipping...
spectrum /n/holyscratch01/conroy_lab/vchandra/sdss5/spectra/v6_0_9/openfibertargets_nov2020_6a/spec-104637-59826-27021597933722862.fits exists, skipping...
spectrum /n/holyscratch01/conroy_lab/vchandra/sdss5/spectra/v6_0_9/openfibertargets_nov2020_6a/spec-104637-59826-27021597958266029.fits exists, skipping...
spectrum /n/holyscratch01/conroy_lab/vchandra/sdss5/spectra/v6_0_9/openfibertargets_nov2020_6a/spec-104637-59827-27021597933721605.fits exists, skipping...
spectrum /n/holyscratch01/conroy_lab/vchandra/sdss5/spectra/v6_0_9/openfibertargets_nov2020_6a/spec-104637-59827-27021597933722699.fits exists, skipping...
spectrum /n/holyscratch01/conroy_lab/vchandra/sdss5/spectra/v6_0_9/openfibertargets_nov2020_6a/spec-104637-59827-27021597933722862.fits exists, skipping...
spectrum /n/holyscratch01/conroy_lab/vchandra/sdss5/spectra/v6_0_9/openfibertargets_nov2020_6a/spec-104637-59827-27021597958266029.fits exists, skipping...
spectrum /n/holyscratch01/conroy_lab/vchandra/sdss5/spectra/v6_0_9/openfibertargets_nov2020_6a/spec-104637-59878-27021597933717426.fits exists, skipping...
spectrum /n/holyscratch01/conroy_lab/vchandra/sdss5/spectra/v6_0_9/openfibertargets_nov2020_6a/spec-104642-59847-27021597957490228.fits exists, skipping...
spectrum /n/holyscratch01/conroy_lab/vchandra/sdss5/spectra/v6_0_9/openfibertargets_nov2020_6a/spec-104642-59847-27021597957492499.fits exists, skipping...
spectrum /n/holyscratch01/conroy_lab/vchandra/sdss5/spectra/v6_0_9/openfibertargets_nov2020_6a/spec-104642-59879-27021597957490228.fits exists, skipping...
spectrum /n/holyscratch01/conroy_lab/vchandra/sdss5/spectra/v6_0_9/openfibertargets_nov2020_6a/spec-104642-59879-27021597957492499.fits exists, skipping...
spectrum /n/holyscratch01/conroy_lab/vchandra/sdss5/spectra/v6_0_9/openfibertargets_nov2020_6a/spec-104644-59899-27021597933259311.fits exists, skipping...
spectrum /n/holyscratch01/conroy_lab/vchandra/sdss5/spectra/v6_0_9/openfibertargets_nov2020_6a/spec-104644-59901-27021597933259311.fits exists, skipping...
spectrum /n/holyscratch01/conroy_lab/vchandra/sdss5/spectra/v6_0_9/openfibertargets_nov2020_6a/spec-104646-59793-27021597926478792.fits exists, skipping...
spectrum /n/holyscratch01/conroy_lab/vchandra/sdss5/spectra/v6_0_9/openfibertargets_nov2020_6a/spec-104646-59793-27021597926478820.fits exists, skipping...
spectrum /n/holyscratch01/conroy_lab/vchandra/sdss5/spectra/v6_0_9/openfibertargets_nov2020_6a/spec-104646-59793-27021597926483931.fits exists, skipping...
spectrum /n/holyscratch01/conroy_lab/vchandra/sdss5/spectra/v6_0_9/openfibertargets_nov2020_6a/spec-104646-59793-27021597926518037.fits exists, skipping...
spectrum /n/holyscratch01/conroy_lab/vchandra/sdss5/spectra/v6_0_9/openfibertargets_nov2020_6a/spec-104646-59793-27021597926520043.fits exists, skipping...
spectrum /n/holyscratch01/conroy_lab/vchandra/sdss5/spectra/v6_0_9/openfibertargets_nov2020_6a/spec-104646-59793-27021597926528688.fits exists, skipping...
spectrum /n/holyscratch01/conroy_lab/vchandra/sdss5/spectra/v6_0_9/openfibertargets_nov2020_6a/spec-104646-59793-27021597926531105.fits exists, skipping...
spectrum /n/holyscratch01/conroy_lab/vchandra/sdss5/spectra/v6_0_9/openfibertargets_nov2020_6a/spec-104646-59793-27021597926541262.fits exists, skipping...
spectrum /n/holyscratch01/conroy_lab/vchandra/sdss5/spectra/v6_0_9/openfibertargets_nov2020_6a/spec-104646-59793-27021597935132175.fits exists, skipping...
spectrum /n/holyscratch01/conroy_lab/vchandra/sdss5/spectra/v6_0_9/openfibertargets_nov2020_6a/spec-104646-59793-27021597935144331.fits exists, skipping...
spectrum /n/holyscratch01/conroy_lab/vchandra/sdss5/spectra/v6_0_9/openfibertargets_nov2020_6a/spec-104646-59844-27021597926476207.fits exists, skipping...
spectrum /n/holyscratch01/conroy_lab/vchandra/sdss5/spectra/v6_0_9/openfibertargets_nov2020_6a/spec-104646-59844-27021597926486739.fits exists, skipping...
spectrum /n/holyscratch01/conroy_lab/vchandra/sdss5/spectra/v6_0_9/openfibertargets_nov2020_6a/spec-104646-59844-27021597926496869.fits exists, skipping...
spectrum /n/holyscratch01/conroy_lab/vchandra/sdss5/spectra/v6_0_9/openfibertargets_nov2020_6a/spec-104646-59844-27021597926498939.fits exists, skipping...
spectrum /n/holyscratch01/conroy_lab/vchandra/sdss5/spectra/v6_0_9/openfibertargets_nov2020_6a/spec-104646-59844-27021597926501299.fits exists, skipping...
spectrum /n/holyscratch01/conroy_lab/vchandra/sdss5/spectra/v6_0_9/openfibertargets_nov2020_6a/spec-104646-59844-27021597926518037.fits exists, skipping...
spectrum /n/holyscratch01/conroy_lab/vchandra/sdss5/spectra/v6_0_9/openfibertargets_nov2020_6a/spec-104646-59844-27021597926522801.fits exists, skipping...
spectrum /n/holyscratch01/conroy_lab/vchandra/sdss5/spectra/v6_0_9/openfibertargets_nov2020_6a/spec-104646-59844-27021597926523858.fits exists, skipping...
spectrum /n/holyscratch01/conroy_lab/vchandra/sdss5/spectra/v6_0_9/openfibertargets_nov2020_6a/spec-104646-59844-27021597926529510.fits exists, skipping...
spectrum /n/holyscratch01/conroy_lab/vchandra/sdss5/spectra/v6_0_9/openfibertargets_nov2020_6a/spec-104646-59844-27021597926533909.fits exists, skipping...
spectrum /n/holyscratch01/conroy_lab/vchandra/sdss5/spectra/v6_0_9/openfibertargets_nov2020_6a/spec-104646-59844-27021597926542702.fits exists, skipping...
spectrum /n/holyscratch01/conroy_lab/vchandra/sdss5/spectra/v6_0_9/openfibertargets_nov2020_6a/spec-104646-59844-27021597926544265.fits exists, skipping...
spectrum /n/holyscratch01/conroy_lab/vchandra/sdss5/spectra/v6_0_9/openfibertargets_nov2020_6a/spec-104647-59907-27021597934501475.fits exists, skipping...
spectrum /n/holyscratch01/conroy_lab/vchandra/sdss5/spectra/v6_0_9/openfibertargets_nov2020_6a/spec-104647-59907-27021597934509673.fits exists, skipping...
spectrum /n/holyscratch01/conroy_lab/vchandra/sdss5/spectra/v6_0_9/openfibertargets_nov2020_6a/spec-104647-59907-27021597934525688.fits exists, skipping...
spectrum /n/holyscratch01/conroy_lab/vchandra/sdss5/spectra/v6_0_9/openfibertargets_nov2020_6a/spec-104647-59911-27021597934501475.fits exists, skipping...
spectrum /n/holyscratch01/conroy_lab/vchandra/sdss5/spectra/v6_0_9/openfibertargets_nov2020_6a/spec-104647-59911-27021597934509673.fits exists, skipping...
spectrum /n/holyscratch01/conroy_lab/vchandra/sdss5/spectra/v6_0_9/openfibertargets_nov2020_6a/spec-104647-59911-27021597934525688.fits exists, skipping...
spectrum /n/holyscratch01/conroy_lab/vchandra/sdss5/spectra/v6_0_9/openfibertargets_nov2020_6a/spec-104648-59878-27021597960248494.fits exists, skipping...
500 done...
spectrum /n/holyscratch01/conroy_lab/vchandra/sdss5/spectra/v6_0_9/openfibertargets_nov2020_6a/spec-104648-59879-27021597960248494.fits exists, skipping...
spectrum /n/holyscratch01/conroy_lab/vchandra/sdss5/spectra/v6_0_9/openfibertargets_nov2020_6a/spec-104648-59933-27021597934750524.fits exists, skipping...
spectrum /n/holyscratch01/conroy_lab/vchandra/sdss5/spectra/v6_0_9/openfibertargets_nov2020_6a/spec-104648-59933-27021597934756750.fits exists, skipping...
spectrum /n/holyscratch01/conroy_lab/vchandra/sdss5/spectra/v6_0_9/openfibertargets_nov2020_6a/spec-104649-59958-27021597957651864.fits exists, skipping...
spectrum /n/holyscratch01/conroy_lab/vchandra/sdss5/spectra/v6_0_9/openfibertargets_nov2020_6a/spec-104649-59958-27021597957654261.fits exists, skipping...
spectrum /n/holyscratch01/conroy_lab/vchandra/sdss5/spectra/v6_0_9/openfibertargets_nov2020_6a/spec-104650-59911-27021597958106052.fits exists, skipping...
spectrum /n/holyscratch01/conroy_lab/vchandra/sdss5/spectra/v6_0_9/openfibertargets_nov2020_6a/spec-104652-59881-27021597934700706.fits exists, skipping...
spectrum /n/holyscratch01/conroy_lab/vchandra/sdss5/spectra/v6_0_9/openfibertargets_nov2020_6a/spec-104653-59882-27021597933116857.fits exists, skipping...
spectrum /n/holyscratch01/conroy_lab/vchandra/sdss5/spectra/v6_0_9/openfibertargets_nov2020_6a/spec-104653-59882-27021597933119977.fits exists, skipping...
spectrum /n/holyscratch01/conroy_lab/vchandra/sdss5/spectra/v6_0_9/openfibertargets_nov2020_6a/spec-104655-59827-27021597929823784.fits exists, skipping...
spectrum /n/holyscratch01/conroy_lab/vchandra/sdss5/spectra/v6_0_9/openfibertargets_nov2020_6a/spec-104656-59820-27021597929807515.fits exists, skipping...
spectrum /n/holyscratch01/conroy_lab/vchandra/sdss5/spectra/v6_0_9/openfibertargets_nov2020_6a/spec-104656-59820-27021597929808799.fits exists, skipping...
spectrum /n/holyscratch01/conroy_lab/vchandra/sdss5/spectra/v6_0_9/openfibertargets_nov2020_6a/spec-104656-59820-27021597929811964.fits exists, skipping...
spectrum /n/holyscratch01/conroy_lab/vchandra/sdss5/spectra/v6_0_9/openfibertargets_nov2020_6a/spec-104656-59820-27021597929823958.fits exists, skipping...
spectrum /n/holyscratch01/conroy_lab/vchandra/sdss5/spectra/v6_0_9/openfibertargets_nov2020_6a/spec-104657-59820-27021597939671532.fits exists, skipping...
spectrum /n/holyscratch01/conroy_lab/vchandra/sdss5/spectra/v6_0_9/openfibertargets_nov2020_6a/spec-104657-59820-27021597939681229.fits exists, skipping...
spectrum /n/holyscratch01/conroy_lab/vchandra/sdss5/spectra/v6_0_9/openfibertargets_nov2020_6a/spec-104657-59820-27021597939684641.fits exists, skipping...
spectrum /n/holyscratch01/conroy_lab/vchandra/sdss5/spectra/v6_0_9/openfibertargets_nov2020_6a/spec-104657-59874-27021597939676357.fits exists, skipping...
spectrum /n/holyscratch01/conroy_lab/vchandra/sdss5/spectra/v6_0_9/openfibertargets_nov2020_6a/spec-104660-59879-27021597934430660.fits exists, skipping...
spectrum /n/holyscratch01/conroy_lab/vchandra/sdss5/spectra/v6_0_9/openfibertargets_nov2020_6a/spec-104660-59879-27021597934431387.fits exists, skipping...
spectrum /n/holyscratch01/conroy_lab/vchandra/sdss5/spectra/v6_0_9/openfibertargets_nov2020_6a/spec-104661-59905-27021597933218678.fits exists, skipping...
spectrum /n/holyscratch01/conroy_lab/vchandra/sdss5/spectra/v6_0_9/openfibertargets_nov2020_6a/spec-104666-59928-27021597933586438.fits exists, skipping...
spectrum /n/holyscratch01/conroy_lab/vchandra/sdss5/spectra/v6_0_9/openfibertargets_nov2020_6a/spec-104666-59930-27021597933586438.fits exists, skipping...
Total took 2.1s
