spectro redux directory already exists
There are 10433 spectra from 13 cartons
['mwm_halo_bb_boss', 'mwm_halo_sm_boss', 'openfibertargets_nov2020_5', 'openfibertargets_nov2020_6a', 'openfibertargets_nov2020_6b', 'openfibertargets_nov2020_6c', 'openfibertargets_nov2020_25', 'openfibertargets_nov2020_28a', 'openfibertargets_nov2020_28b', 'openfibertargets_nov2020_28c', 'openfibertargets_nov2020_35a', 'openfibertargets_nov2020_35b', 'openfibertargets_nov2020_35c']
6
openfibertargets_nov2020_25
downloading openfibertargets_nov2020_25 carton: 3210 spectra
0 done...
100 done...
200 done...
300 done...
400 done...
500 done...
600 done...
700 done...
800 done...
900 done...
1000 done...
1100 done...
1200 done...
1300 done...
1400 done...
1500 done...
1600 done...
1700 done...
1800 done...
1900 done...
2000 done...
2100 done...
2200 done...
2300 done...
2400 done...
2500 done...
2600 done...
2700 done...
2800 done...
2900 done...
3000 done...
3100 done...
3200 done...
Total took 4530.2s
